2022-11-02 06:40:58 startup archives unpack
2022-11-02 06:40:59 upgrade libssl3:arm64 3.0.2-0ubuntu1.6 3.0.2-0ubuntu1.7
2022-11-02 06:40:59 status triggers-pending libc-bin:arm64 2.35-0ubuntu3.1
2022-11-02 06:40:59 status half-configured libssl3:arm64 3.0.2-0ubuntu1.6
2022-11-02 06:40:59 status unpacked libssl3:arm64 3.0.2-0ubuntu1.6
2022-11-02 06:40:59 status half-installed libssl3:arm64 3.0.2-0ubuntu1.6
2022-11-02 06:41:00 status unpacked libssl3:arm64 3.0.2-0ubuntu1.7
2022-11-02 06:41:01 startup packages configure
2022-11-02 06:41:01 configure libssl3:arm64 3.0.2-0ubuntu1.7 <none>
2022-11-02 06:41:01 status unpacked libssl3:arm64 3.0.2-0ubuntu1.7
2022-11-02 06:41:01 status half-configured libssl3:arm64 3.0.2-0ubuntu1.7
2022-11-02 06:41:01 status installed libssl3:arm64 3.0.2-0ubuntu1.7
2022-11-02 06:41:02 startup packages configure
2022-11-02 06:41:02 trigproc libc-bin:arm64 2.35-0ubuntu3.1 <none>
2022-11-02 06:41:02 status half-configured libc-bin:arm64 2.35-0ubuntu3.1
2022-11-02 06:41:02 status installed libc-bin:arm64 2.35-0ubuntu3.1
2022-11-02 06:41:22 startup archives unpack
2022-11-02 06:41:23 upgrade openssl:arm64 3.0.2-0ubuntu1.6 3.0.2-0ubuntu1.7
2022-11-02 06:41:23 status half-configured openssl:arm64 3.0.2-0ubuntu1.6
2022-11-02 06:41:23 status unpacked openssl:arm64 3.0.2-0ubuntu1.6
2022-11-02 06:41:23 status half-installed openssl:arm64 3.0.2-0ubuntu1.6
2022-11-02 06:41:23 status triggers-pending man-db:arm64 2.10.2-1
2022-11-02 06:41:23 status unpacked openssl:arm64 3.0.2-0ubuntu1.7
2022-11-02 06:41:24 startup packages configure
2022-11-02 06:41:24 configure openssl:arm64 3.0.2-0ubuntu1.7 <none>
2022-11-02 06:41:24 status unpacked openssl:arm64 3.0.2-0ubuntu1.7
2022-11-02 06:41:24 status half-configured openssl:arm64 3.0.2-0ubuntu1.7
2022-11-02 06:41:24 status installed openssl:arm64 3.0.2-0ubuntu1.7
2022-11-02 06:41:24 trigproc man-db:arm64 2.10.2-1 <none>
2022-11-02 06:41:24 status half-configured man-db:arm64 2.10.2-1
2022-11-02 06:41:25 status installed man-db:arm64 2.10.2-1
2022-11-03 06:00:36 startup archives unpack
2022-11-03 06:00:36 upgrade ntfs-3g:arm64 1:2021.8.22-3ubuntu1.1 1:2021.8.22-3ubuntu1.2
2022-11-03 06:00:36 status triggers-pending initramfs-tools:all 0.140ubuntu13
2022-11-03 06:00:36 status half-configured ntfs-3g:arm64 1:2021.8.22-3ubuntu1.1
2022-11-03 06:00:36 status unpacked ntfs-3g:arm64 1:2021.8.22-3ubuntu1.1
2022-11-03 06:00:36 status half-installed ntfs-3g:arm64 1:2021.8.22-3ubuntu1.1
2022-11-03 06:00:36 status triggers-pending man-db:arm64 2.10.2-1
2022-11-03 06:00:36 status unpacked ntfs-3g:arm64 1:2021.8.22-3ubuntu1.2
2022-11-03 06:00:37 upgrade libntfs-3g89:arm64 1:2021.8.22-3ubuntu1.1 1:2021.8.22-3ubuntu1.2
2022-11-03 06:00:37 status triggers-pending libc-bin:arm64 2.35-0ubuntu3.1
2022-11-03 06:00:37 status half-configured libntfs-3g89:arm64 1:2021.8.22-3ubuntu1.1
2022-11-03 06:00:37 status unpacked libntfs-3g89:arm64 1:2021.8.22-3ubuntu1.1
2022-11-03 06:00:37 status half-installed libntfs-3g89:arm64 1:2021.8.22-3ubuntu1.1
2022-11-03 06:00:37 status unpacked libntfs-3g89:arm64 1:2021.8.22-3ubuntu1.2
2022-11-03 06:00:37 startup packages configure
2022-11-03 06:00:37 configure libntfs-3g89:arm64 1:2021.8.22-3ubuntu1.2 <none>
2022-11-03 06:00:37 status unpacked libntfs-3g89:arm64 1:2021.8.22-3ubuntu1.2
2022-11-03 06:00:37 status half-configured libntfs-3g89:arm64 1:2021.8.22-3ubuntu1.2
2022-11-03 06:00:37 status installed libntfs-3g89:arm64 1:2021.8.22-3ubuntu1.2
2022-11-03 06:00:37 configure ntfs-3g:arm64 1:2021.8.22-3ubuntu1.2 <none>
2022-11-03 06:00:37 status unpacked ntfs-3g:arm64 1:2021.8.22-3ubuntu1.2
2022-11-03 06:00:37 status half-configured ntfs-3g:arm64 1:2021.8.22-3ubuntu1.2
2022-11-03 06:00:37 status installed ntfs-3g:arm64 1:2021.8.22-3ubuntu1.2
2022-11-03 06:00:37 trigproc libc-bin:arm64 2.35-0ubuntu3.1 <none>
2022-11-03 06:00:37 status half-configured libc-bin:arm64 2.35-0ubuntu3.1
2022-11-03 06:00:38 status installed libc-bin:arm64 2.35-0ubuntu3.1
2022-11-03 06:00:38 trigproc man-db:arm64 2.10.2-1 <none>
2022-11-03 06:00:38 status half-configured man-db:arm64 2.10.2-1
2022-11-03 06:00:38 status installed man-db:arm64 2.10.2-1
2022-11-03 06:00:38 trigproc initramfs-tools:all 0.140ubuntu13 <none>
2022-11-03 06:00:38 status half-configured initramfs-tools:all 0.140ubuntu13
2022-11-03 06:01:25 status installed initramfs-tools:all 0.140ubuntu13
2022-11-04 06:27:35 startup archives unpack
2022-11-04 06:27:35 upgrade python3.10-venv:arm64 3.10.6-1~22.04 3.10.6-1~22.04.1
2022-11-04 06:27:35 status half-configured python3.10-venv:arm64 3.10.6-1~22.04
2022-11-04 06:27:36 status unpacked python3.10-venv:arm64 3.10.6-1~22.04
2022-11-04 06:27:36 status half-installed python3.10-venv:arm64 3.10.6-1~22.04
2022-11-04 06:27:36 status unpacked python3.10-venv:arm64 3.10.6-1~22.04.1
2022-11-04 06:27:36 upgrade python3.10-dev:arm64 3.10.6-1~22.04 3.10.6-1~22.04.1
2022-11-04 06:27:36 status half-configured python3.10-dev:arm64 3.10.6-1~22.04
2022-11-04 06:27:36 status unpacked python3.10-dev:arm64 3.10.6-1~22.04
2022-11-04 06:27:36 status half-installed python3.10-dev:arm64 3.10.6-1~22.04
2022-11-04 06:27:36 status triggers-pending man-db:arm64 2.10.2-1
2022-11-04 06:27:36 status unpacked python3.10-dev:arm64 3.10.6-1~22.04.1
2022-11-04 06:27:37 upgrade libpython3.10-dev:arm64 3.10.6-1~22.04 3.10.6-1~22.04.1
2022-11-04 06:27:37 status half-configured libpython3.10-dev:arm64 3.10.6-1~22.04
2022-11-04 06:27:37 status unpacked libpython3.10-dev:arm64 3.10.6-1~22.04
2022-11-04 06:27:37 status half-installed libpython3.10-dev:arm64 3.10.6-1~22.04
2022-11-04 06:27:38 status unpacked libpython3.10-dev:arm64 3.10.6-1~22.04.1
2022-11-04 06:27:38 upgrade libpython3.10:arm64 3.10.6-1~22.04 3.10.6-1~22.04.1
2022-11-04 06:27:38 status triggers-pending libc-bin:arm64 2.35-0ubuntu3.1
2022-11-04 06:27:38 status half-configured libpython3.10:arm64 3.10.6-1~22.04
2022-11-04 06:27:38 status unpacked libpython3.10:arm64 3.10.6-1~22.04
2022-11-04 06:27:38 status half-installed libpython3.10:arm64 3.10.6-1~22.04
2022-11-04 06:27:38 status unpacked libpython3.10:arm64 3.10.6-1~22.04.1
2022-11-04 06:27:39 upgrade python3.10:arm64 3.10.6-1~22.04 3.10.6-1~22.04.1
2022-11-04 06:27:39 status half-configured python3.10:arm64 3.10.6-1~22.04
2022-11-04 06:27:39 status unpacked python3.10:arm64 3.10.6-1~22.04
2022-11-04 06:27:39 status half-installed python3.10:arm64 3.10.6-1~22.04
2022-11-04 06:27:39 status triggers-pending mailcap:all 3.70+nmu1ubuntu1
2022-11-04 06:27:39 status triggers-pending gnome-menus:arm64 3.36.0-1ubuntu3
2022-11-04 06:27:39 status triggers-pending desktop-file-utils:arm64 0.26-1ubuntu3
2022-11-04 06:27:40 status unpacked python3.10:arm64 3.10.6-1~22.04.1
2022-11-04 06:27:41 upgrade python3.10-minimal:arm64 3.10.6-1~22.04 3.10.6-1~22.04.1
2022-11-04 06:27:41 status half-configured python3.10-minimal:arm64 3.10.6-1~22.04
2022-11-04 06:27:41 status unpacked python3.10-minimal:arm64 3.10.6-1~22.04
2022-11-04 06:27:41 status half-installed python3.10-minimal:arm64 3.10.6-1~22.04
2022-11-04 06:27:42 status unpacked python3.10-minimal:arm64 3.10.6-1~22.04.1
2022-11-04 06:27:42 upgrade libpython3.10-stdlib:arm64 3.10.6-1~22.04 3.10.6-1~22.04.1
2022-11-04 06:27:42 status half-configured libpython3.10-stdlib:arm64 3.10.6-1~22.04
2022-11-04 06:27:42 status unpacked libpython3.10-stdlib:arm64 3.10.6-1~22.04
2022-11-04 06:27:42 status half-installed libpython3.10-stdlib:arm64 3.10.6-1~22.04
2022-11-04 06:27:43 status unpacked libpython3.10-stdlib:arm64 3.10.6-1~22.04.1
2022-11-04 06:27:43 upgrade libpython3.10-minimal:arm64 3.10.6-1~22.04 3.10.6-1~22.04.1
2022-11-04 06:27:43 status half-configured libpython3.10-minimal:arm64 3.10.6-1~22.04
2022-11-04 06:27:44 status unpacked libpython3.10-minimal:arm64 3.10.6-1~22.04
2022-11-04 06:27:44 status half-installed libpython3.10-minimal:arm64 3.10.6-1~22.04
2022-11-04 06:27:45 status unpacked libpython3.10-minimal:arm64 3.10.6-1~22.04.1
2022-11-04 06:27:46 startup packages configure
2022-11-04 06:27:46 configure libpython3.10-minimal:arm64 3.10.6-1~22.04.1 <none>
2022-11-04 06:27:46 status unpacked libpython3.10-minimal:arm64 3.10.6-1~22.04.1
2022-11-04 06:27:46 status half-configured libpython3.10-minimal:arm64 3.10.6-1~22.04.1
2022-11-04 06:27:46 status installed libpython3.10-minimal:arm64 3.10.6-1~22.04.1
2022-11-04 06:27:46 configure python3.10-minimal:arm64 3.10.6-1~22.04.1 <none>
2022-11-04 06:27:46 status unpacked python3.10-minimal:arm64 3.10.6-1~22.04.1
2022-11-04 06:27:46 status half-configured python3.10-minimal:arm64 3.10.6-1~22.04.1
2022-11-04 06:27:48 status installed python3.10-minimal:arm64 3.10.6-1~22.04.1
2022-11-04 06:27:48 configure libpython3.10-stdlib:arm64 3.10.6-1~22.04.1 <none>
2022-11-04 06:27:48 status unpacked libpython3.10-stdlib:arm64 3.10.6-1~22.04.1
2022-11-04 06:27:48 status half-configured libpython3.10-stdlib:arm64 3.10.6-1~22.04.1
2022-11-04 06:27:48 status installed libpython3.10-stdlib:arm64 3.10.6-1~22.04.1
2022-11-04 06:27:48 configure libpython3.10:arm64 3.10.6-1~22.04.1 <none>
2022-11-04 06:27:48 status unpacked libpython3.10:arm64 3.10.6-1~22.04.1
2022-11-04 06:27:49 status half-configured libpython3.10:arm64 3.10.6-1~22.04.1
2022-11-04 06:27:49 status installed libpython3.10:arm64 3.10.6-1~22.04.1
2022-11-04 06:27:49 configure python3.10:arm64 3.10.6-1~22.04.1 <none>
2022-11-04 06:27:49 status unpacked python3.10:arm64 3.10.6-1~22.04.1
2022-11-04 06:27:49 status half-configured python3.10:arm64 3.10.6-1~22.04.1
2022-11-04 06:27:51 status installed python3.10:arm64 3.10.6-1~22.04.1
2022-11-04 06:27:51 configure libpython3.10-dev:arm64 3.10.6-1~22.04.1 <none>
2022-11-04 06:27:51 status unpacked libpython3.10-dev:arm64 3.10.6-1~22.04.1
2022-11-04 06:27:51 status half-configured libpython3.10-dev:arm64 3.10.6-1~22.04.1
2022-11-04 06:27:51 status installed libpython3.10-dev:arm64 3.10.6-1~22.04.1
2022-11-04 06:27:51 configure python3.10-dev:arm64 3.10.6-1~22.04.1 <none>
2022-11-04 06:27:51 status unpacked python3.10-dev:arm64 3.10.6-1~22.04.1
2022-11-04 06:27:51 status half-configured python3.10-dev:arm64 3.10.6-1~22.04.1
2022-11-04 06:27:51 status installed python3.10-dev:arm64 3.10.6-1~22.04.1
2022-11-04 06:27:51 configure python3.10-venv:arm64 3.10.6-1~22.04.1 <none>
2022-11-04 06:27:51 status unpacked python3.10-venv:arm64 3.10.6-1~22.04.1
2022-11-04 06:27:51 status half-configured python3.10-venv:arm64 3.10.6-1~22.04.1
2022-11-04 06:27:51 status installed python3.10-venv:arm64 3.10.6-1~22.04.1
2022-11-04 06:27:51 trigproc libc-bin:arm64 2.35-0ubuntu3.1 <none>
2022-11-04 06:27:51 status half-configured libc-bin:arm64 2.35-0ubuntu3.1
2022-11-04 06:27:52 status installed libc-bin:arm64 2.35-0ubuntu3.1
2022-11-04 06:27:52 trigproc man-db:arm64 2.10.2-1 <none>
2022-11-04 06:27:52 status half-configured man-db:arm64 2.10.2-1
2022-11-04 06:27:53 status installed man-db:arm64 2.10.2-1
2022-11-04 06:27:53 trigproc mailcap:all 3.70+nmu1ubuntu1 <none>
2022-11-04 06:27:53 status half-configured mailcap:all 3.70+nmu1ubuntu1
2022-11-04 06:27:53 status installed mailcap:all 3.70+nmu1ubuntu1
2022-11-04 06:27:53 trigproc desktop-file-utils:arm64 0.26-1ubuntu3 <none>
2022-11-04 06:27:53 status half-configured desktop-file-utils:arm64 0.26-1ubuntu3
2022-11-04 06:27:53 status installed desktop-file-utils:arm64 0.26-1ubuntu3
2022-11-04 06:27:53 trigproc gnome-menus:arm64 3.36.0-1ubuntu3 <none>
2022-11-04 06:27:53 status half-configured gnome-menus:arm64 3.36.0-1ubuntu3
2022-11-04 06:27:53 status installed gnome-menus:arm64 3.36.0-1ubuntu3
2022-11-04 06:28:12 startup archives unpack
2022-11-04 06:28:12 upgrade tzdata:all 2022e-0ubuntu0.22.04.0 2022f-0ubuntu0.22.04.0
2022-11-04 06:28:12 status half-configured tzdata:all 2022e-0ubuntu0.22.04.0
2022-11-04 06:28:12 status unpacked tzdata:all 2022e-0ubuntu0.22.04.0
2022-11-04 06:28:12 status half-installed tzdata:all 2022e-0ubuntu0.22.04.0
2022-11-04 06:28:14 status unpacked tzdata:all 2022f-0ubuntu0.22.04.0
2022-11-04 06:28:14 startup packages configure
2022-11-04 06:28:14 configure tzdata:all 2022f-0ubuntu0.22.04.0 <none>
2022-11-04 06:28:14 status unpacked tzdata:all 2022f-0ubuntu0.22.04.0
2022-11-04 06:28:14 status half-configured tzdata:all 2022f-0ubuntu0.22.04.0
2022-11-04 06:28:15 status installed tzdata:all 2022f-0ubuntu0.22.04.0
2022-11-08 06:29:57 startup archives unpack
2022-11-08 06:29:58 upgrade libtiff5:arm64 4.3.0-6ubuntu0.1 4.3.0-6ubuntu0.2
2022-11-08 06:29:58 status triggers-pending libc-bin:arm64 2.35-0ubuntu3.1
2022-11-08 06:29:58 status half-configured libtiff5:arm64 4.3.0-6ubuntu0.1
2022-11-08 06:29:58 status unpacked libtiff5:arm64 4.3.0-6ubuntu0.1
2022-11-08 06:29:58 status half-installed libtiff5:arm64 4.3.0-6ubuntu0.1
2022-11-08 06:29:58 status unpacked libtiff5:arm64 4.3.0-6ubuntu0.2
2022-11-08 06:29:58 startup packages configure
2022-11-08 06:29:58 configure libtiff5:arm64 4.3.0-6ubuntu0.2 <none>
2022-11-08 06:29:58 status unpacked libtiff5:arm64 4.3.0-6ubuntu0.2
2022-11-08 06:29:58 status half-configured libtiff5:arm64 4.3.0-6ubuntu0.2
2022-11-08 06:29:58 status installed libtiff5:arm64 4.3.0-6ubuntu0.2
2022-11-08 06:29:58 trigproc libc-bin:arm64 2.35-0ubuntu3.1 <none>
2022-11-08 06:29:58 status half-configured libc-bin:arm64 2.35-0ubuntu3.1
2022-11-08 06:29:58 status installed libc-bin:arm64 2.35-0ubuntu3.1
2022-11-08 06:30:17 startup archives unpack
2022-11-08 06:30:17 upgrade libsqlite3-0:arm64 3.37.2-2 3.37.2-2ubuntu0.1
2022-11-08 06:30:17 status triggers-pending libc-bin:arm64 2.35-0ubuntu3.1
2022-11-08 06:30:17 status half-configured libsqlite3-0:arm64 3.37.2-2
2022-11-08 06:30:17 status unpacked libsqlite3-0:arm64 3.37.2-2
2022-11-08 06:30:17 status half-installed libsqlite3-0:arm64 3.37.2-2
2022-11-08 06:30:17 status unpacked libsqlite3-0:arm64 3.37.2-2ubuntu0.1
2022-11-08 06:30:18 startup packages configure
2022-11-08 06:30:18 configure libsqlite3-0:arm64 3.37.2-2ubuntu0.1 <none>
2022-11-08 06:30:18 status unpacked libsqlite3-0:arm64 3.37.2-2ubuntu0.1
2022-11-08 06:30:18 status half-configured libsqlite3-0:arm64 3.37.2-2ubuntu0.1
2022-11-08 06:30:18 status installed libsqlite3-0:arm64 3.37.2-2ubuntu0.1
2022-11-08 06:30:18 trigproc libc-bin:arm64 2.35-0ubuntu3.1 <none>
2022-11-08 06:30:18 status half-configured libc-bin:arm64 2.35-0ubuntu3.1
2022-11-08 06:30:18 status installed libc-bin:arm64 2.35-0ubuntu3.1
2022-11-09 06:30:09 startup archives unpack
2022-11-09 06:30:10 upgrade libpixman-1-0:arm64 0.40.0-1build4 0.40.0-1ubuntu0.22.04.1
2022-11-09 06:30:10 status triggers-pending libc-bin:arm64 2.35-0ubuntu3.1
2022-11-09 06:30:10 status half-configured libpixman-1-0:arm64 0.40.0-1build4
2022-11-09 06:30:10 status unpacked libpixman-1-0:arm64 0.40.0-1build4
2022-11-09 06:30:10 status half-installed libpixman-1-0:arm64 0.40.0-1build4
2022-11-09 06:30:10 status unpacked libpixman-1-0:arm64 0.40.0-1ubuntu0.22.04.1
2022-11-09 06:30:10 startup packages configure
2022-11-09 06:30:10 configure libpixman-1-0:arm64 0.40.0-1ubuntu0.22.04.1 <none>
2022-11-09 06:30:10 status unpacked libpixman-1-0:arm64 0.40.0-1ubuntu0.22.04.1
2022-11-09 06:30:10 status half-configured libpixman-1-0:arm64 0.40.0-1ubuntu0.22.04.1
2022-11-09 06:30:10 status installed libpixman-1-0:arm64 0.40.0-1ubuntu0.22.04.1
2022-11-09 06:30:10 trigproc libc-bin:arm64 2.35-0ubuntu3.1 <none>
2022-11-09 06:30:10 status half-configured libc-bin:arm64 2.35-0ubuntu3.1
2022-11-09 06:30:11 status installed libc-bin:arm64 2.35-0ubuntu3.1
2022-11-12 19:50:25 startup archives unpack
2022-11-12 19:50:26 upgrade distro-info-data:all 0.52ubuntu0.1 0.52ubuntu0.2
2022-11-12 19:50:26 status half-configured distro-info-data:all 0.52ubuntu0.1
2022-11-12 19:50:26 status unpacked distro-info-data:all 0.52ubuntu0.1
2022-11-12 19:50:26 status half-installed distro-info-data:all 0.52ubuntu0.1
2022-11-12 19:50:27 status unpacked distro-info-data:all 0.52ubuntu0.2
2022-11-12 19:50:29 upgrade ubuntu-advantage-tools:arm64 27.11.2~22.04.1 27.11.3~22.04.1
2022-11-12 19:50:29 status half-configured ubuntu-advantage-tools:arm64 27.11.2~22.04.1
2022-11-12 19:50:32 status unpacked ubuntu-advantage-tools:arm64 27.11.2~22.04.1
2022-11-12 19:50:32 status half-installed ubuntu-advantage-tools:arm64 27.11.2~22.04.1
2022-11-12 19:50:35 status triggers-pending man-db:arm64 2.10.2-1
2022-11-12 19:50:38 status unpacked ubuntu-advantage-tools:arm64 27.11.3~22.04.1
2022-11-12 19:50:38 upgrade mutter-common:all 42.2-0ubuntu1 42.5-0ubuntu1
2022-11-12 19:50:38 status half-configured mutter-common:all 42.2-0ubuntu1
2022-11-12 19:50:38 status unpacked mutter-common:all 42.2-0ubuntu1
2022-11-12 19:50:38 status half-installed mutter-common:all 42.2-0ubuntu1
2022-11-12 19:50:38 status triggers-pending libglib2.0-0:arm64 2.72.1-1
2022-11-12 19:50:38 status unpacked mutter-common:all 42.5-0ubuntu1
2022-11-12 19:50:38 upgrade gir1.2-mutter-10:arm64 42.2-0ubuntu1 42.5-0ubuntu1
2022-11-12 19:50:38 status half-configured gir1.2-mutter-10:arm64 42.2-0ubuntu1
2022-11-12 19:50:38 status unpacked gir1.2-mutter-10:arm64 42.2-0ubuntu1
2022-11-12 19:50:38 status half-installed gir1.2-mutter-10:arm64 42.2-0ubuntu1
2022-11-12 19:50:38 status unpacked gir1.2-mutter-10:arm64 42.5-0ubuntu1
2022-11-12 19:50:39 upgrade libmutter-10-0:arm64 42.2-0ubuntu1 42.5-0ubuntu1
2022-11-12 19:50:39 status triggers-pending libc-bin:arm64 2.35-0ubuntu3.1
2022-11-12 19:50:39 status half-configured libmutter-10-0:arm64 42.2-0ubuntu1
2022-11-12 19:50:39 status unpacked libmutter-10-0:arm64 42.2-0ubuntu1
2022-11-12 19:50:39 status half-installed libmutter-10-0:arm64 42.2-0ubuntu1
2022-11-12 19:50:39 status unpacked libmutter-10-0:arm64 42.5-0ubuntu1
2022-11-12 19:50:39 upgrade gnome-shell:arm64 42.4-0ubuntu0.22.04.1 42.5-0ubuntu1
2022-11-12 19:50:39 status half-configured gnome-shell:arm64 42.4-0ubuntu0.22.04.1
2022-11-12 19:50:39 status unpacked gnome-shell:arm64 42.4-0ubuntu0.22.04.1
2022-11-12 19:50:39 status half-installed gnome-shell:arm64 42.4-0ubuntu0.22.04.1
2022-11-12 19:50:39 status triggers-pending mailcap:all 3.70+nmu1ubuntu1
2022-11-12 19:50:39 status triggers-pending gnome-menus:arm64 3.36.0-1ubuntu3
2022-11-12 19:50:39 status triggers-pending desktop-file-utils:arm64 0.26-1ubuntu3
2022-11-12 19:50:40 status unpacked gnome-shell:arm64 42.5-0ubuntu1
2022-11-12 19:50:40 upgrade gnome-shell-common:all 42.4-0ubuntu0.22.04.1 42.5-0ubuntu1
2022-11-12 19:50:40 status half-configured gnome-shell-common:all 42.4-0ubuntu0.22.04.1
2022-11-12 19:50:40 status unpacked gnome-shell-common:all 42.4-0ubuntu0.22.04.1
2022-11-12 19:50:40 status half-installed gnome-shell-common:all 42.4-0ubuntu0.22.04.1
2022-11-12 19:50:40 status triggers-pending hicolor-icon-theme:all 0.17-2
2022-11-12 19:50:40 status unpacked gnome-shell-common:all 42.5-0ubuntu1
2022-11-12 19:50:41 upgrade libfprint-2-2:arm64 1:1.94.3+tod1-0ubuntu2~22.04.01 1:1.94.3+tod1-0ubuntu2~22.04.02
2022-11-12 19:50:41 status half-configured libfprint-2-2:arm64 1:1.94.3+tod1-0ubuntu2~22.04.01
2022-11-12 19:50:41 status unpacked libfprint-2-2:arm64 1:1.94.3+tod1-0ubuntu2~22.04.01
2022-11-12 19:50:41 status half-installed libfprint-2-2:arm64 1:1.94.3+tod1-0ubuntu2~22.04.01
2022-11-12 19:50:41 status triggers-pending udev:arm64 249.11-0ubuntu3.6
2022-11-12 19:50:41 status unpacked libfprint-2-2:arm64 1:1.94.3+tod1-0ubuntu2~22.04.02
2022-11-12 19:50:41 startup packages configure
2022-11-12 19:50:41 configure distro-info-data:all 0.52ubuntu0.2 <none>
2022-11-12 19:50:41 status unpacked distro-info-data:all 0.52ubuntu0.2
2022-11-12 19:50:41 status half-configured distro-info-data:all 0.52ubuntu0.2
2022-11-12 19:50:41 status installed distro-info-data:all 0.52ubuntu0.2
2022-11-12 19:50:41 configure gnome-shell-common:all 42.5-0ubuntu1 <none>
2022-11-12 19:50:41 status unpacked gnome-shell-common:all 42.5-0ubuntu1
2022-11-12 19:50:42 status half-configured gnome-shell-common:all 42.5-0ubuntu1
2022-11-12 19:50:42 status triggers-awaited gnome-shell-common:all 42.5-0ubuntu1
2022-11-12 19:50:42 configure mutter-common:all 42.5-0ubuntu1 <none>
2022-11-12 19:50:42 status unpacked mutter-common:all 42.5-0ubuntu1
2022-11-12 19:50:42 status half-configured mutter-common:all 42.5-0ubuntu1
2022-11-12 19:50:42 status triggers-awaited mutter-common:all 42.5-0ubuntu1
2022-11-12 19:50:42 configure ubuntu-advantage-tools:arm64 27.11.3~22.04.1 <none>
2022-11-12 19:50:42 status unpacked ubuntu-advantage-tools:arm64 27.11.3~22.04.1
2022-11-12 19:50:42 status half-configured ubuntu-advantage-tools:arm64 27.11.3~22.04.1
2022-11-12 19:50:51 status installed ubuntu-advantage-tools:arm64 27.11.3~22.04.1
2022-11-12 19:50:51 configure libfprint-2-2:arm64 1:1.94.3+tod1-0ubuntu2~22.04.02 <none>
2022-11-12 19:50:51 status unpacked libfprint-2-2:arm64 1:1.94.3+tod1-0ubuntu2~22.04.02
2022-11-12 19:50:51 status half-configured libfprint-2-2:arm64 1:1.94.3+tod1-0ubuntu2~22.04.02
2022-11-12 19:52:47 status installed libfprint-2-2:arm64 1:1.94.3+tod1-0ubuntu2~22.04.02
2022-11-12 19:52:47 trigproc mailcap:all 3.70+nmu1ubuntu1 <none>
2022-11-12 19:52:47 status half-configured mailcap:all 3.70+nmu1ubuntu1
2022-11-12 19:52:48 status installed mailcap:all 3.70+nmu1ubuntu1
2022-11-12 19:52:48 trigproc desktop-file-utils:arm64 0.26-1ubuntu3 <none>
2022-11-12 19:52:48 status half-configured desktop-file-utils:arm64 0.26-1ubuntu3
2022-11-12 19:52:48 status installed desktop-file-utils:arm64 0.26-1ubuntu3
2022-11-12 19:52:48 trigproc hicolor-icon-theme:all 0.17-2 <none>
2022-11-12 19:52:48 status half-configured hicolor-icon-theme:all 0.17-2
2022-11-12 19:52:48 status installed hicolor-icon-theme:all 0.17-2
2022-11-12 19:52:48 trigproc gnome-menus:arm64 3.36.0-1ubuntu3 <none>
2022-11-12 19:52:48 status half-configured gnome-menus:arm64 3.36.0-1ubuntu3
2022-11-12 19:52:48 status installed gnome-menus:arm64 3.36.0-1ubuntu3
2022-11-12 19:52:48 trigproc libglib2.0-0:arm64 2.72.1-1 <none>
2022-11-12 19:52:48 status half-configured libglib2.0-0:arm64 2.72.1-1
2022-11-12 19:52:48 status installed mutter-common:all 42.5-0ubuntu1
2022-11-12 19:52:48 status installed gnome-shell-common:all 42.5-0ubuntu1
2022-11-12 19:52:48 status installed libglib2.0-0:arm64 2.72.1-1
2022-11-12 19:52:48 trigproc libc-bin:arm64 2.35-0ubuntu3.1 <none>
2022-11-12 19:52:48 status half-configured libc-bin:arm64 2.35-0ubuntu3.1
2022-11-12 19:52:48 status installed libc-bin:arm64 2.35-0ubuntu3.1
2022-11-12 19:52:48 trigproc man-db:arm64 2.10.2-1 <none>
2022-11-12 19:52:48 status half-configured man-db:arm64 2.10.2-1
2022-11-12 19:52:49 status installed man-db:arm64 2.10.2-1
2022-11-12 19:52:49 trigproc udev:arm64 249.11-0ubuntu3.6 <none>
2022-11-12 19:52:49 status half-configured udev:arm64 249.11-0ubuntu3.6
2022-11-12 19:52:51 status installed udev:arm64 249.11-0ubuntu3.6
2022-11-12 19:52:51 configure libmutter-10-0:arm64 42.5-0ubuntu1 <none>
2022-11-12 19:52:51 status triggers-pending libc-bin:arm64 2.35-0ubuntu3.1
2022-11-12 19:52:51 status unpacked libmutter-10-0:arm64 42.5-0ubuntu1
2022-11-12 19:52:51 status half-configured libmutter-10-0:arm64 42.5-0ubuntu1
2022-11-12 19:52:51 status installed libmutter-10-0:arm64 42.5-0ubuntu1
2022-11-12 19:52:51 configure gir1.2-mutter-10:arm64 42.5-0ubuntu1 <none>
2022-11-12 19:52:51 status unpacked gir1.2-mutter-10:arm64 42.5-0ubuntu1
2022-11-12 19:52:51 status half-configured gir1.2-mutter-10:arm64 42.5-0ubuntu1
2022-11-12 19:52:51 status installed gir1.2-mutter-10:arm64 42.5-0ubuntu1
2022-11-12 19:52:51 configure gnome-shell:arm64 42.5-0ubuntu1 <none>
2022-11-12 19:52:51 status unpacked gnome-shell:arm64 42.5-0ubuntu1
2022-11-12 19:52:51 status half-configured gnome-shell:arm64 42.5-0ubuntu1
2022-11-12 19:52:51 status installed gnome-shell:arm64 42.5-0ubuntu1
2022-11-12 19:52:51 trigproc libc-bin:arm64 2.35-0ubuntu3.1 <none>
2022-11-12 19:52:51 status half-configured libc-bin:arm64 2.35-0ubuntu3.1
2022-11-12 19:52:51 status installed libc-bin:arm64 2.35-0ubuntu3.1
2022-11-15 10:36:14 startup archives unpack
2022-11-15 10:36:15 upgrade linux-libc-dev:arm64 5.15.0-52.58 5.15.0-53.59
2022-11-15 10:36:15 status half-configured linux-libc-dev:arm64 5.15.0-52.58
2022-11-15 10:36:15 status unpacked linux-libc-dev:arm64 5.15.0-52.58
2022-11-15 10:36:15 status half-installed linux-libc-dev:arm64 5.15.0-52.58
2022-11-15 10:36:17 status unpacked linux-libc-dev:arm64 5.15.0-53.59
2022-11-15 10:36:17 startup packages configure
2022-11-15 10:36:17 configure linux-libc-dev:arm64 5.15.0-53.59 <none>
2022-11-15 10:36:17 status unpacked linux-libc-dev:arm64 5.15.0-53.59
2022-11-15 10:36:17 status half-configured linux-libc-dev:arm64 5.15.0-53.59
2022-11-15 10:36:17 status installed linux-libc-dev:arm64 5.15.0-53.59
2022-11-15 11:48:38 startup archives unpack
2022-11-15 11:48:39 upgrade tzdata:all 2022f-0ubuntu0.22.04.0 2022f-0ubuntu0.22.04.1
2022-11-15 11:48:39 status half-configured tzdata:all 2022f-0ubuntu0.22.04.0
2022-11-15 11:48:39 status unpacked tzdata:all 2022f-0ubuntu0.22.04.0
2022-11-15 11:48:39 status half-installed tzdata:all 2022f-0ubuntu0.22.04.0
2022-11-15 11:48:41 status unpacked tzdata:all 2022f-0ubuntu0.22.04.1
2022-11-15 11:48:42 upgrade fonts-opensymbol:all 2:102.12+LibO7.3.6-0ubuntu0.22.04.2 2:102.12+LibO7.3.7-0ubuntu0.22.04.1
2022-11-15 11:48:42 status half-configured fonts-opensymbol:all 2:102.12+LibO7.3.6-0ubuntu0.22.04.2
2022-11-15 11:48:42 status unpacked fonts-opensymbol:all 2:102.12+LibO7.3.6-0ubuntu0.22.04.2
2022-11-15 11:48:42 status half-installed fonts-opensymbol:all 2:102.12+LibO7.3.6-0ubuntu0.22.04.2
2022-11-15 11:48:42 status triggers-pending fontconfig:arm64 2.13.1-4.2ubuntu5
2022-11-15 11:48:42 status unpacked fonts-opensymbol:all 2:102.12+LibO7.3.7-0ubuntu0.22.04.1
2022-11-15 11:48:43 startup packages configure
2022-11-15 11:48:43 configure tzdata:all 2022f-0ubuntu0.22.04.1 <none>
2022-11-15 11:48:43 status unpacked tzdata:all 2022f-0ubuntu0.22.04.1
2022-11-15 11:48:43 status half-configured tzdata:all 2022f-0ubuntu0.22.04.1
2022-11-15 11:48:43 status installed tzdata:all 2022f-0ubuntu0.22.04.1
2022-11-15 11:48:44 configure fonts-opensymbol:all 2:102.12+LibO7.3.7-0ubuntu0.22.04.1 <none>
2022-11-15 11:48:44 status unpacked fonts-opensymbol:all 2:102.12+LibO7.3.7-0ubuntu0.22.04.1
2022-11-15 11:48:44 status half-configured fonts-opensymbol:all 2:102.12+LibO7.3.7-0ubuntu0.22.04.1
2022-11-15 11:48:44 status installed fonts-opensymbol:all 2:102.12+LibO7.3.7-0ubuntu0.22.04.1
2022-11-15 11:48:44 trigproc fontconfig:arm64 2.13.1-4.2ubuntu5 <none>
2022-11-15 11:48:44 status half-configured fontconfig:arm64 2.13.1-4.2ubuntu5
2022-11-15 11:48:44 status installed fontconfig:arm64 2.13.1-4.2ubuntu5
2022-11-15 11:49:11 startup packages remove
2022-11-15 11:49:11 status installed libflashrom1:arm64 1.2-5build1
2022-11-15 11:49:12 remove libflashrom1:arm64 1.2-5build1 <none>
2022-11-15 11:49:12 status triggers-pending libc-bin:arm64 2.35-0ubuntu3.1
2022-11-15 11:49:12 status half-configured libflashrom1:arm64 1.2-5build1
2022-11-15 11:49:12 status half-installed libflashrom1:arm64 1.2-5build1
2022-11-15 11:49:12 status config-files libflashrom1:arm64 1.2-5build1
2022-11-15 11:49:12 status not-installed libflashrom1:arm64 <none>
2022-11-15 11:49:12 status installed libftdi1-2:arm64 1.5-5build3
2022-11-15 11:49:12 remove libftdi1-2:arm64 1.5-5build3 <none>
2022-11-15 11:49:12 status half-configured libftdi1-2:arm64 1.5-5build3
2022-11-15 11:49:12 status half-installed libftdi1-2:arm64 1.5-5build3
2022-11-15 11:49:12 status config-files libftdi1-2:arm64 1.5-5build3
2022-11-15 11:49:12 status not-installed libftdi1-2:arm64 <none>
2022-11-15 11:49:13 startup packages configure
2022-11-15 11:49:13 trigproc libc-bin:arm64 2.35-0ubuntu3.1 <none>
2022-11-15 11:49:13 status half-configured libc-bin:arm64 2.35-0ubuntu3.1
2022-11-15 11:49:13 status installed libc-bin:arm64 2.35-0ubuntu3.1
2022-11-17 19:58:22 startup archives unpack
2022-11-17 19:58:23 upgrade libexpat1-dev:arm64 2.4.7-1 2.4.7-1ubuntu0.1
2022-11-17 19:58:23 status half-configured libexpat1-dev:arm64 2.4.7-1
2022-11-17 19:58:23 status unpacked libexpat1-dev:arm64 2.4.7-1
2022-11-17 19:58:23 status half-installed libexpat1-dev:arm64 2.4.7-1
2022-11-17 19:58:23 status unpacked libexpat1-dev:arm64 2.4.7-1ubuntu0.1
2022-11-17 19:58:24 upgrade libexpat1:arm64 2.4.7-1 2.4.7-1ubuntu0.1
2022-11-17 19:58:24 status triggers-pending libc-bin:arm64 2.35-0ubuntu3.1
2022-11-17 19:58:24 status half-configured libexpat1:arm64 2.4.7-1
2022-11-17 19:58:24 status unpacked libexpat1:arm64 2.4.7-1
2022-11-17 19:58:24 status half-installed libexpat1:arm64 2.4.7-1
2022-11-17 19:58:24 status unpacked libexpat1:arm64 2.4.7-1ubuntu0.1
2022-11-17 19:58:24 upgrade netplan.io:arm64 0.104-0ubuntu2.1 0.105-0ubuntu2~22.04.1
2022-11-17 19:58:24 status half-configured netplan.io:arm64 0.104-0ubuntu2.1
2022-11-17 19:58:24 status unpacked netplan.io:arm64 0.104-0ubuntu2.1
2022-11-17 19:58:24 status half-installed netplan.io:arm64 0.104-0ubuntu2.1
2022-11-17 19:58:24 status triggers-pending dbus:arm64 1.12.20-2ubuntu4.1
2022-11-17 19:58:24 status triggers-pending man-db:arm64 2.10.2-1
2022-11-17 19:58:24 status unpacked netplan.io:arm64 0.105-0ubuntu2~22.04.1
2022-11-17 19:58:25 upgrade libnetplan0:arm64 0.104-0ubuntu2.1 0.105-0ubuntu2~22.04.1
2022-11-17 19:58:25 status half-configured libnetplan0:arm64 0.104-0ubuntu2.1
2022-11-17 19:58:25 status unpacked libnetplan0:arm64 0.104-0ubuntu2.1
2022-11-17 19:58:25 status half-installed libnetplan0:arm64 0.104-0ubuntu2.1
2022-11-17 19:58:25 status unpacked libnetplan0:arm64 0.105-0ubuntu2~22.04.1
2022-11-17 19:58:25 upgrade containerd.io:arm64 1.6.9-1 1.6.10-1
2022-11-17 19:58:25 status half-configured containerd.io:arm64 1.6.9-1
2022-11-17 19:58:25 status unpacked containerd.io:arm64 1.6.9-1
2022-11-17 19:58:25 status half-installed containerd.io:arm64 1.6.9-1
2022-11-17 19:58:30 status unpacked containerd.io:arm64 1.6.10-1
2022-11-17 19:58:30 upgrade gir1.2-webkit2-4.0:arm64 2.36.8-0ubuntu0.22.04.1 2.38.2-0ubuntu0.22.04.2
2022-11-17 19:58:30 status half-configured gir1.2-webkit2-4.0:arm64 2.36.8-0ubuntu0.22.04.1
2022-11-17 19:58:30 status unpacked gir1.2-webkit2-4.0:arm64 2.36.8-0ubuntu0.22.04.1
2022-11-17 19:58:30 status half-installed gir1.2-webkit2-4.0:arm64 2.36.8-0ubuntu0.22.04.1
2022-11-17 19:58:33 status unpacked gir1.2-webkit2-4.0:arm64 2.38.2-0ubuntu0.22.04.2
2022-11-17 19:58:33 upgrade gir1.2-javascriptcoregtk-4.0:arm64 2.36.8-0ubuntu0.22.04.1 2.38.2-0ubuntu0.22.04.2
2022-11-17 19:58:33 status half-configured gir1.2-javascriptcoregtk-4.0:arm64 2.36.8-0ubuntu0.22.04.1
2022-11-17 19:58:33 status unpacked gir1.2-javascriptcoregtk-4.0:arm64 2.36.8-0ubuntu0.22.04.1
2022-11-17 19:58:33 status half-installed gir1.2-javascriptcoregtk-4.0:arm64 2.36.8-0ubuntu0.22.04.1
2022-11-17 19:58:33 status unpacked gir1.2-javascriptcoregtk-4.0:arm64 2.38.2-0ubuntu0.22.04.2
2022-11-17 19:58:34 upgrade libwebkit2gtk-4.0-37:arm64 2.36.8-0ubuntu0.22.04.1 2.38.2-0ubuntu0.22.04.2
2022-11-17 19:58:34 status half-configured libwebkit2gtk-4.0-37:arm64 2.36.8-0ubuntu0.22.04.1
2022-11-17 19:58:34 status unpacked libwebkit2gtk-4.0-37:arm64 2.36.8-0ubuntu0.22.04.1
2022-11-17 19:58:34 status half-installed libwebkit2gtk-4.0-37:arm64 2.36.8-0ubuntu0.22.04.1
2022-11-17 19:58:37 status unpacked libwebkit2gtk-4.0-37:arm64 2.38.2-0ubuntu0.22.04.2
2022-11-17 19:58:37 upgrade libjavascriptcoregtk-4.0-18:arm64 2.36.8-0ubuntu0.22.04.1 2.38.2-0ubuntu0.22.04.2
2022-11-17 19:58:37 status half-configured libjavascriptcoregtk-4.0-18:arm64 2.36.8-0ubuntu0.22.04.1
2022-11-17 19:58:37 status unpacked libjavascriptcoregtk-4.0-18:arm64 2.36.8-0ubuntu0.22.04.1
2022-11-17 19:58:37 status half-installed libjavascriptcoregtk-4.0-18:arm64 2.36.8-0ubuntu0.22.04.1
2022-11-17 19:58:39 status unpacked libjavascriptcoregtk-4.0-18:arm64 2.38.2-0ubuntu0.22.04.2
2022-11-17 19:58:39 install linux-raspi-headers-5.15.0-1018:arm64 <none> 5.15.0-1018.20
2022-11-17 19:58:39 status half-installed linux-raspi-headers-5.15.0-1018:arm64 5.15.0-1018.20
2022-11-17 19:59:05 status unpacked linux-raspi-headers-5.15.0-1018:arm64 5.15.0-1018.20
2022-11-17 19:59:06 install linux-headers-5.15.0-1018-raspi:arm64 <none> 5.15.0-1018.20
2022-11-17 19:59:06 status half-installed linux-headers-5.15.0-1018-raspi:arm64 5.15.0-1018.20
2022-11-17 19:59:12 status unpacked linux-headers-5.15.0-1018-raspi:arm64 5.15.0-1018.20
2022-11-17 19:59:13 install linux-modules-5.15.0-1018-raspi:arm64 <none> 5.15.0-1018.20
2022-11-17 19:59:13 status half-installed linux-modules-5.15.0-1018-raspi:arm64 5.15.0-1018.20
2022-11-17 19:59:35 status unpacked linux-modules-5.15.0-1018-raspi:arm64 5.15.0-1018.20
2022-11-17 19:59:35 install linux-image-5.15.0-1018-raspi:arm64 <none> 5.15.0-1018.20
2022-11-17 19:59:35 status half-installed linux-image-5.15.0-1018-raspi:arm64 5.15.0-1018.20
2022-11-17 19:59:38 status unpacked linux-image-5.15.0-1018-raspi:arm64 5.15.0-1018.20
2022-11-17 19:59:38 upgrade linux-raspi:arm64 5.15.0.1017.16 5.15.0.1018.17
2022-11-17 19:59:38 status half-configured linux-raspi:arm64 5.15.0.1017.16
2022-11-17 19:59:38 status unpacked linux-raspi:arm64 5.15.0.1017.16
2022-11-17 19:59:38 status half-installed linux-raspi:arm64 5.15.0.1017.16
2022-11-17 19:59:38 status unpacked linux-raspi:arm64 5.15.0.1018.17
2022-11-17 19:59:38 upgrade linux-image-raspi:arm64 5.15.0.1017.16 5.15.0.1018.17
2022-11-17 19:59:38 status half-configured linux-image-raspi:arm64 5.15.0.1017.16
2022-11-17 19:59:38 status unpacked linux-image-raspi:arm64 5.15.0.1017.16
2022-11-17 19:59:38 status half-installed linux-image-raspi:arm64 5.15.0.1017.16
2022-11-17 19:59:39 status unpacked linux-image-raspi:arm64 5.15.0.1018.17
2022-11-17 19:59:39 upgrade linux-headers-raspi:arm64 5.15.0.1017.16 5.15.0.1018.17
2022-11-17 19:59:39 status half-configured linux-headers-raspi:arm64 5.15.0.1017.16
2022-11-17 19:59:39 status unpacked linux-headers-raspi:arm64 5.15.0.1017.16
2022-11-17 19:59:39 status half-installed linux-headers-raspi:arm64 5.15.0.1017.16
2022-11-17 19:59:39 status unpacked linux-headers-raspi:arm64 5.15.0.1018.17
2022-11-17 19:59:39 startup packages configure
2022-11-17 19:59:39 configure libexpat1:arm64 2.4.7-1ubuntu0.1 <none>
2022-11-17 19:59:39 status unpacked libexpat1:arm64 2.4.7-1ubuntu0.1
2022-11-17 19:59:39 status half-configured libexpat1:arm64 2.4.7-1ubuntu0.1
2022-11-17 19:59:39 status installed libexpat1:arm64 2.4.7-1ubuntu0.1
2022-11-17 19:59:39 configure linux-raspi-headers-5.15.0-1018:arm64 5.15.0-1018.20 <none>
2022-11-17 19:59:39 status unpacked linux-raspi-headers-5.15.0-1018:arm64 5.15.0-1018.20
2022-11-17 19:59:40 status half-configured linux-raspi-headers-5.15.0-1018:arm64 5.15.0-1018.20
2022-11-17 19:59:40 status installed linux-raspi-headers-5.15.0-1018:arm64 5.15.0-1018.20
2022-11-17 19:59:40 configure libjavascriptcoregtk-4.0-18:arm64 2.38.2-0ubuntu0.22.04.2 <none>
2022-11-17 19:59:40 status unpacked libjavascriptcoregtk-4.0-18:arm64 2.38.2-0ubuntu0.22.04.2
2022-11-17 19:59:40 status half-configured libjavascriptcoregtk-4.0-18:arm64 2.38.2-0ubuntu0.22.04.2
2022-11-17 19:59:40 status installed libjavascriptcoregtk-4.0-18:arm64 2.38.2-0ubuntu0.22.04.2
2022-11-17 19:59:40 configure libnetplan0:arm64 0.105-0ubuntu2~22.04.1 <none>
2022-11-17 19:59:40 status unpacked libnetplan0:arm64 0.105-0ubuntu2~22.04.1
2022-11-17 19:59:40 status half-configured libnetplan0:arm64 0.105-0ubuntu2~22.04.1
2022-11-17 19:59:40 status installed libnetplan0:arm64 0.105-0ubuntu2~22.04.1
2022-11-17 19:59:40 configure gir1.2-javascriptcoregtk-4.0:arm64 2.38.2-0ubuntu0.22.04.2 <none>
2022-11-17 19:59:40 status unpacked gir1.2-javascriptcoregtk-4.0:arm64 2.38.2-0ubuntu0.22.04.2
2022-11-17 19:59:40 status half-configured gir1.2-javascriptcoregtk-4.0:arm64 2.38.2-0ubuntu0.22.04.2
2022-11-17 19:59:40 status installed gir1.2-javascriptcoregtk-4.0:arm64 2.38.2-0ubuntu0.22.04.2
2022-11-17 19:59:40 configure netplan.io:arm64 0.105-0ubuntu2~22.04.1 <none>
2022-11-17 19:59:40 status unpacked netplan.io:arm64 0.105-0ubuntu2~22.04.1
2022-11-17 19:59:40 status half-configured netplan.io:arm64 0.105-0ubuntu2~22.04.1
2022-11-17 19:59:40 status installed netplan.io:arm64 0.105-0ubuntu2~22.04.1
2022-11-17 19:59:40 configure linux-headers-5.15.0-1018-raspi:arm64 5.15.0-1018.20 <none>
2022-11-17 19:59:40 status unpacked linux-headers-5.15.0-1018-raspi:arm64 5.15.0-1018.20
2022-11-17 19:59:40 status half-configured linux-headers-5.15.0-1018-raspi:arm64 5.15.0-1018.20
2022-11-17 19:59:40 status installed linux-headers-5.15.0-1018-raspi:arm64 5.15.0-1018.20
2022-11-17 19:59:40 configure libexpat1-dev:arm64 2.4.7-1ubuntu0.1 <none>
2022-11-17 19:59:40 status unpacked libexpat1-dev:arm64 2.4.7-1ubuntu0.1
2022-11-17 19:59:40 status half-configured libexpat1-dev:arm64 2.4.7-1ubuntu0.1
2022-11-17 19:59:40 status installed libexpat1-dev:arm64 2.4.7-1ubuntu0.1
2022-11-17 19:59:40 configure containerd.io:arm64 1.6.10-1 <none>
2022-11-17 19:59:40 status unpacked containerd.io:arm64 1.6.10-1
2022-11-17 19:59:40 status half-configured containerd.io:arm64 1.6.10-1
2022-11-17 19:59:42 status installed containerd.io:arm64 1.6.10-1
2022-11-17 19:59:42 configure libwebkit2gtk-4.0-37:arm64 2.38.2-0ubuntu0.22.04.2 <none>
2022-11-17 19:59:42 status unpacked libwebkit2gtk-4.0-37:arm64 2.38.2-0ubuntu0.22.04.2
2022-11-17 19:59:42 status half-configured libwebkit2gtk-4.0-37:arm64 2.38.2-0ubuntu0.22.04.2
2022-11-17 19:59:42 status installed libwebkit2gtk-4.0-37:arm64 2.38.2-0ubuntu0.22.04.2
2022-11-17 19:59:42 configure linux-headers-raspi:arm64 5.15.0.1018.17 <none>
2022-11-17 19:59:42 status unpacked linux-headers-raspi:arm64 5.15.0.1018.17
2022-11-17 19:59:42 status half-configured linux-headers-raspi:arm64 5.15.0.1018.17
2022-11-17 19:59:42 status installed linux-headers-raspi:arm64 5.15.0.1018.17
2022-11-17 19:59:42 configure gir1.2-webkit2-4.0:arm64 2.38.2-0ubuntu0.22.04.2 <none>
2022-11-17 19:59:42 status unpacked gir1.2-webkit2-4.0:arm64 2.38.2-0ubuntu0.22.04.2
2022-11-17 19:59:42 status half-configured gir1.2-webkit2-4.0:arm64 2.38.2-0ubuntu0.22.04.2
2022-11-17 19:59:42 status installed gir1.2-webkit2-4.0:arm64 2.38.2-0ubuntu0.22.04.2
2022-11-17 19:59:43 configure linux-image-5.15.0-1018-raspi:arm64 5.15.0-1018.20 <none>
2022-11-17 19:59:43 status unpacked linux-image-5.15.0-1018-raspi:arm64 5.15.0-1018.20
2022-11-17 19:59:43 status half-configured linux-image-5.15.0-1018-raspi:arm64 5.15.0-1018.20
2022-11-17 19:59:49 status installed linux-image-5.15.0-1018-raspi:arm64 5.15.0-1018.20
2022-11-17 19:59:49 status triggers-pending linux-image-5.15.0-1018-raspi:arm64 5.15.0-1018.20
2022-11-17 19:59:49 configure linux-image-raspi:arm64 5.15.0.1018.17 <none>
2022-11-17 19:59:49 status unpacked linux-image-raspi:arm64 5.15.0.1018.17
2022-11-17 19:59:49 status half-configured linux-image-raspi:arm64 5.15.0.1018.17
2022-11-17 19:59:49 status installed linux-image-raspi:arm64 5.15.0.1018.17
2022-11-17 19:59:49 configure linux-modules-5.15.0-1018-raspi:arm64 5.15.0-1018.20 <none>
2022-11-17 19:59:49 status unpacked linux-modules-5.15.0-1018-raspi:arm64 5.15.0-1018.20
2022-11-17 19:59:49 status half-configured linux-modules-5.15.0-1018-raspi:arm64 5.15.0-1018.20
2022-11-17 19:59:55 status installed linux-modules-5.15.0-1018-raspi:arm64 5.15.0-1018.20
2022-11-17 19:59:55 configure linux-raspi:arm64 5.15.0.1018.17 <none>
2022-11-17 19:59:55 status unpacked linux-raspi:arm64 5.15.0.1018.17
2022-11-17 19:59:55 status half-configured linux-raspi:arm64 5.15.0.1018.17
2022-11-17 19:59:55 status installed linux-raspi:arm64 5.15.0.1018.17
2022-11-17 19:59:55 trigproc libc-bin:arm64 2.35-0ubuntu3.1 <none>
2022-11-17 19:59:55 status half-configured libc-bin:arm64 2.35-0ubuntu3.1
2022-11-17 19:59:55 status installed libc-bin:arm64 2.35-0ubuntu3.1
2022-11-17 19:59:55 trigproc man-db:arm64 2.10.2-1 <none>
2022-11-17 19:59:55 status half-configured man-db:arm64 2.10.2-1
2022-11-17 19:59:56 status installed man-db:arm64 2.10.2-1
2022-11-17 19:59:56 trigproc dbus:arm64 1.12.20-2ubuntu4.1 <none>
2022-11-17 19:59:56 status half-configured dbus:arm64 1.12.20-2ubuntu4.1
2022-11-17 19:59:56 status installed dbus:arm64 1.12.20-2ubuntu4.1
2022-11-17 19:59:56 trigproc linux-image-5.15.0-1018-raspi:arm64 5.15.0-1018.20 <none>
2022-11-17 19:59:56 status half-configured linux-image-5.15.0-1018-raspi:arm64 5.15.0-1018.20
2022-11-17 20:00:34 status installed linux-image-5.15.0-1018-raspi:arm64 5.15.0-1018.20
2022-11-17 20:00:34 status triggers-pending flash-kernel:arm64 3.104ubuntu14
2022-11-17 20:00:34 trigproc flash-kernel:arm64 3.104ubuntu14 <none>
2022-11-17 20:00:34 status half-configured flash-kernel:arm64 3.104ubuntu14
2022-11-17 20:01:00 status installed flash-kernel:arm64 3.104ubuntu14
2022-11-19 17:50:00 startup archives unpack
2022-11-19 17:50:01 upgrade libgdk-pixbuf2.0-common:all 2.42.8+dfsg-1ubuntu0.1 2.42.8+dfsg-1ubuntu0.2
2022-11-19 17:50:01 status half-configured libgdk-pixbuf2.0-common:all 2.42.8+dfsg-1ubuntu0.1
2022-11-19 17:50:01 status unpacked libgdk-pixbuf2.0-common:all 2.42.8+dfsg-1ubuntu0.1
2022-11-19 17:50:01 status half-installed libgdk-pixbuf2.0-common:all 2.42.8+dfsg-1ubuntu0.1
2022-11-19 17:50:01 status unpacked libgdk-pixbuf2.0-common:all 2.42.8+dfsg-1ubuntu0.2
2022-11-19 17:50:02 upgrade libgdk-pixbuf-2.0-0:arm64 2.42.8+dfsg-1ubuntu0.1 2.42.8+dfsg-1ubuntu0.2
2022-11-19 17:50:02 status triggers-pending libc-bin:arm64 2.35-0ubuntu3.1
2022-11-19 17:50:02 status half-configured libgdk-pixbuf-2.0-0:arm64 2.42.8+dfsg-1ubuntu0.1
2022-11-19 17:50:02 status unpacked libgdk-pixbuf-2.0-0:arm64 2.42.8+dfsg-1ubuntu0.1
2022-11-19 17:50:02 status half-installed libgdk-pixbuf-2.0-0:arm64 2.42.8+dfsg-1ubuntu0.1
2022-11-19 17:50:02 status unpacked libgdk-pixbuf-2.0-0:arm64 2.42.8+dfsg-1ubuntu0.2
2022-11-19 17:50:02 upgrade gir1.2-gdkpixbuf-2.0:arm64 2.42.8+dfsg-1ubuntu0.1 2.42.8+dfsg-1ubuntu0.2
2022-11-19 17:50:02 status half-configured gir1.2-gdkpixbuf-2.0:arm64 2.42.8+dfsg-1ubuntu0.1
2022-11-19 17:50:02 status unpacked gir1.2-gdkpixbuf-2.0:arm64 2.42.8+dfsg-1ubuntu0.1
2022-11-19 17:50:02 status half-installed gir1.2-gdkpixbuf-2.0:arm64 2.42.8+dfsg-1ubuntu0.1
2022-11-19 17:50:02 status unpacked gir1.2-gdkpixbuf-2.0:arm64 2.42.8+dfsg-1ubuntu0.2
2022-11-19 17:50:02 upgrade gnome-desktop3-data:all 42.4-0ubuntu1 42.5-0ubuntu1
2022-11-19 17:50:02 status half-configured gnome-desktop3-data:all 42.4-0ubuntu1
2022-11-19 17:50:02 status unpacked gnome-desktop3-data:all 42.4-0ubuntu1
2022-11-19 17:50:02 status half-installed gnome-desktop3-data:all 42.4-0ubuntu1
2022-11-19 17:50:03 status unpacked gnome-desktop3-data:all 42.5-0ubuntu1
2022-11-19 17:50:03 upgrade libgnome-desktop-3-19:arm64 42.4-0ubuntu1 42.5-0ubuntu1
2022-11-19 17:50:03 status half-configured libgnome-desktop-3-19:arm64 42.4-0ubuntu1
2022-11-19 17:50:03 status unpacked libgnome-desktop-3-19:arm64 42.4-0ubuntu1
2022-11-19 17:50:03 status half-installed libgnome-desktop-3-19:arm64 42.4-0ubuntu1
2022-11-19 17:50:03 status unpacked libgnome-desktop-3-19:arm64 42.5-0ubuntu1
2022-11-19 17:50:04 upgrade gir1.2-gnomedesktop-3.0:arm64 42.4-0ubuntu1 42.5-0ubuntu1
2022-11-19 17:50:04 status half-configured gir1.2-gnomedesktop-3.0:arm64 42.4-0ubuntu1
2022-11-19 17:50:04 status unpacked gir1.2-gnomedesktop-3.0:arm64 42.4-0ubuntu1
2022-11-19 17:50:04 status half-installed gir1.2-gnomedesktop-3.0:arm64 42.4-0ubuntu1
2022-11-19 17:50:04 status unpacked gir1.2-gnomedesktop-3.0:arm64 42.5-0ubuntu1
2022-11-19 17:50:04 upgrade libgdk-pixbuf2.0-bin:arm64 2.42.8+dfsg-1ubuntu0.1 2.42.8+dfsg-1ubuntu0.2
2022-11-19 17:50:04 status half-configured libgdk-pixbuf2.0-bin:arm64 2.42.8+dfsg-1ubuntu0.1
2022-11-19 17:50:04 status unpacked libgdk-pixbuf2.0-bin:arm64 2.42.8+dfsg-1ubuntu0.1
2022-11-19 17:50:04 status half-installed libgdk-pixbuf2.0-bin:arm64 2.42.8+dfsg-1ubuntu0.1
2022-11-19 17:50:04 status triggers-pending man-db:arm64 2.10.2-1
2022-11-19 17:50:04 status unpacked libgdk-pixbuf2.0-bin:arm64 2.42.8+dfsg-1ubuntu0.2
2022-11-19 17:50:04 upgrade libgnome-desktop-4-1:arm64 42.4-0ubuntu1 42.5-0ubuntu1
2022-11-19 17:50:04 status half-configured libgnome-desktop-4-1:arm64 42.4-0ubuntu1
2022-11-19 17:50:04 status unpacked libgnome-desktop-4-1:arm64 42.4-0ubuntu1
2022-11-19 17:50:04 status half-installed libgnome-desktop-4-1:arm64 42.4-0ubuntu1
2022-11-19 17:50:05 status unpacked libgnome-desktop-4-1:arm64 42.5-0ubuntu1
2022-11-19 17:50:05 upgrade libgnome-bg-4-1:arm64 42.4-0ubuntu1 42.5-0ubuntu1
2022-11-19 17:50:05 status half-configured libgnome-bg-4-1:arm64 42.4-0ubuntu1
2022-11-19 17:50:05 status unpacked libgnome-bg-4-1:arm64 42.4-0ubuntu1
2022-11-19 17:50:05 status half-installed libgnome-bg-4-1:arm64 42.4-0ubuntu1
2022-11-19 17:50:05 status unpacked libgnome-bg-4-1:arm64 42.5-0ubuntu1
2022-11-19 17:50:05 upgrade librbd1:arm64 17.2.0-0ubuntu0.22.04.1 17.2.0-0ubuntu0.22.04.2
2022-11-19 17:50:05 status half-configured librbd1:arm64 17.2.0-0ubuntu0.22.04.1
2022-11-19 17:50:05 status unpacked librbd1:arm64 17.2.0-0ubuntu0.22.04.1
2022-11-19 17:50:05 status half-installed librbd1:arm64 17.2.0-0ubuntu0.22.04.1
2022-11-19 17:50:06 status unpacked librbd1:arm64 17.2.0-0ubuntu0.22.04.2
2022-11-19 17:50:07 upgrade librados2:arm64 17.2.0-0ubuntu0.22.04.1 17.2.0-0ubuntu0.22.04.2
2022-11-19 17:50:07 status half-configured librados2:arm64 17.2.0-0ubuntu0.22.04.1
2022-11-19 17:50:07 status unpacked librados2:arm64 17.2.0-0ubuntu0.22.04.1
2022-11-19 17:50:07 status half-installed librados2:arm64 17.2.0-0ubuntu0.22.04.1
2022-11-19 17:50:07 status unpacked librados2:arm64 17.2.0-0ubuntu0.22.04.2
2022-11-19 17:50:08 upgrade openvpn:arm64 2.5.5-1ubuntu3 2.5.5-1ubuntu3.1
2022-11-19 17:50:08 status half-configured openvpn:arm64 2.5.5-1ubuntu3
2022-11-19 17:50:08 status unpacked openvpn:arm64 2.5.5-1ubuntu3
2022-11-19 17:50:08 status half-installed openvpn:arm64 2.5.5-1ubuntu3
2022-11-19 17:50:09 status unpacked openvpn:arm64 2.5.5-1ubuntu3.1
2022-11-19 17:50:09 startup packages configure
2022-11-19 17:50:09 configure librados2:arm64 17.2.0-0ubuntu0.22.04.2 <none>
2022-11-19 17:50:09 status unpacked librados2:arm64 17.2.0-0ubuntu0.22.04.2
2022-11-19 17:50:09 status half-configured librados2:arm64 17.2.0-0ubuntu0.22.04.2
2022-11-19 17:50:09 status installed librados2:arm64 17.2.0-0ubuntu0.22.04.2
2022-11-19 17:50:09 configure openvpn:arm64 2.5.5-1ubuntu3.1 <none>
2022-11-19 17:50:09 status unpacked openvpn:arm64 2.5.5-1ubuntu3.1
2022-11-19 17:50:10 status half-configured openvpn:arm64 2.5.5-1ubuntu3.1
2022-11-19 17:50:14 status installed openvpn:arm64 2.5.5-1ubuntu3.1
2022-11-19 17:50:14 configure libgdk-pixbuf2.0-common:all 2.42.8+dfsg-1ubuntu0.2 <none>
2022-11-19 17:50:14 status unpacked libgdk-pixbuf2.0-common:all 2.42.8+dfsg-1ubuntu0.2
2022-11-19 17:50:14 status half-configured libgdk-pixbuf2.0-common:all 2.42.8+dfsg-1ubuntu0.2
2022-11-19 17:50:14 status installed libgdk-pixbuf2.0-common:all 2.42.8+dfsg-1ubuntu0.2
2022-11-19 17:50:14 configure gnome-desktop3-data:all 42.5-0ubuntu1 <none>
2022-11-19 17:50:14 status unpacked gnome-desktop3-data:all 42.5-0ubuntu1
2022-11-19 17:50:14 status half-configured gnome-desktop3-data:all 42.5-0ubuntu1
2022-11-19 17:50:14 status installed gnome-desktop3-data:all 42.5-0ubuntu1
2022-11-19 17:50:14 configure librbd1:arm64 17.2.0-0ubuntu0.22.04.2 <none>
2022-11-19 17:50:14 status unpacked librbd1:arm64 17.2.0-0ubuntu0.22.04.2
2022-11-19 17:50:14 status half-configured librbd1:arm64 17.2.0-0ubuntu0.22.04.2
2022-11-19 17:50:14 status installed librbd1:arm64 17.2.0-0ubuntu0.22.04.2
2022-11-19 17:50:14 configure libgdk-pixbuf-2.0-0:arm64 2.42.8+dfsg-1ubuntu0.2 <none>
2022-11-19 17:50:14 status unpacked libgdk-pixbuf-2.0-0:arm64 2.42.8+dfsg-1ubuntu0.2
2022-11-19 17:50:14 status half-configured libgdk-pixbuf-2.0-0:arm64 2.42.8+dfsg-1ubuntu0.2
2022-11-19 17:50:14 status installed libgdk-pixbuf-2.0-0:arm64 2.42.8+dfsg-1ubuntu0.2
2022-11-19 17:50:14 configure libgnome-desktop-3-19:arm64 42.5-0ubuntu1 <none>
2022-11-19 17:50:14 status unpacked libgnome-desktop-3-19:arm64 42.5-0ubuntu1
2022-11-19 17:50:14 status half-configured libgnome-desktop-3-19:arm64 42.5-0ubuntu1
2022-11-19 17:50:14 status installed libgnome-desktop-3-19:arm64 42.5-0ubuntu1
2022-11-19 17:50:14 configure gir1.2-gdkpixbuf-2.0:arm64 2.42.8+dfsg-1ubuntu0.2 <none>
2022-11-19 17:50:14 status unpacked gir1.2-gdkpixbuf-2.0:arm64 2.42.8+dfsg-1ubuntu0.2
2022-11-19 17:50:14 status half-configured gir1.2-gdkpixbuf-2.0:arm64 2.42.8+dfsg-1ubuntu0.2
2022-11-19 17:50:14 status installed gir1.2-gdkpixbuf-2.0:arm64 2.42.8+dfsg-1ubuntu0.2
2022-11-19 17:50:14 configure gir1.2-gnomedesktop-3.0:arm64 42.5-0ubuntu1 <none>
2022-11-19 17:50:14 status unpacked gir1.2-gnomedesktop-3.0:arm64 42.5-0ubuntu1
2022-11-19 17:50:14 status half-configured gir1.2-gnomedesktop-3.0:arm64 42.5-0ubuntu1
2022-11-19 17:50:14 status installed gir1.2-gnomedesktop-3.0:arm64 42.5-0ubuntu1
2022-11-19 17:50:14 configure libgdk-pixbuf2.0-bin:arm64 2.42.8+dfsg-1ubuntu0.2 <none>
2022-11-19 17:50:14 status unpacked libgdk-pixbuf2.0-bin:arm64 2.42.8+dfsg-1ubuntu0.2
2022-11-19 17:50:14 status half-configured libgdk-pixbuf2.0-bin:arm64 2.42.8+dfsg-1ubuntu0.2
2022-11-19 17:50:14 status installed libgdk-pixbuf2.0-bin:arm64 2.42.8+dfsg-1ubuntu0.2
2022-11-19 17:50:14 configure libgnome-desktop-4-1:arm64 42.5-0ubuntu1 <none>
2022-11-19 17:50:14 status unpacked libgnome-desktop-4-1:arm64 42.5-0ubuntu1
2022-11-19 17:50:14 status half-configured libgnome-desktop-4-1:arm64 42.5-0ubuntu1
2022-11-19 17:50:14 status installed libgnome-desktop-4-1:arm64 42.5-0ubuntu1
2022-11-19 17:50:14 configure libgnome-bg-4-1:arm64 42.5-0ubuntu1 <none>
2022-11-19 17:50:14 status unpacked libgnome-bg-4-1:arm64 42.5-0ubuntu1
2022-11-19 17:50:14 status half-configured libgnome-bg-4-1:arm64 42.5-0ubuntu1
2022-11-19 17:50:14 status installed libgnome-bg-4-1:arm64 42.5-0ubuntu1
2022-11-19 17:50:14 trigproc man-db:arm64 2.10.2-1 <none>
2022-11-19 17:50:14 status half-configured man-db:arm64 2.10.2-1
2022-11-19 17:50:16 status installed man-db:arm64 2.10.2-1
2022-11-19 17:50:16 trigproc libc-bin:arm64 2.35-0ubuntu3.1 <none>
2022-11-19 17:50:16 status half-configured libc-bin:arm64 2.35-0ubuntu3.1
2022-11-19 17:50:16 status installed libc-bin:arm64 2.35-0ubuntu3.1
2022-11-20 06:05:47 startup packages remove
2022-11-20 06:05:47 status installed linux-image-5.15.0-1016-raspi:arm64 5.15.0-1016.18
2022-11-20 06:05:47 status installed linux-modules-5.15.0-1016-raspi:arm64 5.15.0-1016.18
2022-11-20 06:05:48 remove linux-modules-5.15.0-1016-raspi:arm64 5.15.0-1016.18 <none>
2022-11-20 06:05:48 status half-configured linux-modules-5.15.0-1016-raspi:arm64 5.15.0-1016.18
2022-11-20 06:05:48 status half-installed linux-modules-5.15.0-1016-raspi:arm64 5.15.0-1016.18
2022-11-20 06:05:50 status config-files linux-modules-5.15.0-1016-raspi:arm64 5.15.0-1016.18
2022-11-20 06:05:51 remove linux-image-5.15.0-1016-raspi:arm64 5.15.0-1016.18 <none>
2022-11-20 06:05:51 status half-configured linux-image-5.15.0-1016-raspi:arm64 5.15.0-1016.18
2022-11-20 06:05:51 status half-installed linux-image-5.15.0-1016-raspi:arm64 5.15.0-1016.18
2022-11-20 06:05:53 status config-files linux-image-5.15.0-1016-raspi:arm64 5.15.0-1016.18
2022-11-20 06:05:53 startup packages configure
2022-11-20 06:06:00 startup packages remove
2022-11-20 06:06:00 status installed linux-headers-5.15.0-1016-raspi:arm64 5.15.0-1016.18
2022-11-20 06:06:01 remove linux-headers-5.15.0-1016-raspi:arm64 5.15.0-1016.18 <none>
2022-11-20 06:06:01 status half-configured linux-headers-5.15.0-1016-raspi:arm64 5.15.0-1016.18
2022-11-20 06:06:01 status half-installed linux-headers-5.15.0-1016-raspi:arm64 5.15.0-1016.18
2022-11-20 06:06:03 status config-files linux-headers-5.15.0-1016-raspi:arm64 5.15.0-1016.18
2022-11-20 06:06:04 status not-installed linux-headers-5.15.0-1016-raspi:arm64 <none>
2022-11-20 06:06:04 status installed linux-raspi-headers-5.15.0-1016:arm64 5.15.0-1016.18
2022-11-20 06:06:04 remove linux-raspi-headers-5.15.0-1016:arm64 5.15.0-1016.18 <none>
2022-11-20 06:06:04 status half-configured linux-raspi-headers-5.15.0-1016:arm64 5.15.0-1016.18
2022-11-20 06:06:04 status half-installed linux-raspi-headers-5.15.0-1016:arm64 5.15.0-1016.18
2022-11-20 06:06:13 status config-files linux-raspi-headers-5.15.0-1016:arm64 5.15.0-1016.18
2022-11-20 06:06:13 status not-installed linux-raspi-headers-5.15.0-1016:arm64 <none>
2022-11-20 06:06:14 startup packages configure
2022-11-21 10:27:51 startup archives unpack
2022-11-21 10:27:52 upgrade rsync:arm64 3.2.3-8ubuntu3 3.2.3-8ubuntu3.1
2022-11-21 10:27:52 status half-configured rsync:arm64 3.2.3-8ubuntu3
2022-11-21 10:27:52 status unpacked rsync:arm64 3.2.3-8ubuntu3
2022-11-21 10:27:52 status half-installed rsync:arm64 3.2.3-8ubuntu3
2022-11-21 10:27:52 status triggers-pending man-db:arm64 2.10.2-1
2022-11-21 10:27:53 status unpacked rsync:arm64 3.2.3-8ubuntu3.1
2022-11-21 10:27:53 upgrade firmware-sof-signed:all 2.0-1ubuntu3 2.0-1ubuntu4
2022-11-21 10:27:53 status half-configured firmware-sof-signed:all 2.0-1ubuntu3
2022-11-21 10:27:53 status unpacked firmware-sof-signed:all 2.0-1ubuntu3
2022-11-21 10:27:53 status half-installed firmware-sof-signed:all 2.0-1ubuntu3
2022-11-21 10:27:54 status unpacked firmware-sof-signed:all 2.0-1ubuntu4
2022-11-21 10:27:55 upgrade libflac8:arm64 1.3.3-2build2 1.3.3-2ubuntu0.1
2022-11-21 10:27:55 status triggers-pending libc-bin:arm64 2.35-0ubuntu3.1
2022-11-21 10:27:55 status half-configured libflac8:arm64 1.3.3-2build2
2022-11-21 10:27:55 status unpacked libflac8:arm64 1.3.3-2build2
2022-11-21 10:27:55 status half-installed libflac8:arm64 1.3.3-2build2
2022-11-21 10:27:55 status unpacked libflac8:arm64 1.3.3-2ubuntu0.1
2022-11-21 10:27:55 upgrade libnfsidmap1:arm64 1:2.6.1-1ubuntu1.1 1:2.6.1-1ubuntu1.2
2022-11-21 10:27:55 status half-configured libnfsidmap1:arm64 1:2.6.1-1ubuntu1.1
2022-11-21 10:27:55 status unpacked libnfsidmap1:arm64 1:2.6.1-1ubuntu1.1
2022-11-21 10:27:55 status half-installed libnfsidmap1:arm64 1:2.6.1-1ubuntu1.1
2022-11-21 10:27:55 status unpacked libnfsidmap1:arm64 1:2.6.1-1ubuntu1.2
2022-11-21 10:27:56 startup packages configure
2022-11-21 10:27:56 configure libnfsidmap1:arm64 1:2.6.1-1ubuntu1.2 <none>
2022-11-21 10:27:56 status unpacked libnfsidmap1:arm64 1:2.6.1-1ubuntu1.2
2022-11-21 10:27:56 status half-configured libnfsidmap1:arm64 1:2.6.1-1ubuntu1.2
2022-11-21 10:27:56 status installed libnfsidmap1:arm64 1:2.6.1-1ubuntu1.2
2022-11-21 10:27:56 configure firmware-sof-signed:all 2.0-1ubuntu4 <none>
2022-11-21 10:27:56 status unpacked firmware-sof-signed:all 2.0-1ubuntu4
2022-11-21 10:27:56 status half-configured firmware-sof-signed:all 2.0-1ubuntu4
2022-11-21 10:27:56 status installed firmware-sof-signed:all 2.0-1ubuntu4
2022-11-21 10:27:56 configure libflac8:arm64 1.3.3-2ubuntu0.1 <none>
2022-11-21 10:27:56 status unpacked libflac8:arm64 1.3.3-2ubuntu0.1
2022-11-21 10:27:56 status half-configured libflac8:arm64 1.3.3-2ubuntu0.1
2022-11-21 10:27:56 status installed libflac8:arm64 1.3.3-2ubuntu0.1
2022-11-21 10:27:56 configure rsync:arm64 3.2.3-8ubuntu3.1 <none>
2022-11-21 10:27:56 status unpacked rsync:arm64 3.2.3-8ubuntu3.1
2022-11-21 10:27:56 status half-configured rsync:arm64 3.2.3-8ubuntu3.1
2022-11-21 10:27:59 status installed rsync:arm64 3.2.3-8ubuntu3.1
2022-11-21 10:28:00 trigproc man-db:arm64 2.10.2-1 <none>
2022-11-21 10:28:00 status half-configured man-db:arm64 2.10.2-1
2022-11-21 10:28:00 status installed man-db:arm64 2.10.2-1
2022-11-21 10:28:01 trigproc libc-bin:arm64 2.35-0ubuntu3.1 <none>
2022-11-21 10:28:01 status half-configured libc-bin:arm64 2.35-0ubuntu3.1
2022-11-21 10:28:01 status installed libc-bin:arm64 2.35-0ubuntu3.1
2022-11-22 13:36:08 startup archives unpack
2022-11-22 13:36:09 upgrade libfreerdp-client2-2:arm64 2.6.1+dfsg1-3ubuntu2.2 2.6.1+dfsg1-3ubuntu2.3
2022-11-22 13:36:09 status triggers-pending libc-bin:arm64 2.35-0ubuntu3.1
2022-11-22 13:36:10 status half-configured libfreerdp-client2-2:arm64 2.6.1+dfsg1-3ubuntu2.2
2022-11-22 13:36:10 status unpacked libfreerdp-client2-2:arm64 2.6.1+dfsg1-3ubuntu2.2
2022-11-22 13:36:10 status half-installed libfreerdp-client2-2:arm64 2.6.1+dfsg1-3ubuntu2.2
2022-11-22 13:36:11 status unpacked libfreerdp-client2-2:arm64 2.6.1+dfsg1-3ubuntu2.3
2022-11-22 13:36:13 upgrade libfreerdp-server2-2:arm64 2.6.1+dfsg1-3ubuntu2.2 2.6.1+dfsg1-3ubuntu2.3
2022-11-22 13:36:13 status half-configured libfreerdp-server2-2:arm64 2.6.1+dfsg1-3ubuntu2.2
2022-11-22 13:36:13 status unpacked libfreerdp-server2-2:arm64 2.6.1+dfsg1-3ubuntu2.2
2022-11-22 13:36:13 status half-installed libfreerdp-server2-2:arm64 2.6.1+dfsg1-3ubuntu2.2
2022-11-22 13:36:15 status unpacked libfreerdp-server2-2:arm64 2.6.1+dfsg1-3ubuntu2.3
2022-11-22 13:36:16 upgrade libfreerdp2-2:arm64 2.6.1+dfsg1-3ubuntu2.2 2.6.1+dfsg1-3ubuntu2.3
2022-11-22 13:36:16 status half-configured libfreerdp2-2:arm64 2.6.1+dfsg1-3ubuntu2.2
2022-11-22 13:36:16 status unpacked libfreerdp2-2:arm64 2.6.1+dfsg1-3ubuntu2.2
2022-11-22 13:36:16 status half-installed libfreerdp2-2:arm64 2.6.1+dfsg1-3ubuntu2.2
2022-11-22 13:36:16 status unpacked libfreerdp2-2:arm64 2.6.1+dfsg1-3ubuntu2.3
2022-11-22 13:36:16 upgrade libwinpr2-2:arm64 2.6.1+dfsg1-3ubuntu2.2 2.6.1+dfsg1-3ubuntu2.3
2022-11-22 13:36:16 status half-configured libwinpr2-2:arm64 2.6.1+dfsg1-3ubuntu2.2
2022-11-22 13:36:16 status unpacked libwinpr2-2:arm64 2.6.1+dfsg1-3ubuntu2.2
2022-11-22 13:36:16 status half-installed libwinpr2-2:arm64 2.6.1+dfsg1-3ubuntu2.2
2022-11-22 13:36:16 status triggers-pending man-db:arm64 2.10.2-1
2022-11-22 13:36:16 status unpacked libwinpr2-2:arm64 2.6.1+dfsg1-3ubuntu2.3
2022-11-22 13:36:17 startup packages configure
2022-11-22 13:36:17 configure libwinpr2-2:arm64 2.6.1+dfsg1-3ubuntu2.3 <none>
2022-11-22 13:36:17 status unpacked libwinpr2-2:arm64 2.6.1+dfsg1-3ubuntu2.3
2022-11-22 13:36:17 status half-configured libwinpr2-2:arm64 2.6.1+dfsg1-3ubuntu2.3
2022-11-22 13:36:17 status installed libwinpr2-2:arm64 2.6.1+dfsg1-3ubuntu2.3
2022-11-22 13:36:17 configure libfreerdp2-2:arm64 2.6.1+dfsg1-3ubuntu2.3 <none>
2022-11-22 13:36:17 status unpacked libfreerdp2-2:arm64 2.6.1+dfsg1-3ubuntu2.3
2022-11-22 13:36:17 status half-configured libfreerdp2-2:arm64 2.6.1+dfsg1-3ubuntu2.3
2022-11-22 13:36:17 status installed libfreerdp2-2:arm64 2.6.1+dfsg1-3ubuntu2.3
2022-11-22 13:36:17 configure libfreerdp-server2-2:arm64 2.6.1+dfsg1-3ubuntu2.3 <none>
2022-11-22 13:36:17 status unpacked libfreerdp-server2-2:arm64 2.6.1+dfsg1-3ubuntu2.3
2022-11-22 13:36:17 status half-configured libfreerdp-server2-2:arm64 2.6.1+dfsg1-3ubuntu2.3
2022-11-22 13:36:17 status installed libfreerdp-server2-2:arm64 2.6.1+dfsg1-3ubuntu2.3
2022-11-22 13:36:17 configure libfreerdp-client2-2:arm64 2.6.1+dfsg1-3ubuntu2.3 <none>
2022-11-22 13:36:17 status unpacked libfreerdp-client2-2:arm64 2.6.1+dfsg1-3ubuntu2.3
2022-11-22 13:36:17 status half-configured libfreerdp-client2-2:arm64 2.6.1+dfsg1-3ubuntu2.3
2022-11-22 13:36:17 status installed libfreerdp-client2-2:arm64 2.6.1+dfsg1-3ubuntu2.3
2022-11-22 13:36:17 trigproc man-db:arm64 2.10.2-1 <none>
2022-11-22 13:36:17 status half-configured man-db:arm64 2.10.2-1
2022-11-22 13:36:18 status installed man-db:arm64 2.10.2-1
2022-11-22 13:36:18 trigproc libc-bin:arm64 2.35-0ubuntu3.1 <none>
2022-11-22 13:36:18 status half-configured libc-bin:arm64 2.35-0ubuntu3.1
2022-11-22 13:36:18 status installed libc-bin:arm64 2.35-0ubuntu3.1
2022-11-23 19:13:24 startup archives unpack
2022-11-23 19:13:26 upgrade libexpat1-dev:arm64 2.4.7-1ubuntu0.1 2.4.7-1ubuntu0.2
2022-11-23 19:13:26 status half-configured libexpat1-dev:arm64 2.4.7-1ubuntu0.1
2022-11-23 19:13:26 status unpacked libexpat1-dev:arm64 2.4.7-1ubuntu0.1
2022-11-23 19:13:26 status half-installed libexpat1-dev:arm64 2.4.7-1ubuntu0.1
2022-11-23 19:13:27 status unpacked libexpat1-dev:arm64 2.4.7-1ubuntu0.2
2022-11-23 19:13:27 upgrade libexpat1:arm64 2.4.7-1ubuntu0.1 2.4.7-1ubuntu0.2
2022-11-23 19:13:27 status triggers-pending libc-bin:arm64 2.35-0ubuntu3.1
2022-11-23 19:13:27 status half-configured libexpat1:arm64 2.4.7-1ubuntu0.1
2022-11-23 19:13:27 status unpacked libexpat1:arm64 2.4.7-1ubuntu0.1
2022-11-23 19:13:27 status half-installed libexpat1:arm64 2.4.7-1ubuntu0.1
2022-11-23 19:13:27 status unpacked libexpat1:arm64 2.4.7-1ubuntu0.2
2022-11-23 19:13:27 upgrade python3-problem-report:all 2.20.11-0ubuntu82.1 2.20.11-0ubuntu82.2
2022-11-23 19:13:27 status half-configured python3-problem-report:all 2.20.11-0ubuntu82.1
2022-11-23 19:13:28 status unpacked python3-problem-report:all 2.20.11-0ubuntu82.1
2022-11-23 19:13:28 status half-installed python3-problem-report:all 2.20.11-0ubuntu82.1
2022-11-23 19:13:28 status unpacked python3-problem-report:all 2.20.11-0ubuntu82.2
2022-11-23 19:13:28 upgrade python3-apport:all 2.20.11-0ubuntu82.1 2.20.11-0ubuntu82.2
2022-11-23 19:13:28 status half-configured python3-apport:all 2.20.11-0ubuntu82.1
2022-11-23 19:13:29 status unpacked python3-apport:all 2.20.11-0ubuntu82.1
2022-11-23 19:13:29 status half-installed python3-apport:all 2.20.11-0ubuntu82.1
2022-11-23 19:13:29 status unpacked python3-apport:all 2.20.11-0ubuntu82.2
2022-11-23 19:13:30 upgrade apport:all 2.20.11-0ubuntu82.1 2.20.11-0ubuntu82.2
2022-11-23 19:13:30 status half-configured apport:all 2.20.11-0ubuntu82.1
2022-11-23 19:13:30 status unpacked apport:all 2.20.11-0ubuntu82.1
2022-11-23 19:13:30 status half-installed apport:all 2.20.11-0ubuntu82.1
2022-11-23 19:13:30 status triggers-pending hicolor-icon-theme:all 0.17-2
2022-11-23 19:13:30 status triggers-pending man-db:arm64 2.10.2-1
2022-11-23 19:13:30 status unpacked apport:all 2.20.11-0ubuntu82.2
2022-11-23 19:13:31 upgrade apport-gtk:all 2.20.11-0ubuntu82.1 2.20.11-0ubuntu82.2
2022-11-23 19:13:31 status half-configured apport-gtk:all 2.20.11-0ubuntu82.1
2022-11-23 19:13:31 status unpacked apport-gtk:all 2.20.11-0ubuntu82.1
2022-11-23 19:13:31 status half-installed apport-gtk:all 2.20.11-0ubuntu82.1
2022-11-23 19:13:31 status triggers-pending mailcap:all 3.70+nmu1ubuntu1
2022-11-23 19:13:31 status triggers-pending gnome-menus:arm64 3.36.0-1ubuntu3
2022-11-23 19:13:31 status triggers-pending desktop-file-utils:arm64 0.26-1ubuntu3
2022-11-23 19:13:31 status unpacked apport-gtk:all 2.20.11-0ubuntu82.2
2022-11-23 19:13:31 upgrade xserver-common:all 2:21.1.3-2ubuntu2.2 2:21.1.3-2ubuntu2.3
2022-11-23 19:13:31 status half-configured xserver-common:all 2:21.1.3-2ubuntu2.2
2022-11-23 19:13:31 status unpacked xserver-common:all 2:21.1.3-2ubuntu2.2
2022-11-23 19:13:31 status half-installed xserver-common:all 2:21.1.3-2ubuntu2.2
2022-11-23 19:13:32 status unpacked xserver-common:all 2:21.1.3-2ubuntu2.3
2022-11-23 19:13:32 upgrade xserver-xephyr:arm64 2:21.1.3-2ubuntu2.2 2:21.1.3-2ubuntu2.3
2022-11-23 19:13:32 status half-configured xserver-xephyr:arm64 2:21.1.3-2ubuntu2.2
2022-11-23 19:13:32 status unpacked xserver-xephyr:arm64 2:21.1.3-2ubuntu2.2
2022-11-23 19:13:32 status half-installed xserver-xephyr:arm64 2:21.1.3-2ubuntu2.2
2022-11-23 19:13:32 status unpacked xserver-xephyr:arm64 2:21.1.3-2ubuntu2.3
2022-11-23 19:13:33 upgrade xserver-xorg-legacy:arm64 2:21.1.3-2ubuntu2.2 2:21.1.3-2ubuntu2.3
2022-11-23 19:13:33 status half-configured xserver-xorg-legacy:arm64 2:21.1.3-2ubuntu2.2
2022-11-23 19:13:33 status unpacked xserver-xorg-legacy:arm64 2:21.1.3-2ubuntu2.2
2022-11-23 19:13:33 status half-installed xserver-xorg-legacy:arm64 2:21.1.3-2ubuntu2.2
2022-11-23 19:13:33 status unpacked xserver-xorg-legacy:arm64 2:21.1.3-2ubuntu2.3
2022-11-23 19:13:33 upgrade xserver-xorg-core:arm64 2:21.1.3-2ubuntu2.2 2:21.1.3-2ubuntu2.3
2022-11-23 19:13:33 status half-configured xserver-xorg-core:arm64 2:21.1.3-2ubuntu2.2
2022-11-23 19:13:33 status unpacked xserver-xorg-core:arm64 2:21.1.3-2ubuntu2.2
2022-11-23 19:13:33 status half-installed xserver-xorg-core:arm64 2:21.1.3-2ubuntu2.2
2022-11-23 19:13:34 status unpacked xserver-xorg-core:arm64 2:21.1.3-2ubuntu2.3
2022-11-23 19:13:34 upgrade xwayland:arm64 2:22.1.1-1ubuntu0.2 2:22.1.1-1ubuntu0.3
2022-11-23 19:13:34 status half-configured xwayland:arm64 2:22.1.1-1ubuntu0.2
2022-11-23 19:13:34 status unpacked xwayland:arm64 2:22.1.1-1ubuntu0.2
2022-11-23 19:13:34 status half-installed xwayland:arm64 2:22.1.1-1ubuntu0.2
2022-11-23 19:13:34 status unpacked xwayland:arm64 2:22.1.1-1ubuntu0.3
2022-11-23 19:13:34 startup packages configure
2022-11-23 19:13:34 configure libexpat1:arm64 2.4.7-1ubuntu0.2 <none>
2022-11-23 19:13:34 status unpacked libexpat1:arm64 2.4.7-1ubuntu0.2
2022-11-23 19:13:34 status half-configured libexpat1:arm64 2.4.7-1ubuntu0.2
2022-11-23 19:13:34 status installed libexpat1:arm64 2.4.7-1ubuntu0.2
2022-11-23 19:13:34 configure python3-problem-report:all 2.20.11-0ubuntu82.2 <none>
2022-11-23 19:13:34 status unpacked python3-problem-report:all 2.20.11-0ubuntu82.2
2022-11-23 19:13:34 status half-configured python3-problem-report:all 2.20.11-0ubuntu82.2
2022-11-23 19:13:35 status installed python3-problem-report:all 2.20.11-0ubuntu82.2
2022-11-23 19:13:35 configure python3-apport:all 2.20.11-0ubuntu82.2 <none>
2022-11-23 19:13:35 status unpacked python3-apport:all 2.20.11-0ubuntu82.2
2022-11-23 19:13:35 status half-configured python3-apport:all 2.20.11-0ubuntu82.2
2022-11-23 19:13:36 status installed python3-apport:all 2.20.11-0ubuntu82.2
2022-11-23 19:13:36 configure libexpat1-dev:arm64 2.4.7-1ubuntu0.2 <none>
2022-11-23 19:13:36 status unpacked libexpat1-dev:arm64 2.4.7-1ubuntu0.2
2022-11-23 19:13:36 status half-configured libexpat1-dev:arm64 2.4.7-1ubuntu0.2
2022-11-23 19:13:36 status installed libexpat1-dev:arm64 2.4.7-1ubuntu0.2
2022-11-23 19:13:36 configure xserver-common:all 2:21.1.3-2ubuntu2.3 <none>
2022-11-23 19:13:36 status unpacked xserver-common:all 2:21.1.3-2ubuntu2.3
2022-11-23 19:13:36 status half-configured xserver-common:all 2:21.1.3-2ubuntu2.3
2022-11-23 19:13:36 status installed xserver-common:all 2:21.1.3-2ubuntu2.3
2022-11-23 19:13:36 configure xwayland:arm64 2:22.1.1-1ubuntu0.3 <none>
2022-11-23 19:13:36 status unpacked xwayland:arm64 2:22.1.1-1ubuntu0.3
2022-11-23 19:13:36 status half-configured xwayland:arm64 2:22.1.1-1ubuntu0.3
2022-11-23 19:13:36 status installed xwayland:arm64 2:22.1.1-1ubuntu0.3
2022-11-23 19:13:36 configure xserver-xorg-legacy:arm64 2:21.1.3-2ubuntu2.3 <none>
2022-11-23 19:13:36 status unpacked xserver-xorg-legacy:arm64 2:21.1.3-2ubuntu2.3
2022-11-23 19:13:36 status half-configured xserver-xorg-legacy:arm64 2:21.1.3-2ubuntu2.3
2022-11-23 19:13:37 status installed xserver-xorg-legacy:arm64 2:21.1.3-2ubuntu2.3
2022-11-23 19:13:37 configure xserver-xorg-core:arm64 2:21.1.3-2ubuntu2.3 <none>
2022-11-23 19:13:37 status unpacked xserver-xorg-core:arm64 2:21.1.3-2ubuntu2.3
2022-11-23 19:13:37 status half-configured xserver-xorg-core:arm64 2:21.1.3-2ubuntu2.3
2022-11-23 19:13:37 status installed xserver-xorg-core:arm64 2:21.1.3-2ubuntu2.3
2022-11-23 19:13:37 configure apport:all 2.20.11-0ubuntu82.2 <none>
2022-11-23 19:13:37 status unpacked apport:all 2.20.11-0ubuntu82.2
2022-11-23 19:13:37 status half-configured apport:all 2.20.11-0ubuntu82.2
2022-11-23 19:13:42 status installed apport:all 2.20.11-0ubuntu82.2
2022-11-23 19:13:42 configure xserver-xephyr:arm64 2:21.1.3-2ubuntu2.3 <none>
2022-11-23 19:13:42 status unpacked xserver-xephyr:arm64 2:21.1.3-2ubuntu2.3
2022-11-23 19:13:42 status half-configured xserver-xephyr:arm64 2:21.1.3-2ubuntu2.3
2022-11-23 19:13:42 status installed xserver-xephyr:arm64 2:21.1.3-2ubuntu2.3
2022-11-23 19:13:42 configure apport-gtk:all 2.20.11-0ubuntu82.2 <none>
2022-11-23 19:13:42 status unpacked apport-gtk:all 2.20.11-0ubuntu82.2
2022-11-23 19:13:42 status half-configured apport-gtk:all 2.20.11-0ubuntu82.2
2022-11-23 19:13:42 status installed apport-gtk:all 2.20.11-0ubuntu82.2
2022-11-23 19:13:42 trigproc desktop-file-utils:arm64 0.26-1ubuntu3 <none>
2022-11-23 19:13:42 status half-configured desktop-file-utils:arm64 0.26-1ubuntu3
2022-11-23 19:13:42 status installed desktop-file-utils:arm64 0.26-1ubuntu3
2022-11-23 19:13:42 trigproc hicolor-icon-theme:all 0.17-2 <none>
2022-11-23 19:13:42 status half-configured hicolor-icon-theme:all 0.17-2
2022-11-23 19:13:42 status installed hicolor-icon-theme:all 0.17-2
2022-11-23 19:13:42 trigproc gnome-menus:arm64 3.36.0-1ubuntu3 <none>
2022-11-23 19:13:42 status half-configured gnome-menus:arm64 3.36.0-1ubuntu3
2022-11-23 19:13:42 status installed gnome-menus:arm64 3.36.0-1ubuntu3
2022-11-23 19:13:42 trigproc libc-bin:arm64 2.35-0ubuntu3.1 <none>
2022-11-23 19:13:42 status half-configured libc-bin:arm64 2.35-0ubuntu3.1
2022-11-23 19:13:42 status installed libc-bin:arm64 2.35-0ubuntu3.1
2022-11-23 19:13:43 trigproc man-db:arm64 2.10.2-1 <none>
2022-11-23 19:13:43 status half-configured man-db:arm64 2.10.2-1
2022-11-23 19:13:43 status installed man-db:arm64 2.10.2-1
2022-11-23 19:13:43 trigproc mailcap:all 3.70+nmu1ubuntu1 <none>
2022-11-23 19:13:43 status half-configured mailcap:all 3.70+nmu1ubuntu1
2022-11-23 19:13:44 status installed mailcap:all 3.70+nmu1ubuntu1
2022-11-24 19:48:31 startup archives unpack
2022-11-24 19:48:32 upgrade libjbig0:arm64 2.1-3.1build3 2.1-3.1ubuntu0.22.04.1
2022-11-24 19:48:32 status triggers-pending libc-bin:arm64 2.35-0ubuntu3.1
2022-11-24 19:48:32 status half-configured libjbig0:arm64 2.1-3.1build3
2022-11-24 19:48:32 status unpacked libjbig0:arm64 2.1-3.1build3
2022-11-24 19:48:32 status half-installed libjbig0:arm64 2.1-3.1build3
2022-11-24 19:48:32 status unpacked libjbig0:arm64 2.1-3.1ubuntu0.22.04.1
2022-11-24 19:48:33 startup packages configure
2022-11-24 19:48:33 configure libjbig0:arm64 2.1-3.1ubuntu0.22.04.1 <none>
2022-11-24 19:48:33 status unpacked libjbig0:arm64 2.1-3.1ubuntu0.22.04.1
2022-11-24 19:48:33 status half-configured libjbig0:arm64 2.1-3.1ubuntu0.22.04.1
2022-11-24 19:48:33 status installed libjbig0:arm64 2.1-3.1ubuntu0.22.04.1
2022-11-24 19:48:33 trigproc libc-bin:arm64 2.35-0ubuntu3.1 <none>
2022-11-24 19:48:33 status half-configured libc-bin:arm64 2.35-0ubuntu3.1
2022-11-24 19:48:33 status installed libc-bin:arm64 2.35-0ubuntu3.1
2022-11-28 11:26:00 startup archives unpack
2022-11-28 11:26:01 upgrade login:arm64 1:4.8.1-2ubuntu2 1:4.8.1-2ubuntu2.1
2022-11-28 11:26:01 status half-configured login:arm64 1:4.8.1-2ubuntu2
2022-11-28 11:26:01 status unpacked login:arm64 1:4.8.1-2ubuntu2
2022-11-28 11:26:01 status half-installed login:arm64 1:4.8.1-2ubuntu2
2022-11-28 11:26:01 status triggers-pending man-db:arm64 2.10.2-1
2022-11-28 11:26:02 status unpacked login:arm64 1:4.8.1-2ubuntu2.1
2022-11-28 11:26:02 startup packages configure
2022-11-28 11:26:02 configure login:arm64 1:4.8.1-2ubuntu2.1 <none>
2022-11-28 11:26:02 status unpacked login:arm64 1:4.8.1-2ubuntu2.1
2022-11-28 11:26:02 status half-configured login:arm64 1:4.8.1-2ubuntu2.1
2022-11-28 11:26:02 status installed login:arm64 1:4.8.1-2ubuntu2.1
2022-11-28 11:26:02 startup archives unpack
2022-11-28 11:26:03 upgrade passwd:arm64 1:4.8.1-2ubuntu2 1:4.8.1-2ubuntu2.1
2022-11-28 11:26:03 status half-configured passwd:arm64 1:4.8.1-2ubuntu2
2022-11-28 11:26:03 status unpacked passwd:arm64 1:4.8.1-2ubuntu2
2022-11-28 11:26:03 status half-installed passwd:arm64 1:4.8.1-2ubuntu2
2022-11-28 11:26:04 status unpacked passwd:arm64 1:4.8.1-2ubuntu2.1
2022-11-28 11:26:04 startup packages configure
2022-11-28 11:26:04 configure passwd:arm64 1:4.8.1-2ubuntu2.1 <none>
2022-11-28 11:26:04 status unpacked passwd:arm64 1:4.8.1-2ubuntu2.1
2022-11-28 11:26:05 status half-configured passwd:arm64 1:4.8.1-2ubuntu2.1
2022-11-28 11:26:05 status installed passwd:arm64 1:4.8.1-2ubuntu2.1
2022-11-28 11:26:06 startup packages configure
2022-11-28 11:26:06 trigproc man-db:arm64 2.10.2-1 <none>
2022-11-28 11:26:06 status half-configured man-db:arm64 2.10.2-1
2022-11-28 11:26:07 status installed man-db:arm64 2.10.2-1
2022-11-30 08:42:22 startup archives unpack
2022-11-30 08:42:23 upgrade linux-firmware:all 20220329.git681281e4-0ubuntu3.6 20220329.git681281e4-0ubuntu3.7
2022-11-30 08:42:23 status half-configured linux-firmware:all 20220329.git681281e4-0ubuntu3.6
2022-11-30 08:42:23 status unpacked linux-firmware:all 20220329.git681281e4-0ubuntu3.6
2022-11-30 08:42:23 status half-installed linux-firmware:all 20220329.git681281e4-0ubuntu3.6
2022-11-30 08:43:34 status unpacked linux-firmware:all 20220329.git681281e4-0ubuntu3.7
2022-11-30 08:43:35 startup packages configure
2022-11-30 08:43:35 configure linux-firmware:all 20220329.git681281e4-0ubuntu3.7 <none>
2022-11-30 08:43:35 status unpacked linux-firmware:all 20220329.git681281e4-0ubuntu3.7
2022-11-30 08:43:35 status half-configured linux-firmware:all 20220329.git681281e4-0ubuntu3.7
2022-11-30 08:44:38 status installed linux-firmware:all 20220329.git681281e4-0ubuntu3.7
2022-11-30 08:44:38 status triggers-pending flash-kernel:arm64 3.104ubuntu14
2022-11-30 08:44:39 trigproc flash-kernel:arm64 3.104ubuntu14 <none>
2022-11-30 08:44:39 status half-configured flash-kernel:arm64 3.104ubuntu14
2022-11-30 08:45:05 status installed flash-kernel:arm64 3.104ubuntu14
