Nov 27 06:48:34 pi kernel: [407392.734002] audit: type=1326 audit(1669549714.905:140): auid=1000 uid=1000 gid=1000 ses=111 subj=snap.snap-store.ubuntu-software pid=12195 comm="pool-org.gnome." exe="/snap/snap-store/600/usr/bin/snap-store" sig=0 arch=c00000b7 syscall=55 compat=0 ip=0xffff7e4a7ee8 code=0x50000
Nov 27 11:48:16 pi kernel: [425374.931126] audit: type=1326 audit(1669567696.948:141): auid=1000 uid=1000 gid=1000 ses=111 subj=snap.snap-store.ubuntu-software pid=12195 comm="pool-org.gnome." exe="/snap/snap-store/600/usr/bin/snap-store" sig=0 arch=c00000b7 syscall=55 compat=0 ip=0xffff7e4a7ee8 code=0x50000
Nov 27 14:30:06 pi kernel: [435085.017029] audit: type=1400 audit(1669577406.953:142): apparmor="DENIED" operation="mkdir" profile="snap-update-ns.firefox" name="/usr/share/cups/doc-root/" pid=25925 comm="5" requested_mask="c" denied_mask="c" fsuid=0 ouid=0
Nov 27 14:30:06 pi kernel: [435085.017417] audit: type=1400 audit(1669577406.953:143): apparmor="DENIED" operation="mkdir" profile="snap-update-ns.firefox" name="/usr/share/gimp/2.0/" pid=25925 comm="5" requested_mask="c" denied_mask="c" fsuid=0 ouid=0
Nov 27 14:30:06 pi kernel: [435085.018604] audit: type=1400 audit(1669577406.957:144): apparmor="DENIED" operation="mkdir" profile="snap-update-ns.firefox" name="/usr/share/libreoffice/help/" pid=25925 comm="5" requested_mask="c" denied_mask="c" fsuid=0 ouid=0
Nov 27 14:30:06 pi kernel: [435085.019037] audit: type=1400 audit(1669577406.957:145): apparmor="DENIED" operation="open" profile="snap-update-ns.firefox" name="/var/lib/" pid=25925 comm="5" requested_mask="r" denied_mask="r" fsuid=0 ouid=0
Nov 27 14:30:12 pi kernel: [435090.479837] audit: type=1326 audit(1669577412.417:146): auid=1000 uid=1000 gid=1000 ses=111 subj=snap.firefox.firefox pid=25907 comm="firefox" exe="/snap/firefox/2089/usr/lib/firefox/firefox" sig=0 arch=c00000b7 syscall=274 compat=0 ip=0xffffacaf18c4 code=0x50000
Nov 27 17:00:39 pi kernel: [444117.141109] audit: type=1326 audit(1669586438.995:147): auid=1000 uid=1000 gid=1000 ses=111 subj=snap.firefox.firefox pid=27470 comm="firefox" exe="/snap/firefox/2089/usr/lib/firefox/firefox" sig=0 arch=c00000b7 syscall=274 compat=0 ip=0xffffbe12f8c4 code=0x50000
Nov 28 03:48:16 pi kernel: [482975.429499] audit: type=1326 audit(1669625296.953:148): auid=1000 uid=1000 gid=1000 ses=111 subj=snap.snap-store.ubuntu-software pid=12195 comm="pool-org.gnome." exe="/snap/snap-store/600/usr/bin/snap-store" sig=0 arch=c00000b7 syscall=55 compat=0 ip=0xffff7e4a7ee8 code=0x50000
Nov 28 06:07:56 pi kernel: [491354.998677] audit: type=1326 audit(1669633676.454:149): auid=1000 uid=1000 gid=1000 ses=111 subj=snap.snap-store.ubuntu-software pid=12195 comm="pool-org.gnome." exe="/snap/snap-store/600/usr/bin/snap-store" sig=0 arch=c00000b7 syscall=55 compat=0 ip=0xffff7e4a7ee8 code=0x50000
Nov 28 12:14:11 pi kernel: [513330.028166] loop1: detected capacity change from 0 to 88032
Nov 28 12:14:18 pi kernel: [513337.268612] audit: type=1400 audit(1669655658.533:150): apparmor="STATUS" operation="profile_load" profile="unconfined" name="/snap/snapd/17885/usr/lib/snapd/snap-confine" pid=32933 comm="apparmor_parser"
Nov 28 12:14:18 pi kernel: [513337.271628] audit: type=1400 audit(1669655658.537:151): apparmor="STATUS" operation="profile_load" profile="unconfined" name="/snap/snapd/17885/usr/lib/snapd/snap-confine//mount-namespace-capture-helper" pid=32933 comm="apparmor_parser"
Nov 28 12:14:21 pi kernel: [513340.677230] audit: type=1400 audit(1669655661.941:152): apparmor="STATUS" operation="profile_replace" info="same as current profile, skipping" profile="unconfined" name="snap-update-ns.firefox" pid=32936 comm="apparmor_parser"
Nov 28 12:14:22 pi kernel: [513340.890173] audit: type=1400 audit(1669655662.153:153): apparmor="STATUS" operation="profile_replace" info="same as current profile, skipping" profile="unconfined" name="snap-update-ns.chromium" pid=32935 comm="apparmor_parser"
Nov 28 12:14:25 pi kernel: [513343.732721] audit: type=1400 audit(1669655664.997:154): apparmor="STATUS" operation="profile_replace" info="same as current profile, skipping" profile="unconfined" name="snap-update-ns.snap-store" pid=32937 comm="apparmor_parser"
Nov 28 12:14:25 pi kernel: [513344.321284] audit: type=1400 audit(1669655665.585:155): apparmor="STATUS" operation="profile_replace" info="same as current profile, skipping" profile="unconfined" name="snap-update-ns.snapd-desktop-integration" pid=32938 comm="apparmor_parser"
Nov 28 12:14:25 pi kernel: [513344.417092] audit: type=1400 audit(1669655665.681:156): apparmor="STATUS" operation="profile_replace" info="same as current profile, skipping" profile="unconfined" name="snap.chromium.chromium" pid=32941 comm="apparmor_parser"
Nov 28 12:14:25 pi kernel: [513344.417346] audit: type=1400 audit(1669655665.681:157): apparmor="STATUS" operation="profile_replace" info="same as current profile, skipping" profile="unconfined" name="snap.chromium.chromedriver" pid=32940 comm="apparmor_parser"
Nov 28 12:14:25 pi kernel: [513344.428359] audit: type=1400 audit(1669655665.693:158): apparmor="STATUS" operation="profile_replace" info="same as current profile, skipping" profile="unconfined" name="snap-update-ns.cups" pid=32943 comm="apparmor_parser"
Nov 28 12:14:25 pi kernel: [513344.447510] audit: type=1400 audit(1669655665.713:159): apparmor="STATUS" operation="profile_replace" info="same as current profile, skipping" profile="unconfined" name="snap.chromium.hook.configure" pid=32942 comm="apparmor_parser"
Nov 28 12:14:25 pi kernel: [513344.450955] audit: type=1400 audit(1669655665.717:160): apparmor="STATUS" operation="profile_replace" info="same as current profile, skipping" profile="unconfined" name="snap.cups.accept" pid=32944 comm="apparmor_parser"
Nov 28 12:14:25 pi kernel: [513344.472290] audit: type=1400 audit(1669655665.737:161): apparmor="STATUS" operation="profile_replace" info="same as current profile, skipping" profile="unconfined" name="snap.cups.cancel" pid=32945 comm="apparmor_parser"
Nov 28 12:14:25 pi kernel: [513344.480214] audit: type=1400 audit(1669655665.745:162): apparmor="STATUS" operation="profile_replace" info="same as current profile, skipping" profile="unconfined" name="snap.cups.cups-browsed" pid=32946 comm="apparmor_parser"
Nov 28 12:14:25 pi kernel: [513344.494986] audit: type=1400 audit(1669655665.761:163): apparmor="STATUS" operation="profile_replace" info="same as current profile, skipping" profile="unconfined" name="snap.cups.cupsaccept" pid=32947 comm="apparmor_parser"
Nov 28 12:14:29 pi kernel: [513348.241918] loop20: detected capacity change from 0 to 8
Nov 28 12:14:36 pi kernel: [513355.396186] kauditd_printk_skb: 34 callbacks suppressed
Nov 28 12:14:36 pi kernel: [513355.396198] audit: type=1400 audit(1669655676.661:198): apparmor="STATUS" operation="profile_replace" profile="unconfined" name="/snap/snapd/17885/usr/lib/snapd/snap-confine" pid=33338 comm="apparmor_parser"
Nov 28 12:14:36 pi kernel: [513355.410687] audit: type=1400 audit(1669655676.677:199): apparmor="STATUS" operation="profile_replace" profile="unconfined" name="/snap/snapd/17885/usr/lib/snapd/snap-confine//mount-namespace-capture-helper" pid=33338 comm="apparmor_parser"
Nov 28 12:14:39 pi kernel: [513358.373983] audit: type=1400 audit(1669655679.636:200): apparmor="STATUS" operation="profile_replace" info="same as current profile, skipping" profile="unconfined" name="snap-update-ns.firefox" pid=33340 comm="apparmor_parser"
Nov 28 12:14:39 pi kernel: [513358.662171] audit: type=1400 audit(1669655679.924:201): apparmor="STATUS" operation="profile_replace" info="same as current profile, skipping" profile="unconfined" name="snap-update-ns.snap-store" pid=33341 comm="apparmor_parser"
Nov 28 12:14:42 pi kernel: [513361.412373] audit: type=1400 audit(1669655682.676:202): apparmor="STATUS" operation="profile_replace" info="same as current profile, skipping" profile="unconfined" name="snap-update-ns.chromium" pid=33342 comm="apparmor_parser"
Nov 28 12:14:43 pi kernel: [513362.046970] audit: type=1400 audit(1669655683.312:203): apparmor="STATUS" operation="profile_replace" info="same as current profile, skipping" profile="unconfined" name="snap-update-ns.snapd-desktop-integration" pid=33343 comm="apparmor_parser"
Nov 28 12:14:43 pi kernel: [513362.140553] audit: type=1400 audit(1669655683.404:204): apparmor="STATUS" operation="profile_replace" info="same as current profile, skipping" profile="unconfined" name="snap.firefox.firefox" pid=33345 comm="apparmor_parser"
Nov 28 12:14:43 pi kernel: [513362.141055] audit: type=1400 audit(1669655683.404:205): apparmor="STATUS" operation="profile_replace" info="same as current profile, skipping" profile="unconfined" name="snap.firefox.geckodriver" pid=33346 comm="apparmor_parser"
Nov 28 12:14:43 pi kernel: [513362.160234] audit: type=1400 audit(1669655683.424:206): apparmor="STATUS" operation="profile_replace" info="same as current profile, skipping" profile="unconfined" name="snap.firefox.hook.connect-plug-host-hunspell" pid=33348 comm="apparmor_parser"
Nov 28 12:14:43 pi kernel: [513362.168988] audit: type=1400 audit(1669655683.432:207): apparmor="STATUS" operation="profile_replace" info="same as current profile, skipping" profile="unconfined" name="snap.firefox.hook.configure" pid=33347 comm="apparmor_parser"
Nov 28 12:14:43 pi kernel: [513362.178983] audit: type=1400 audit(1669655683.444:208): apparmor="STATUS" operation="profile_replace" info="same as current profile, skipping" profile="unconfined" name="snap.firefox.hook.disconnect-plug-host-hunspell" pid=33349 comm="apparmor_parser"
Nov 28 12:14:43 pi kernel: [513362.187831] audit: type=1400 audit(1669655683.452:209): apparmor="STATUS" operation="profile_replace" info="same as current profile, skipping" profile="unconfined" name="snap.firefox.hook.post-refresh" pid=33350 comm="apparmor_parser"
Nov 28 12:14:43 pi kernel: [513362.208803] audit: type=1400 audit(1669655683.472:210): apparmor="STATUS" operation="profile_replace" info="same as current profile, skipping" profile="unconfined" name="snap.snap-store.hook.configure" pid=33351 comm="apparmor_parser"
Nov 28 12:14:43 pi kernel: [513362.242228] audit: type=1400 audit(1669655683.504:211): apparmor="STATUS" operation="profile_replace" info="same as current profile, skipping" profile="unconfined" name="snap.snap-store.snap-store" pid=33352 comm="apparmor_parser"
Nov 28 21:37:33 pi kernel: [547132.346683] kauditd_printk_skb: 34 callbacks suppressed
Nov 28 21:37:33 pi kernel: [547132.346698] audit: type=1400 audit(1669689453.320:246): apparmor="DENIED" operation="capable" profile="/snap/snapd/17885/usr/lib/snapd/snap-confine" pid=34764 comm="snap-confine" capability=12  capname="net_admin"
Nov 28 21:37:34 pi kernel: [547133.856684] audit: type=1326 audit(1669689454.832:247): auid=1000 uid=1000 gid=1000 ses=111 subj=snap.firefox.firefox pid=34764 comm="firefox" exe="/snap/firefox/2089/usr/lib/firefox/firefox" sig=0 arch=c00000b7 syscall=274 compat=0 ip=0xffffbe5778c4 code=0x50000
Nov 28 23:03:45 pi kernel: [552304.645750] audit: type=1400 audit(1669694625.573:248): apparmor="DENIED" operation="capable" profile="/snap/snapd/17885/usr/lib/snapd/snap-confine" pid=36050 comm="snap-confine" capability=12  capname="net_admin"
Nov 28 23:03:48 pi kernel: [552307.496269] audit: type=1326 audit(1669694628.425:249): auid=1000 uid=1000 gid=1000 ses=111 subj=snap.chromium.chromium pid=36050 comm="chrome" exe="/snap/chromium/2222/usr/lib/chromium-browser/chrome" sig=0 arch=c00000b7 syscall=274 compat=0 ip=0xffff9bba58c4 code=0x50000
Nov 28 23:03:55 pi kernel: [552314.544797] audit: type=1400 audit(1669694635.472:250): apparmor="DENIED" operation="open" profile="snap.chromium.chromium" name="/run/udev/data/c505:2" pid=36050 comm="ThreadPoolForeg" requested_mask="r" denied_mask="r" fsuid=1000 ouid=0
Nov 28 23:03:55 pi kernel: [552314.545625] audit: type=1400 audit(1669694635.472:251): apparmor="DENIED" operation="open" profile="snap.chromium.chromium" name="/run/udev/data/c505:0" pid=36050 comm="ThreadPoolForeg" requested_mask="r" denied_mask="r" fsuid=1000 ouid=0
Nov 28 23:03:55 pi kernel: [552314.546107] audit: type=1400 audit(1669694635.472:252): apparmor="DENIED" operation="open" profile="snap.chromium.chromium" name="/run/udev/data/c505:1" pid=36050 comm="ThreadPoolForeg" requested_mask="r" denied_mask="r" fsuid=1000 ouid=0
Nov 28 23:03:55 pi kernel: [552314.547752] audit: type=1400 audit(1669694635.476:253): apparmor="DENIED" operation="open" profile="snap.chromium.chromium" name="/run/udev/data/+sdio:mmc1:0001:3" pid=36050 comm="ThreadPoolForeg" requested_mask="r" denied_mask="r" fsuid=1000 ouid=0
Nov 28 23:03:55 pi kernel: [552314.548361] audit: type=1400 audit(1669694635.476:254): apparmor="DENIED" operation="open" profile="snap.chromium.chromium" name="/run/udev/data/+sdio:mmc1:0001:1" pid=36050 comm="ThreadPoolForeg" requested_mask="r" denied_mask="r" fsuid=1000 ouid=0
Nov 28 23:03:55 pi kernel: [552314.548923] audit: type=1400 audit(1669694635.476:255): apparmor="DENIED" operation="open" profile="snap.chromium.chromium" name="/run/udev/data/+sdio:mmc1:0001:2" pid=36050 comm="ThreadPoolForeg" requested_mask="r" denied_mask="r" fsuid=1000 ouid=0
Nov 28 23:03:55 pi kernel: [552314.549578] audit: type=1400 audit(1669694635.476:256): apparmor="DENIED" operation="open" profile="snap.chromium.chromium" name="/run/udev/data/c506:1" pid=36050 comm="ThreadPoolForeg" requested_mask="r" denied_mask="r" fsuid=1000 ouid=0
Nov 28 23:03:55 pi kernel: [552314.550052] audit: type=1400 audit(1669694635.476:257): apparmor="DENIED" operation="open" profile="snap.chromium.chromium" name="/run/udev/data/c506:0" pid=36050 comm="ThreadPoolForeg" requested_mask="r" denied_mask="r" fsuid=1000 ouid=0
Nov 28 23:03:55 pi kernel: [552314.557813] audit: type=1400 audit(1669694635.484:258): apparmor="DENIED" operation="open" profile="snap.chromium.chromium" name="/run/udev/data/+udc:fe980000.usb" pid=36050 comm="ThreadPoolForeg" requested_mask="r" denied_mask="r" fsuid=1000 ouid=0
Nov 28 23:03:55 pi kernel: [552314.563147] audit: type=1400 audit(1669694635.492:259): apparmor="DENIED" operation="open" profile="snap.chromium.chromium" name="/run/udev/data/c509:0" pid=36050 comm="ThreadPoolForeg" requested_mask="r" denied_mask="r" fsuid=1000 ouid=0
Nov 28 23:05:50 pi kernel: [552429.214988] kauditd_printk_skb: 522 callbacks suppressed
Nov 28 23:05:50 pi kernel: [552429.215000] audit: type=1400 audit(1669694750.139:782): apparmor="DENIED" operation="capable" profile="/snap/snapd/17885/usr/lib/snapd/snap-confine" pid=36585 comm="snap-confine" capability=12  capname="net_admin"
Nov 28 23:05:51 pi kernel: [552430.329241] audit: type=1326 audit(1669694751.255:783): auid=1000 uid=1000 gid=1000 ses=111 subj=snap.chromium.chromium pid=36585 comm="chrome" exe="/snap/chromium/2222/usr/lib/chromium-browser/chrome" sig=0 arch=c00000b7 syscall=274 compat=0 ip=0xffff9d2af8c4 code=0x50000
Nov 28 23:05:57 pi kernel: [552436.853876] audit: type=1400 audit(1669694757.779:784): apparmor="DENIED" operation="open" profile="snap.chromium.chromium" name="/run/udev/data/c505:2" pid=36585 comm="ThreadPoolForeg" requested_mask="r" denied_mask="r" fsuid=1000 ouid=0
Nov 28 23:05:57 pi kernel: [552436.854523] audit: type=1400 audit(1669694757.779:785): apparmor="DENIED" operation="open" profile="snap.chromium.chromium" name="/run/udev/data/c505:0" pid=36585 comm="ThreadPoolForeg" requested_mask="r" denied_mask="r" fsuid=1000 ouid=0
Nov 28 23:05:57 pi kernel: [552436.855124] audit: type=1400 audit(1669694757.779:786): apparmor="DENIED" operation="open" profile="snap.chromium.chromium" name="/run/udev/data/c505:1" pid=36585 comm="ThreadPoolForeg" requested_mask="r" denied_mask="r" fsuid=1000 ouid=0
Nov 28 23:05:57 pi kernel: [552436.856813] audit: type=1400 audit(1669694757.783:787): apparmor="DENIED" operation="open" profile="snap.chromium.chromium" name="/run/udev/data/+sdio:mmc1:0001:3" pid=36585 comm="ThreadPoolForeg" requested_mask="r" denied_mask="r" fsuid=1000 ouid=0
Nov 28 23:05:57 pi kernel: [552436.857629] audit: type=1400 audit(1669694757.783:788): apparmor="DENIED" operation="open" profile="snap.chromium.chromium" name="/run/udev/data/+sdio:mmc1:0001:1" pid=36585 comm="ThreadPoolForeg" requested_mask="r" denied_mask="r" fsuid=1000 ouid=0
Nov 28 23:05:57 pi kernel: [552436.858397] audit: type=1400 audit(1669694757.783:789): apparmor="DENIED" operation="open" profile="snap.chromium.chromium" name="/run/udev/data/+sdio:mmc1:0001:2" pid=36585 comm="ThreadPoolForeg" requested_mask="r" denied_mask="r" fsuid=1000 ouid=0
Nov 28 23:05:57 pi kernel: [552436.859174] audit: type=1400 audit(1669694757.783:790): apparmor="DENIED" operation="open" profile="snap.chromium.chromium" name="/run/udev/data/c506:1" pid=36585 comm="ThreadPoolForeg" requested_mask="r" denied_mask="r" fsuid=1000 ouid=0
Nov 28 23:05:57 pi kernel: [552436.859937] audit: type=1400 audit(1669694757.783:791): apparmor="DENIED" operation="open" profile="snap.chromium.chromium" name="/run/udev/data/c506:0" pid=36585 comm="ThreadPoolForeg" requested_mask="r" denied_mask="r" fsuid=1000 ouid=0
Nov 28 23:05:57 pi kernel: [552436.868037] audit: type=1400 audit(1669694757.791:792): apparmor="DENIED" operation="open" profile="snap.chromium.chromium" name="/run/udev/data/+udc:fe980000.usb" pid=36585 comm="ThreadPoolForeg" requested_mask="r" denied_mask="r" fsuid=1000 ouid=0
Nov 28 23:05:57 pi kernel: [552436.874746] audit: type=1400 audit(1669694757.799:793): apparmor="DENIED" operation="open" profile="snap.chromium.chromium" name="/run/udev/data/c509:0" pid=36585 comm="ThreadPoolForeg" requested_mask="r" denied_mask="r" fsuid=1000 ouid=0
Nov 28 23:06:27 pi kernel: [552466.444371] kauditd_printk_skb: 522 callbacks suppressed
Nov 28 23:06:27 pi kernel: [552466.444382] audit: type=1326 audit(1669694787.371:1316): auid=1000 uid=1000 gid=1000 ses=111 subj=snap.chromium.chromium pid=37012 comm="chrome" exe="/snap/chromium/2222/usr/lib/chromium-browser/chrome" sig=0 arch=c00000b7 syscall=274 compat=0 ip=0xffffaa06f8c4 code=0x50000
Nov 28 23:06:33 pi kernel: [552472.879502] audit: type=1400 audit(1669694793.807:1317): apparmor="DENIED" operation="open" profile="snap.chromium.chromium" name="/run/udev/data/c505:2" pid=37012 comm="ThreadPoolForeg" requested_mask="r" denied_mask="r" fsuid=1000 ouid=0
Nov 28 23:06:33 pi kernel: [552472.886077] audit: type=1400 audit(1669694793.815:1318): apparmor="DENIED" operation="open" profile="snap.chromium.chromium" name="/run/udev/data/c505:0" pid=37012 comm="ThreadPoolForeg" requested_mask="r" denied_mask="r" fsuid=1000 ouid=0
Nov 28 23:06:33 pi kernel: [552472.891579] audit: type=1400 audit(1669694793.819:1319): apparmor="DENIED" operation="open" profile="snap.chromium.chromium" name="/run/udev/data/c505:1" pid=37012 comm="ThreadPoolForeg" requested_mask="r" denied_mask="r" fsuid=1000 ouid=0
Nov 28 23:06:33 pi kernel: [552472.901085] audit: type=1400 audit(1669694793.831:1320): apparmor="DENIED" operation="open" profile="snap.chromium.chromium" name="/run/udev/data/+sdio:mmc1:0001:3" pid=37012 comm="ThreadPoolForeg" requested_mask="r" denied_mask="r" fsuid=1000 ouid=0
Nov 28 23:06:33 pi kernel: [552472.908258] audit: type=1400 audit(1669694793.835:1321): apparmor="DENIED" operation="open" profile="snap.chromium.chromium" name="/run/udev/data/+sdio:mmc1:0001:1" pid=37012 comm="ThreadPoolForeg" requested_mask="r" denied_mask="r" fsuid=1000 ouid=0
Nov 28 23:06:33 pi kernel: [552472.911825] audit: type=1400 audit(1669694793.839:1322): apparmor="DENIED" operation="open" profile="snap.chromium.chromium" name="/run/udev/data/+sdio:mmc1:0001:2" pid=37012 comm="ThreadPoolForeg" requested_mask="r" denied_mask="r" fsuid=1000 ouid=0
Nov 28 23:06:33 pi kernel: [552472.918867] audit: type=1400 audit(1669694793.847:1323): apparmor="DENIED" operation="open" profile="snap.chromium.chromium" name="/run/udev/data/c506:1" pid=37012 comm="ThreadPoolForeg" requested_mask="r" denied_mask="r" fsuid=1000 ouid=0
Nov 28 23:06:33 pi kernel: [552472.924074] audit: type=1400 audit(1669694793.851:1324): apparmor="DENIED" operation="open" profile="snap.chromium.chromium" name="/run/udev/data/c506:0" pid=37012 comm="ThreadPoolForeg" requested_mask="r" denied_mask="r" fsuid=1000 ouid=0
Nov 28 23:06:33 pi kernel: [552472.944114] audit: type=1400 audit(1669694793.871:1325): apparmor="DENIED" operation="open" profile="snap.chromium.chromium" name="/run/udev/data/+udc:fe980000.usb" pid=37012 comm="ThreadPoolForeg" requested_mask="r" denied_mask="r" fsuid=1000 ouid=0
Nov 28 23:06:33 pi kernel: [552472.956466] audit: type=1400 audit(1669694793.887:1326): apparmor="DENIED" operation="open" profile="snap.chromium.chromium" name="/run/udev/data/c509:0" pid=37012 comm="ThreadPoolForeg" requested_mask="r" denied_mask="r" fsuid=1000 ouid=0
Nov 28 23:06:51 pi kernel: [552490.446457] v3d fec00000.v3d: MMU error from client L2T (0) at 0xd041000, pte invalid
Nov 28 23:21:54 pi kernel: [553393.654534] vc4-drm gpu: swiotlb buffer is full (sz: 524288 bytes), total 32768 (slots), used 3466 (slots)
Nov 28 23:21:54 pi kernel: [553393.741883] vc4-drm gpu: swiotlb buffer is full (sz: 524288 bytes), total 32768 (slots), used 1206 (slots)
Nov 28 23:21:54 pi kernel: [553393.833018] vc4-drm gpu: swiotlb buffer is full (sz: 1048576 bytes), total 32768 (slots), used 90 (slots)
Nov 29 03:48:16 pi kernel: [569376.175858] kauditd_printk_skb: 522 callbacks suppressed
Nov 29 03:48:16 pi kernel: [569376.175871] audit: type=1326 audit(1669711696.955:1849): auid=1000 uid=1000 gid=1000 ses=111 subj=snap.snap-store.ubuntu-software pid=12195 comm="pool-org.gnome." exe="/snap/snap-store/600/usr/bin/snap-store" sig=0 arch=c00000b7 syscall=55 compat=0 ip=0xffff7e4a7ee8 code=0x50000
Nov 29 06:48:35 pi kernel: [580194.355168] audit: type=1326 audit(1669722515.048:1850): auid=1000 uid=1000 gid=1000 ses=111 subj=snap.snap-store.ubuntu-software pid=12195 comm="pool-org.gnome." exe="/snap/snap-store/600/usr/bin/snap-store" sig=0 arch=c00000b7 syscall=55 compat=0 ip=0xffff7e4a7ee8 code=0x50000
Nov 29 11:48:16 pi kernel: [598176.439343] audit: type=1326 audit(1669740496.979:1851): auid=1000 uid=1000 gid=1000 ses=111 subj=snap.snap-store.ubuntu-software pid=12195 comm="pool-org.gnome." exe="/snap/snap-store/600/usr/bin/snap-store" sig=0 arch=c00000b7 syscall=55 compat=0 ip=0xffff7e4a7ee8 code=0x50000
Nov 29 17:49:49 pi kernel: [619868.873300] loop15: detected capacity change from 0 to 584
Nov 29 17:49:53 pi kernel: [619873.402434] audit: type=1400 audit(1669762193.757:1852): apparmor="STATUS" operation="profile_replace" info="same as current profile, skipping" profile="unconfined" name="/snap/snapd/17885/usr/lib/snapd/snap-confine" pid=41548 comm="apparmor_parser"
Nov 29 17:49:53 pi kernel: [619873.402465] audit: type=1400 audit(1669762193.757:1853): apparmor="STATUS" operation="profile_replace" info="same as current profile, skipping" profile="unconfined" name="/snap/snapd/17885/usr/lib/snapd/snap-confine//mount-namespace-capture-helper" pid=41548 comm="apparmor_parser"
Nov 29 17:49:54 pi kernel: [619874.270733] audit: type=1400 audit(1669762194.625:1854): apparmor="STATUS" operation="profile_replace" profile="unconfined" name="snap.snapd-desktop-integration.hook.configure" pid=41551 comm="apparmor_parser"
Nov 29 17:49:56 pi kernel: [619876.127047] audit: type=1400 audit(1669762196.480:1855): apparmor="STATUS" operation="profile_replace" profile="unconfined" name="snap.snapd-desktop-integration.snapd-desktop-integration" pid=41552 comm="apparmor_parser"
Nov 29 17:49:57 pi kernel: [619876.718751] audit: type=1400 audit(1669762197.072:1856): apparmor="STATUS" operation="profile_replace" profile="unconfined" name="snap-update-ns.snapd-desktop-integration" pid=41550 comm="apparmor_parser"
Nov 29 17:49:59 pi kernel: [619879.078146] audit: type=1400 audit(1669762199.428:1857): apparmor="DENIED" operation="capable" profile="/snap/snapd/17885/usr/lib/snapd/snap-confine" pid=41562 comm="snap-confine" capability=12  capname="net_admin"
Nov 29 17:50:02 pi kernel: [619882.025890] audit: type=1326 audit(1669762202.376:1858): auid=1000 uid=1000 gid=1000 ses=111 subj=snap.snapd-desktop-integration.snapd-desktop-integration pid=41562 comm="snapd-desktop-i" exe="/snap/snapd-desktop-integration/44/usr/bin/snapd-desktop-integration" sig=0 arch=c00000b7 syscall=274 compat=0 ip=0xffff8ccd48c4 code=0x50000
Nov 29 20:30:04 pi kernel: [629484.573589] loop16: detected capacity change from 0 to 436728
Nov 29 20:30:19 pi kernel: [629499.562280] audit: type=1400 audit(1669771819.834:1859): apparmor="STATUS" operation="profile_replace" info="same as current profile, skipping" profile="unconfined" name="/snap/snapd/17885/usr/lib/snapd/snap-confine" pid=42162 comm="apparmor_parser"
Nov 29 20:30:19 pi kernel: [629499.562314] audit: type=1400 audit(1669771819.834:1860): apparmor="STATUS" operation="profile_replace" info="same as current profile, skipping" profile="unconfined" name="/snap/snapd/17885/usr/lib/snapd/snap-confine//mount-namespace-capture-helper" pid=42162 comm="apparmor_parser"
Nov 29 20:30:22 pi kernel: [629502.159020] audit: type=1400 audit(1669771822.430:1861): apparmor="STATUS" operation="profile_replace" profile="unconfined" name="snap-update-ns.firefox" pid=42164 comm="apparmor_parser"
Nov 29 20:30:24 pi kernel: [629504.440430] audit: type=1400 audit(1669771824.710:1862): apparmor="STATUS" operation="profile_replace" profile="unconfined" name="snap.firefox.firefox" pid=42165 comm="apparmor_parser"
Nov 29 20:30:25 pi kernel: [629505.214894] audit: type=1400 audit(1669771825.486:1863): apparmor="STATUS" operation="profile_replace" profile="unconfined" name="snap.firefox.hook.configure" pid=42168 comm="apparmor_parser"
Nov 29 20:30:26 pi kernel: [629505.842915] audit: type=1400 audit(1669771826.114:1864): apparmor="STATUS" operation="profile_replace" profile="unconfined" name="snap.firefox.hook.connect-plug-host-hunspell" pid=42169 comm="apparmor_parser"
Nov 29 20:30:26 pi kernel: [629506.363456] audit: type=1400 audit(1669771826.634:1865): apparmor="STATUS" operation="profile_replace" profile="unconfined" name="snap.firefox.hook.disconnect-plug-host-hunspell" pid=42170 comm="apparmor_parser"
Nov 29 20:30:27 pi kernel: [629506.943185] audit: type=1400 audit(1669771827.214:1866): apparmor="STATUS" operation="profile_replace" profile="unconfined" name="snap.firefox.hook.post-refresh" pid=42171 comm="apparmor_parser"
Nov 29 20:30:27 pi kernel: [629507.107352] audit: type=1400 audit(1669771827.378:1867): apparmor="STATUS" operation="profile_replace" profile="unconfined" name="snap.firefox.geckodriver" pid=42167 comm="apparmor_parser"
Nov 30 06:06:39 pi kernel: [664079.347500] audit: type=1326 audit(1669806399.322:1868): auid=1000 uid=1000 gid=1000 ses=111 subj=snap.snap-store.ubuntu-software pid=12195 comm="pool-org.gnome." exe="/snap/snap-store/600/usr/bin/snap-store" sig=0 arch=c00000b7 syscall=55 compat=0 ip=0xffff7e4a7ee8 code=0x50000
