2022-11-01 06:17:57,268 - timer.py:(48) [DEBUG]: Running job: update_messaging
2022-11-01 06:17:57,537 - timer.py:(50) [DEBUG]: Executed job: update_messaging
2022-11-01 06:17:57,537 - timer.py:(48) [DEBUG]: Running job: update_status
2022-11-01 06:17:57,537 - timer.py:(50) [DEBUG]: Executed job: update_status
2022-11-01 06:17:57,538 - timer.py:(48) [DEBUG]: Running job: metering
2022-11-01 12:38:34,002 - timer.py:(48) [DEBUG]: Running job: update_messaging
2022-11-01 12:38:34,271 - timer.py:(50) [DEBUG]: Executed job: update_messaging
2022-11-01 12:38:34,272 - timer.py:(48) [DEBUG]: Running job: metering
2022-11-01 18:42:30,778 - timer.py:(48) [DEBUG]: Running job: update_messaging
2022-11-01 18:42:31,045 - timer.py:(50) [DEBUG]: Executed job: update_messaging
2022-11-01 18:42:31,046 - timer.py:(48) [DEBUG]: Running job: update_status
2022-11-01 18:42:31,046 - timer.py:(50) [DEBUG]: Executed job: update_status
2022-11-01 18:42:31,046 - timer.py:(48) [DEBUG]: Running job: metering
2022-11-02 01:08:57,268 - timer.py:(48) [DEBUG]: Running job: update_messaging
2022-11-02 01:08:57,540 - timer.py:(50) [DEBUG]: Executed job: update_messaging
2022-11-02 01:08:57,540 - timer.py:(48) [DEBUG]: Running job: metering
2022-11-02 07:24:57,261 - timer.py:(48) [DEBUG]: Running job: update_messaging
2022-11-02 07:24:57,530 - timer.py:(50) [DEBUG]: Executed job: update_messaging
2022-11-02 07:24:57,531 - timer.py:(48) [DEBUG]: Running job: update_status
2022-11-02 07:24:57,531 - timer.py:(50) [DEBUG]: Executed job: update_status
2022-11-02 07:24:57,531 - timer.py:(48) [DEBUG]: Running job: metering
2022-11-02 14:03:51,727 - timer.py:(48) [DEBUG]: Running job: update_messaging
2022-11-02 14:03:51,993 - timer.py:(50) [DEBUG]: Executed job: update_messaging
2022-11-02 14:03:51,994 - timer.py:(48) [DEBUG]: Running job: metering
2022-11-02 21:02:28,005 - timer.py:(48) [DEBUG]: Running job: update_messaging
2022-11-02 21:02:28,273 - timer.py:(50) [DEBUG]: Executed job: update_messaging
2022-11-02 21:02:28,274 - timer.py:(48) [DEBUG]: Running job: update_status
2022-11-02 21:02:28,274 - timer.py:(50) [DEBUG]: Executed job: update_status
2022-11-02 21:02:28,274 - timer.py:(48) [DEBUG]: Running job: metering
2022-11-03 03:55:57,256 - timer.py:(48) [DEBUG]: Running job: update_messaging
2022-11-03 03:55:57,528 - timer.py:(50) [DEBUG]: Executed job: update_messaging
2022-11-03 03:55:57,529 - timer.py:(48) [DEBUG]: Running job: metering
2022-11-03 10:04:29,013 - timer.py:(48) [DEBUG]: Running job: update_messaging
2022-11-03 10:04:31,522 - timer.py:(50) [DEBUG]: Executed job: update_messaging
2022-11-03 10:04:31,523 - timer.py:(48) [DEBUG]: Running job: update_status
2022-11-03 10:04:31,523 - timer.py:(50) [DEBUG]: Executed job: update_status
2022-11-03 10:04:31,523 - timer.py:(48) [DEBUG]: Running job: metering
2022-11-03 16:29:57,264 - timer.py:(48) [DEBUG]: Running job: update_messaging
2022-11-03 16:29:57,539 - timer.py:(50) [DEBUG]: Executed job: update_messaging
2022-11-03 16:29:57,540 - timer.py:(48) [DEBUG]: Running job: metering
2022-11-03 22:49:17,504 - timer.py:(48) [DEBUG]: Running job: update_messaging
2022-11-03 22:49:17,770 - timer.py:(50) [DEBUG]: Executed job: update_messaging
2022-11-03 22:49:17,770 - timer.py:(48) [DEBUG]: Running job: update_status
2022-11-03 22:49:17,771 - timer.py:(50) [DEBUG]: Executed job: update_status
2022-11-03 22:49:17,771 - timer.py:(48) [DEBUG]: Running job: metering
2022-11-04 05:26:57,263 - timer.py:(48) [DEBUG]: Running job: update_messaging
2022-11-04 05:26:57,530 - timer.py:(50) [DEBUG]: Executed job: update_messaging
2022-11-04 05:26:57,531 - timer.py:(48) [DEBUG]: Running job: metering
2022-11-04 11:35:00,783 - timer.py:(48) [DEBUG]: Running job: update_messaging
2022-11-04 11:35:01,051 - timer.py:(50) [DEBUG]: Executed job: update_messaging
2022-11-04 11:35:01,051 - timer.py:(48) [DEBUG]: Running job: update_status
2022-11-04 11:35:01,051 - timer.py:(50) [DEBUG]: Executed job: update_status
2022-11-04 11:35:01,052 - timer.py:(48) [DEBUG]: Running job: metering
2022-11-04 17:58:57,270 - timer.py:(48) [DEBUG]: Running job: update_messaging
2022-11-04 17:58:57,541 - timer.py:(50) [DEBUG]: Executed job: update_messaging
2022-11-04 17:58:57,542 - timer.py:(48) [DEBUG]: Running job: metering
2022-11-05 00:47:53,468 - timer.py:(48) [DEBUG]: Running job: update_messaging
2022-11-05 00:47:53,741 - timer.py:(50) [DEBUG]: Executed job: update_messaging
2022-11-05 00:47:53,742 - timer.py:(48) [DEBUG]: Running job: update_status
2022-11-05 00:47:53,742 - timer.py:(50) [DEBUG]: Executed job: update_status
2022-11-05 00:47:53,742 - timer.py:(48) [DEBUG]: Running job: metering
2022-11-05 07:29:49,020 - timer.py:(48) [DEBUG]: Running job: update_messaging
2022-11-05 07:29:51,542 - timer.py:(50) [DEBUG]: Executed job: update_messaging
2022-11-05 07:29:51,543 - timer.py:(48) [DEBUG]: Running job: metering
2022-11-05 13:36:48,011 - timer.py:(48) [DEBUG]: Running job: update_messaging
2022-11-05 13:36:48,286 - timer.py:(50) [DEBUG]: Executed job: update_messaging
2022-11-05 13:36:48,286 - timer.py:(48) [DEBUG]: Running job: update_status
2022-11-05 13:36:48,287 - timer.py:(50) [DEBUG]: Executed job: update_status
2022-11-05 13:36:48,287 - timer.py:(48) [DEBUG]: Running job: metering
2022-11-05 20:21:57,260 - timer.py:(48) [DEBUG]: Running job: update_messaging
2022-11-05 20:21:57,528 - timer.py:(50) [DEBUG]: Executed job: update_messaging
2022-11-05 20:21:57,529 - timer.py:(48) [DEBUG]: Running job: metering
2022-11-06 01:56:50,771 - timer.py:(48) [DEBUG]: Running job: update_messaging
2022-11-06 01:56:51,044 - timer.py:(50) [DEBUG]: Executed job: update_messaging
2022-11-06 01:56:51,044 - timer.py:(48) [DEBUG]: Running job: update_status
2022-11-06 01:56:51,045 - timer.py:(50) [DEBUG]: Executed job: update_status
2022-11-06 01:56:51,045 - timer.py:(48) [DEBUG]: Running job: metering
2022-11-06 08:14:57,273 - timer.py:(48) [DEBUG]: Running job: update_messaging
2022-11-06 08:14:59,791 - timer.py:(50) [DEBUG]: Executed job: update_messaging
2022-11-06 08:14:59,791 - timer.py:(48) [DEBUG]: Running job: metering
2022-11-06 14:36:57,271 - timer.py:(48) [DEBUG]: Running job: update_messaging
2022-11-06 14:36:57,544 - timer.py:(50) [DEBUG]: Executed job: update_messaging
2022-11-06 14:36:57,544 - timer.py:(48) [DEBUG]: Running job: update_status
2022-11-06 14:36:57,545 - timer.py:(50) [DEBUG]: Executed job: update_status
2022-11-06 14:36:57,545 - timer.py:(48) [DEBUG]: Running job: metering
2022-11-06 20:49:57,267 - timer.py:(48) [DEBUG]: Running job: update_messaging
2022-11-06 20:49:57,537 - timer.py:(50) [DEBUG]: Executed job: update_messaging
2022-11-06 20:49:57,538 - timer.py:(48) [DEBUG]: Running job: metering
2022-11-07 03:05:57,274 - timer.py:(48) [DEBUG]: Running job: update_messaging
2022-11-07 03:05:57,548 - timer.py:(50) [DEBUG]: Executed job: update_messaging
2022-11-07 03:05:57,548 - timer.py:(48) [DEBUG]: Running job: update_status
2022-11-07 03:05:57,549 - timer.py:(50) [DEBUG]: Executed job: update_status
2022-11-07 03:05:57,549 - timer.py:(48) [DEBUG]: Running job: metering
2022-11-07 09:08:27,035 - timer.py:(48) [DEBUG]: Running job: update_messaging
2022-11-07 09:08:27,308 - timer.py:(50) [DEBUG]: Executed job: update_messaging
2022-11-07 09:08:27,309 - timer.py:(48) [DEBUG]: Running job: metering
2022-11-07 15:35:54,263 - timer.py:(48) [DEBUG]: Running job: update_messaging
2022-11-07 15:35:54,533 - timer.py:(50) [DEBUG]: Executed job: update_messaging
2022-11-07 15:35:54,533 - timer.py:(48) [DEBUG]: Running job: update_status
2022-11-07 15:35:54,533 - timer.py:(50) [DEBUG]: Executed job: update_status
2022-11-07 15:35:54,534 - timer.py:(48) [DEBUG]: Running job: metering
2022-11-07 22:12:30,782 - timer.py:(48) [DEBUG]: Running job: update_messaging
2022-11-07 22:12:31,056 - timer.py:(50) [DEBUG]: Executed job: update_messaging
2022-11-07 22:12:31,057 - timer.py:(48) [DEBUG]: Running job: metering
2022-11-08 04:23:37,272 - timer.py:(48) [DEBUG]: Running job: update_messaging
2022-11-08 04:23:37,544 - timer.py:(50) [DEBUG]: Executed job: update_messaging
2022-11-08 04:23:37,544 - timer.py:(48) [DEBUG]: Running job: update_status
2022-11-08 04:23:37,544 - timer.py:(50) [DEBUG]: Executed job: update_status
2022-11-08 04:23:37,545 - timer.py:(48) [DEBUG]: Running job: metering
2022-11-08 10:39:39,510 - timer.py:(48) [DEBUG]: Running job: update_messaging
2022-11-08 10:39:39,775 - timer.py:(50) [DEBUG]: Executed job: update_messaging
2022-11-08 10:39:39,775 - timer.py:(48) [DEBUG]: Running job: metering
2022-11-08 16:58:40,767 - timer.py:(48) [DEBUG]: Running job: update_messaging
2022-11-08 16:58:41,037 - timer.py:(50) [DEBUG]: Executed job: update_messaging
2022-11-08 16:58:41,037 - timer.py:(48) [DEBUG]: Running job: update_status
2022-11-08 16:58:41,038 - timer.py:(50) [DEBUG]: Executed job: update_status
2022-11-08 16:58:41,038 - timer.py:(48) [DEBUG]: Running job: metering
2022-11-08 23:49:14,759 - timer.py:(48) [DEBUG]: Running job: update_messaging
2022-11-08 23:49:15,030 - timer.py:(50) [DEBUG]: Executed job: update_messaging
2022-11-08 23:49:15,030 - timer.py:(48) [DEBUG]: Running job: metering
2022-11-09 06:18:44,019 - timer.py:(48) [DEBUG]: Running job: update_messaging
2022-11-09 06:18:44,286 - timer.py:(50) [DEBUG]: Executed job: update_messaging
2022-11-09 06:18:44,287 - timer.py:(48) [DEBUG]: Running job: update_status
2022-11-09 06:18:44,287 - timer.py:(50) [DEBUG]: Executed job: update_status
2022-11-09 06:18:44,287 - timer.py:(48) [DEBUG]: Running job: metering
2022-11-09 12:43:44,020 - timer.py:(48) [DEBUG]: Running job: update_messaging
2022-11-09 12:43:44,289 - timer.py:(50) [DEBUG]: Executed job: update_messaging
2022-11-09 12:43:44,289 - timer.py:(48) [DEBUG]: Running job: metering
2022-11-09 19:02:57,258 - timer.py:(48) [DEBUG]: Running job: update_messaging
2022-11-09 19:02:57,527 - timer.py:(50) [DEBUG]: Executed job: update_messaging
2022-11-09 19:02:57,528 - timer.py:(48) [DEBUG]: Running job: update_status
2022-11-09 19:02:57,528 - timer.py:(50) [DEBUG]: Executed job: update_status
2022-11-09 19:02:57,528 - timer.py:(48) [DEBUG]: Running job: metering
2022-11-10 01:16:29,007 - timer.py:(48) [DEBUG]: Running job: update_messaging
2022-11-10 01:16:29,275 - timer.py:(50) [DEBUG]: Executed job: update_messaging
2022-11-10 01:16:29,276 - timer.py:(48) [DEBUG]: Running job: metering
2022-11-10 07:57:52,765 - timer.py:(48) [DEBUG]: Running job: update_messaging
2022-11-10 07:57:53,040 - timer.py:(50) [DEBUG]: Executed job: update_messaging
2022-11-10 07:57:53,041 - timer.py:(48) [DEBUG]: Running job: update_status
2022-11-10 07:57:53,041 - timer.py:(50) [DEBUG]: Executed job: update_status
2022-11-10 07:57:53,041 - timer.py:(48) [DEBUG]: Running job: metering
2022-11-10 14:39:37,763 - timer.py:(48) [DEBUG]: Running job: update_messaging
2022-11-10 14:39:38,034 - timer.py:(50) [DEBUG]: Executed job: update_messaging
2022-11-10 14:39:38,034 - timer.py:(48) [DEBUG]: Running job: metering
2022-11-10 21:38:31,768 - timer.py:(48) [DEBUG]: Running job: update_messaging
2022-11-10 21:38:32,035 - timer.py:(50) [DEBUG]: Executed job: update_messaging
2022-11-10 21:38:32,035 - timer.py:(48) [DEBUG]: Running job: update_status
2022-11-10 21:38:32,036 - timer.py:(50) [DEBUG]: Executed job: update_status
2022-11-10 21:38:32,036 - timer.py:(48) [DEBUG]: Running job: metering
2022-11-11 04:04:57,257 - timer.py:(48) [DEBUG]: Running job: update_messaging
2022-11-11 04:04:57,525 - timer.py:(50) [DEBUG]: Executed job: update_messaging
2022-11-11 04:04:57,525 - timer.py:(48) [DEBUG]: Running job: metering
2022-11-11 11:04:45,959 - timer.py:(48) [DEBUG]: Running job: update_messaging
2022-11-11 11:04:46,229 - timer.py:(50) [DEBUG]: Executed job: update_messaging
2022-11-11 11:04:46,230 - timer.py:(48) [DEBUG]: Running job: update_status
2022-11-11 11:04:46,230 - timer.py:(50) [DEBUG]: Executed job: update_status
2022-11-11 11:04:46,230 - timer.py:(48) [DEBUG]: Running job: metering
2022-11-11 17:31:56,015 - timer.py:(48) [DEBUG]: Running job: update_messaging
2022-11-11 17:31:56,286 - timer.py:(50) [DEBUG]: Executed job: update_messaging
2022-11-11 17:31:56,287 - timer.py:(48) [DEBUG]: Running job: metering
2022-11-12 00:20:57,269 - timer.py:(48) [DEBUG]: Running job: update_messaging
2022-11-12 00:20:57,541 - timer.py:(50) [DEBUG]: Executed job: update_messaging
2022-11-12 00:20:57,541 - timer.py:(48) [DEBUG]: Running job: update_status
2022-11-12 00:20:57,542 - timer.py:(50) [DEBUG]: Executed job: update_status
2022-11-12 00:20:57,542 - timer.py:(48) [DEBUG]: Running job: metering
2022-11-12 07:14:34,760 - timer.py:(48) [DEBUG]: Running job: update_messaging
2022-11-12 07:14:35,040 - timer.py:(50) [DEBUG]: Executed job: update_messaging
2022-11-12 07:14:35,041 - timer.py:(48) [DEBUG]: Running job: metering
2022-11-12 13:36:34,509 - timer.py:(48) [DEBUG]: Running job: update_messaging
2022-11-12 13:36:34,777 - timer.py:(50) [DEBUG]: Executed job: update_messaging
2022-11-12 13:36:34,778 - timer.py:(48) [DEBUG]: Running job: update_status
2022-11-12 13:36:34,778 - timer.py:(50) [DEBUG]: Executed job: update_status
2022-11-12 13:36:34,778 - timer.py:(48) [DEBUG]: Running job: metering
2022-11-12 19:50:51,254 - timer.py:(48) [DEBUG]: Running job: update_messaging
2022-11-12 19:50:51,556 - timer.py:(50) [DEBUG]: Executed job: update_messaging
2022-11-12 19:50:51,558 - timer.py:(48) [DEBUG]: Running job: metering
2022-11-13 02:40:47,276 - timer.py:(48) [DEBUG]: Running job: update_messaging
2022-11-13 02:40:47,542 - timer.py:(50) [DEBUG]: Executed job: update_messaging
2022-11-13 02:40:47,542 - timer.py:(48) [DEBUG]: Running job: update_status
2022-11-13 02:40:47,543 - timer.py:(50) [DEBUG]: Executed job: update_status
2022-11-13 02:40:47,543 - timer.py:(48) [DEBUG]: Running job: metering
2022-11-13 08:57:30,788 - timer.py:(48) [DEBUG]: Running job: update_messaging
2022-11-13 08:57:31,063 - timer.py:(50) [DEBUG]: Executed job: update_messaging
2022-11-13 08:57:31,063 - timer.py:(48) [DEBUG]: Running job: metering
2022-11-13 15:05:34,258 - timer.py:(48) [DEBUG]: Running job: update_messaging
2022-11-13 15:05:34,526 - timer.py:(50) [DEBUG]: Executed job: update_messaging
2022-11-13 15:05:34,526 - timer.py:(48) [DEBUG]: Running job: update_status
2022-11-13 15:05:34,526 - timer.py:(50) [DEBUG]: Executed job: update_status
2022-11-13 15:05:34,527 - timer.py:(48) [DEBUG]: Running job: metering
2022-11-14 00:09:21,781 - timer.py:(48) [DEBUG]: Running job: update_messaging
2022-11-14 00:09:22,055 - timer.py:(50) [DEBUG]: Executed job: update_messaging
2022-11-14 00:09:22,056 - timer.py:(48) [DEBUG]: Running job: metering
2022-11-14 06:41:03,268 - timer.py:(48) [DEBUG]: Running job: update_messaging
2022-11-14 06:41:05,780 - timer.py:(50) [DEBUG]: Executed job: update_messaging
2022-11-14 06:41:05,780 - timer.py:(48) [DEBUG]: Running job: update_status
2022-11-14 06:41:05,780 - timer.py:(50) [DEBUG]: Executed job: update_status
2022-11-14 06:41:05,781 - timer.py:(48) [DEBUG]: Running job: metering
2022-11-14 13:33:03,276 - timer.py:(48) [DEBUG]: Running job: update_messaging
2022-11-14 13:33:03,540 - timer.py:(50) [DEBUG]: Executed job: update_messaging
2022-11-14 13:33:03,540 - timer.py:(48) [DEBUG]: Running job: metering
2022-11-14 20:05:43,281 - timer.py:(48) [DEBUG]: Running job: update_messaging
2022-11-14 20:05:43,543 - timer.py:(50) [DEBUG]: Executed job: update_messaging
2022-11-14 20:05:43,544 - timer.py:(48) [DEBUG]: Running job: update_status
2022-11-14 20:05:43,544 - timer.py:(50) [DEBUG]: Executed job: update_status
2022-11-14 20:05:43,544 - timer.py:(48) [DEBUG]: Running job: metering
2022-11-15 02:25:39,020 - timer.py:(48) [DEBUG]: Running job: update_messaging
2022-11-15 02:25:39,287 - timer.py:(50) [DEBUG]: Executed job: update_messaging
2022-11-15 02:25:39,287 - timer.py:(48) [DEBUG]: Running job: metering
2022-11-15 08:29:37,777 - timer.py:(48) [DEBUG]: Running job: update_messaging
2022-11-15 08:29:40,311 - timer.py:(50) [DEBUG]: Executed job: update_messaging
2022-11-15 08:29:40,311 - timer.py:(48) [DEBUG]: Running job: update_status
2022-11-15 08:29:40,311 - timer.py:(50) [DEBUG]: Executed job: update_status
2022-11-15 08:29:40,312 - timer.py:(48) [DEBUG]: Running job: metering
2022-11-15 14:47:43,272 - timer.py:(48) [DEBUG]: Running job: update_messaging
2022-11-15 14:47:43,540 - timer.py:(50) [DEBUG]: Executed job: update_messaging
2022-11-15 14:47:43,540 - timer.py:(48) [DEBUG]: Running job: metering
2022-11-15 20:52:38,275 - timer.py:(48) [DEBUG]: Running job: update_messaging
2022-11-15 20:52:38,542 - timer.py:(50) [DEBUG]: Executed job: update_messaging
2022-11-15 20:52:38,543 - timer.py:(48) [DEBUG]: Running job: update_status
2022-11-15 20:52:38,543 - timer.py:(50) [DEBUG]: Executed job: update_status
2022-11-15 20:52:38,543 - timer.py:(48) [DEBUG]: Running job: metering
2022-11-16 03:18:59,966 - timer.py:(48) [DEBUG]: Running job: update_messaging
2022-11-16 03:19:00,234 - timer.py:(50) [DEBUG]: Executed job: update_messaging
2022-11-16 03:19:00,234 - timer.py:(48) [DEBUG]: Running job: metering
2022-11-16 09:44:43,270 - timer.py:(48) [DEBUG]: Running job: update_messaging
2022-11-16 09:44:43,537 - timer.py:(50) [DEBUG]: Executed job: update_messaging
2022-11-16 09:44:43,538 - timer.py:(48) [DEBUG]: Running job: update_status
2022-11-16 09:44:43,538 - timer.py:(50) [DEBUG]: Executed job: update_status
2022-11-16 09:44:43,538 - timer.py:(48) [DEBUG]: Running job: metering
2022-11-16 15:57:03,275 - timer.py:(48) [DEBUG]: Running job: update_messaging
2022-11-16 15:57:03,547 - timer.py:(50) [DEBUG]: Executed job: update_messaging
2022-11-16 15:57:03,548 - timer.py:(48) [DEBUG]: Running job: metering
2022-11-16 22:01:53,268 - timer.py:(48) [DEBUG]: Running job: update_messaging
2022-11-16 22:01:53,532 - timer.py:(50) [DEBUG]: Executed job: update_messaging
2022-11-16 22:01:53,533 - timer.py:(48) [DEBUG]: Running job: update_status
2022-11-16 22:01:53,533 - timer.py:(50) [DEBUG]: Executed job: update_status
2022-11-16 22:01:53,533 - timer.py:(48) [DEBUG]: Running job: metering
2022-11-17 04:32:03,270 - timer.py:(48) [DEBUG]: Running job: update_messaging
2022-11-17 04:32:03,534 - timer.py:(50) [DEBUG]: Executed job: update_messaging
2022-11-17 04:32:03,535 - timer.py:(48) [DEBUG]: Running job: metering
2022-11-17 11:22:46,774 - timer.py:(48) [DEBUG]: Running job: update_messaging
2022-11-17 11:22:49,317 - timer.py:(50) [DEBUG]: Executed job: update_messaging
2022-11-17 11:22:49,317 - timer.py:(48) [DEBUG]: Running job: update_status
2022-11-17 11:22:49,317 - timer.py:(50) [DEBUG]: Executed job: update_status
2022-11-17 11:22:49,318 - timer.py:(48) [DEBUG]: Running job: metering
2022-11-17 17:53:59,967 - timer.py:(48) [DEBUG]: Running job: update_messaging
2022-11-17 17:54:00,234 - timer.py:(50) [DEBUG]: Executed job: update_messaging
2022-11-17 17:54:00,234 - timer.py:(48) [DEBUG]: Running job: metering
2022-11-18 00:01:56,649 - timer.py:(48) [DEBUG]: Running job: update_messaging
2022-11-18 00:01:56,916 - timer.py:(50) [DEBUG]: Executed job: update_messaging
2022-11-18 00:01:56,917 - timer.py:(48) [DEBUG]: Running job: update_status
2022-11-18 00:01:56,917 - timer.py:(50) [DEBUG]: Executed job: update_status
2022-11-18 00:01:56,917 - timer.py:(48) [DEBUG]: Running job: metering
2022-11-18 06:22:46,771 - timer.py:(48) [DEBUG]: Running job: update_messaging
2022-11-18 06:22:49,331 - timer.py:(50) [DEBUG]: Executed job: update_messaging
2022-11-18 06:22:49,331 - timer.py:(48) [DEBUG]: Running job: metering
2022-11-18 13:08:43,274 - timer.py:(48) [DEBUG]: Running job: update_messaging
2022-11-18 13:08:43,541 - timer.py:(50) [DEBUG]: Executed job: update_messaging
2022-11-18 13:08:43,541 - timer.py:(48) [DEBUG]: Running job: update_status
2022-11-18 13:08:43,541 - timer.py:(50) [DEBUG]: Executed job: update_status
2022-11-18 13:08:43,542 - timer.py:(48) [DEBUG]: Running job: metering
2022-11-18 19:33:58,769 - timer.py:(48) [DEBUG]: Running job: update_messaging
2022-11-18 19:33:59,034 - timer.py:(50) [DEBUG]: Executed job: update_messaging
2022-11-18 19:33:59,034 - timer.py:(48) [DEBUG]: Running job: metering
2022-11-19 01:38:59,965 - timer.py:(48) [DEBUG]: Running job: update_messaging
2022-11-19 01:39:00,232 - timer.py:(50) [DEBUG]: Executed job: update_messaging
2022-11-19 01:39:00,232 - timer.py:(48) [DEBUG]: Running job: update_status
2022-11-19 01:39:00,232 - timer.py:(50) [DEBUG]: Executed job: update_status
2022-11-19 01:39:00,233 - timer.py:(48) [DEBUG]: Running job: metering
2022-11-19 07:52:03,274 - timer.py:(48) [DEBUG]: Running job: update_messaging
2022-11-19 07:52:05,809 - timer.py:(50) [DEBUG]: Executed job: update_messaging
2022-11-19 07:52:05,810 - timer.py:(48) [DEBUG]: Running job: metering
2022-11-19 14:04:40,523 - timer.py:(48) [DEBUG]: Running job: update_messaging
2022-11-19 14:04:40,791 - timer.py:(50) [DEBUG]: Executed job: update_messaging
2022-11-19 14:04:40,792 - timer.py:(48) [DEBUG]: Running job: update_status
2022-11-19 14:04:40,792 - timer.py:(50) [DEBUG]: Executed job: update_status
2022-11-19 14:04:40,792 - timer.py:(48) [DEBUG]: Running job: metering
2022-11-19 23:58:05,854 - timer.py:(48) [DEBUG]: Running job: update_messaging
2022-11-19 23:58:06,125 - timer.py:(50) [DEBUG]: Executed job: update_messaging
2022-11-19 23:58:06,126 - timer.py:(48) [DEBUG]: Running job: metering
2022-11-20 06:46:05,845 - timer.py:(48) [DEBUG]: Running job: update_messaging
2022-11-20 06:46:06,108 - timer.py:(50) [DEBUG]: Executed job: update_messaging
2022-11-20 06:46:06,108 - timer.py:(48) [DEBUG]: Running job: update_status
2022-11-20 06:46:06,109 - timer.py:(50) [DEBUG]: Executed job: update_status
2022-11-20 06:46:06,109 - timer.py:(48) [DEBUG]: Running job: metering
2022-11-20 13:25:58,101 - timer.py:(48) [DEBUG]: Running job: update_messaging
2022-11-20 13:26:00,625 - timer.py:(50) [DEBUG]: Executed job: update_messaging
2022-11-20 13:26:00,626 - timer.py:(48) [DEBUG]: Running job: metering
2022-11-20 22:42:48,663 - timer.py:(48) [DEBUG]: Running job: update_messaging
2022-11-20 22:42:48,934 - timer.py:(50) [DEBUG]: Executed job: update_messaging
2022-11-20 22:42:48,934 - timer.py:(48) [DEBUG]: Running job: update_status
2022-11-20 22:42:48,935 - timer.py:(50) [DEBUG]: Executed job: update_status
2022-11-20 22:42:48,935 - timer.py:(48) [DEBUG]: Running job: metering
2022-11-21 04:51:47,817 - timer.py:(48) [DEBUG]: Running job: update_messaging
2022-11-21 04:51:48,082 - timer.py:(50) [DEBUG]: Executed job: update_messaging
2022-11-21 04:51:48,083 - timer.py:(48) [DEBUG]: Running job: metering
2022-11-21 11:10:16,924 - timer.py:(48) [DEBUG]: Running job: update_messaging
2022-11-21 11:10:17,186 - timer.py:(50) [DEBUG]: Executed job: update_messaging
2022-11-21 11:10:17,186 - timer.py:(48) [DEBUG]: Running job: update_status
2022-11-21 11:10:17,186 - timer.py:(50) [DEBUG]: Executed job: update_status
2022-11-21 11:10:17,187 - timer.py:(48) [DEBUG]: Running job: metering
2022-11-21 17:51:47,842 - timer.py:(48) [DEBUG]: Running job: update_messaging
2022-11-21 17:51:48,108 - timer.py:(50) [DEBUG]: Executed job: update_messaging
2022-11-21 17:51:48,109 - timer.py:(48) [DEBUG]: Running job: metering
2022-11-22 00:22:58,173 - timer.py:(48) [DEBUG]: Running job: update_messaging
2022-11-22 00:22:58,442 - timer.py:(50) [DEBUG]: Executed job: update_messaging
2022-11-22 00:22:58,442 - timer.py:(48) [DEBUG]: Running job: update_status
2022-11-22 00:22:58,442 - timer.py:(50) [DEBUG]: Executed job: update_status
2022-11-22 00:22:58,442 - timer.py:(48) [DEBUG]: Running job: metering
2022-11-22 06:55:06,928 - timer.py:(48) [DEBUG]: Running job: update_messaging
2022-11-22 06:55:07,195 - timer.py:(50) [DEBUG]: Executed job: update_messaging
2022-11-22 06:55:07,195 - timer.py:(48) [DEBUG]: Running job: metering
2022-11-22 13:25:16,932 - timer.py:(48) [DEBUG]: Running job: update_messaging
2022-11-22 13:25:17,195 - timer.py:(50) [DEBUG]: Executed job: update_messaging
2022-11-22 13:25:17,195 - timer.py:(48) [DEBUG]: Running job: update_status
2022-11-22 13:25:17,196 - timer.py:(50) [DEBUG]: Executed job: update_status
2022-11-22 13:25:17,196 - timer.py:(48) [DEBUG]: Running job: metering
2022-11-22 20:34:01,261 - timer.py:(48) [DEBUG]: Running job: update_messaging
2022-11-22 20:34:01,535 - timer.py:(50) [DEBUG]: Executed job: update_messaging
2022-11-22 20:34:01,536 - timer.py:(48) [DEBUG]: Running job: metering
2022-11-23 02:55:10,017 - timer.py:(48) [DEBUG]: Running job: update_messaging
2022-11-23 02:55:10,278 - timer.py:(50) [DEBUG]: Executed job: update_messaging
2022-11-23 02:55:10,278 - timer.py:(48) [DEBUG]: Running job: update_status
2022-11-23 02:55:10,279 - timer.py:(50) [DEBUG]: Executed job: update_status
2022-11-23 02:55:10,279 - timer.py:(48) [DEBUG]: Running job: metering
2022-11-23 09:21:44,007 - timer.py:(48) [DEBUG]: Running job: update_messaging
2022-11-23 09:21:44,275 - timer.py:(50) [DEBUG]: Executed job: update_messaging
2022-11-23 09:21:44,275 - timer.py:(48) [DEBUG]: Running job: metering
2022-11-23 15:23:29,008 - timer.py:(48) [DEBUG]: Running job: update_messaging
2022-11-23 15:23:29,272 - timer.py:(50) [DEBUG]: Executed job: update_messaging
2022-11-23 15:23:29,272 - timer.py:(48) [DEBUG]: Running job: update_status
2022-11-23 15:23:29,273 - timer.py:(50) [DEBUG]: Executed job: update_status
2022-11-23 15:23:29,273 - timer.py:(48) [DEBUG]: Running job: metering
2022-11-23 21:31:08,105 - timer.py:(48) [DEBUG]: Running job: update_messaging
2022-11-23 21:31:08,378 - timer.py:(50) [DEBUG]: Executed job: update_messaging
2022-11-23 21:31:08,379 - timer.py:(48) [DEBUG]: Running job: metering
2022-11-24 03:39:45,761 - timer.py:(48) [DEBUG]: Running job: update_messaging
2022-11-24 03:39:46,029 - timer.py:(50) [DEBUG]: Executed job: update_messaging
2022-11-24 03:39:46,030 - timer.py:(48) [DEBUG]: Running job: update_status
2022-11-24 03:39:46,030 - timer.py:(50) [DEBUG]: Executed job: update_status
2022-11-24 03:39:46,030 - timer.py:(48) [DEBUG]: Running job: metering
2022-11-24 10:34:10,023 - timer.py:(48) [DEBUG]: Running job: update_messaging
2022-11-24 10:34:10,289 - timer.py:(50) [DEBUG]: Executed job: update_messaging
2022-11-24 10:34:10,290 - timer.py:(48) [DEBUG]: Running job: metering
2022-11-24 17:03:10,003 - timer.py:(48) [DEBUG]: Running job: update_messaging
2022-11-24 17:03:10,267 - timer.py:(50) [DEBUG]: Executed job: update_messaging
2022-11-24 17:03:10,268 - timer.py:(48) [DEBUG]: Running job: update_status
2022-11-24 17:03:10,268 - timer.py:(50) [DEBUG]: Executed job: update_status
2022-11-24 17:03:10,268 - timer.py:(48) [DEBUG]: Running job: metering
2022-11-25 00:00:18,759 - timer.py:(48) [DEBUG]: Running job: update_messaging
2022-11-25 00:00:19,022 - timer.py:(50) [DEBUG]: Executed job: update_messaging
2022-11-25 00:00:19,022 - timer.py:(48) [DEBUG]: Running job: metering
2022-11-25 06:08:48,262 - timer.py:(48) [DEBUG]: Running job: update_messaging
2022-11-25 06:08:48,525 - timer.py:(50) [DEBUG]: Executed job: update_messaging
2022-11-25 06:08:48,525 - timer.py:(48) [DEBUG]: Running job: update_status
2022-11-25 06:08:48,526 - timer.py:(50) [DEBUG]: Executed job: update_status
2022-11-25 06:08:48,526 - timer.py:(48) [DEBUG]: Running job: metering
2022-11-25 12:43:47,953 - timer.py:(48) [DEBUG]: Running job: update_messaging
2022-11-25 12:43:48,221 - timer.py:(50) [DEBUG]: Executed job: update_messaging
2022-11-25 12:43:48,221 - timer.py:(48) [DEBUG]: Running job: metering
2022-11-25 19:32:37,773 - timer.py:(48) [DEBUG]: Running job: update_messaging
2022-11-25 19:32:38,041 - timer.py:(50) [DEBUG]: Executed job: update_messaging
2022-11-25 19:32:38,041 - timer.py:(48) [DEBUG]: Running job: update_status
2022-11-25 19:32:38,041 - timer.py:(50) [DEBUG]: Executed job: update_status
2022-11-25 19:32:38,041 - timer.py:(48) [DEBUG]: Running job: metering
2022-11-26 01:38:52,255 - timer.py:(48) [DEBUG]: Running job: update_messaging
2022-11-26 01:38:52,518 - timer.py:(50) [DEBUG]: Executed job: update_messaging
2022-11-26 01:38:52,518 - timer.py:(48) [DEBUG]: Running job: metering
2022-11-26 08:14:00,013 - timer.py:(48) [DEBUG]: Running job: update_messaging
2022-11-26 08:14:00,281 - timer.py:(50) [DEBUG]: Executed job: update_messaging
2022-11-26 08:14:00,282 - timer.py:(48) [DEBUG]: Running job: update_status
2022-11-26 08:14:00,282 - timer.py:(50) [DEBUG]: Executed job: update_status
2022-11-26 08:14:00,282 - timer.py:(48) [DEBUG]: Running job: metering
2022-11-26 15:00:32,003 - timer.py:(48) [DEBUG]: Running job: update_messaging
2022-11-26 15:00:32,268 - timer.py:(50) [DEBUG]: Executed job: update_messaging
2022-11-26 15:00:32,269 - timer.py:(48) [DEBUG]: Running job: metering
2022-11-26 21:07:29,761 - timer.py:(48) [DEBUG]: Running job: update_messaging
2022-11-26 21:07:30,024 - timer.py:(50) [DEBUG]: Executed job: update_messaging
2022-11-26 21:07:30,025 - timer.py:(48) [DEBUG]: Running job: update_status
2022-11-26 21:07:30,025 - timer.py:(50) [DEBUG]: Executed job: update_status
2022-11-26 21:07:30,025 - timer.py:(48) [DEBUG]: Running job: metering
2022-11-27 03:17:10,020 - timer.py:(48) [DEBUG]: Running job: update_messaging
2022-11-27 03:17:10,287 - timer.py:(50) [DEBUG]: Executed job: update_messaging
2022-11-27 03:17:10,288 - timer.py:(48) [DEBUG]: Running job: metering
2022-11-27 09:31:10,029 - timer.py:(48) [DEBUG]: Running job: update_messaging
2022-11-27 09:31:12,568 - timer.py:(50) [DEBUG]: Executed job: update_messaging
2022-11-27 09:31:12,568 - timer.py:(48) [DEBUG]: Running job: update_status
2022-11-27 09:31:12,568 - timer.py:(50) [DEBUG]: Executed job: update_status
2022-11-27 09:31:12,569 - timer.py:(48) [DEBUG]: Running job: metering
2022-11-27 15:50:00,220 - timer.py:(48) [DEBUG]: Running job: update_messaging
2022-11-27 15:50:00,531 - timer.py:(50) [DEBUG]: Executed job: update_messaging
2022-11-27 15:50:00,532 - timer.py:(48) [DEBUG]: Running job: metering
2022-11-27 22:41:32,609 - timer.py:(48) [DEBUG]: Running job: update_messaging
2022-11-27 22:41:32,871 - timer.py:(50) [DEBUG]: Executed job: update_messaging
2022-11-27 22:41:32,872 - timer.py:(48) [DEBUG]: Running job: update_status
2022-11-27 22:41:32,872 - timer.py:(50) [DEBUG]: Executed job: update_status
2022-11-27 22:41:32,872 - timer.py:(48) [DEBUG]: Running job: metering
2022-11-28 05:32:58,510 - timer.py:(48) [DEBUG]: Running job: update_messaging
2022-11-28 05:32:58,778 - timer.py:(50) [DEBUG]: Executed job: update_messaging
2022-11-28 05:32:58,779 - timer.py:(48) [DEBUG]: Running job: metering
2022-11-28 11:58:48,260 - timer.py:(48) [DEBUG]: Running job: update_messaging
2022-11-28 11:58:48,524 - timer.py:(50) [DEBUG]: Executed job: update_messaging
2022-11-28 11:58:48,524 - timer.py:(48) [DEBUG]: Running job: update_status
2022-11-28 11:58:48,524 - timer.py:(50) [DEBUG]: Executed job: update_status
2022-11-28 11:58:48,524 - timer.py:(48) [DEBUG]: Running job: metering
2022-11-28 18:26:49,501 - timer.py:(48) [DEBUG]: Running job: update_messaging
2022-11-28 18:26:49,764 - timer.py:(50) [DEBUG]: Executed job: update_messaging
2022-11-28 18:26:49,765 - timer.py:(48) [DEBUG]: Running job: metering
2022-11-29 01:06:08,002 - timer.py:(48) [DEBUG]: Running job: update_messaging
2022-11-29 01:06:08,267 - timer.py:(50) [DEBUG]: Executed job: update_messaging
2022-11-29 01:06:08,267 - timer.py:(48) [DEBUG]: Running job: update_status
2022-11-29 01:06:08,267 - timer.py:(50) [DEBUG]: Executed job: update_status
2022-11-29 01:06:08,268 - timer.py:(48) [DEBUG]: Running job: metering
2022-11-29 07:51:10,004 - timer.py:(48) [DEBUG]: Running job: update_messaging
2022-11-29 07:51:10,273 - timer.py:(50) [DEBUG]: Executed job: update_messaging
2022-11-29 07:51:10,274 - timer.py:(48) [DEBUG]: Running job: metering
2022-11-29 14:51:01,759 - timer.py:(48) [DEBUG]: Running job: update_messaging
2022-11-29 14:51:02,024 - timer.py:(50) [DEBUG]: Executed job: update_messaging
2022-11-29 14:51:02,025 - timer.py:(48) [DEBUG]: Running job: update_status
2022-11-29 14:51:02,025 - timer.py:(50) [DEBUG]: Executed job: update_status
2022-11-29 14:51:02,025 - timer.py:(48) [DEBUG]: Running job: metering
2022-11-29 20:56:34,013 - timer.py:(48) [DEBUG]: Running job: update_messaging
2022-11-29 20:56:34,277 - timer.py:(50) [DEBUG]: Executed job: update_messaging
2022-11-29 20:56:34,278 - timer.py:(48) [DEBUG]: Running job: metering
2022-11-30 03:17:47,523 - timer.py:(48) [DEBUG]: Running job: update_messaging
2022-11-30 03:17:47,789 - timer.py:(50) [DEBUG]: Executed job: update_messaging
2022-11-30 03:17:47,790 - timer.py:(48) [DEBUG]: Running job: update_status
2022-11-30 03:17:47,790 - timer.py:(50) [DEBUG]: Executed job: update_status
2022-11-30 03:17:47,790 - timer.py:(48) [DEBUG]: Running job: metering
2022-11-30 09:21:10,018 - timer.py:(48) [DEBUG]: Running job: update_messaging
2022-11-30 09:21:10,283 - timer.py:(50) [DEBUG]: Executed job: update_messaging
2022-11-30 09:21:10,283 - timer.py:(48) [DEBUG]: Running job: metering
