[    89.486] _XSERVTransSocketUNIXCreateListener: ...SocketCreateListener() failed
[    89.486] _XSERVTransMakeAllCOTSServerListeners: server already running
[    89.488] (--) Log file renamed from "/var/log/Xorg.pid-1763.log" to "/var/log/Xorg.1.log"
[    89.490] 
X.Org X Server 1.21.1.3
X Protocol Version 11, Revision 0
[    89.490] Current Operating System: Linux pi 5.15.0-1011-raspi #13-Ubuntu SMP PREEMPT Thu Jun 2 11:44:34 UTC 2022 aarch64
[    89.490] Kernel command line: coherent_pool=1M 8250.nr_uarts=0 snd_bcm2835.enable_compat_alsa=0 snd_bcm2835.enable_hdmi=1 video=HDMI-A-1:1920x1080M@60 smsc95xx.macaddr=DC:A6:32:C7:2D:FA vc_mem.mem_base=0x3ec00000 vc_mem.mem_size=0x40000000  zswap.enabled=1 zswap.zpool=z3fold zswap.compressor=zstd dwc_otg.lpm_enable=0 console=tty1 root=LABEL=writable rootfstype=ext4 rootwait fixrtc quiet splash
[    89.490] xorg-server 2:21.1.3-2ubuntu2 (For technical support please see http://www.ubuntu.com/support) 
[    89.490] Current version of pixman: 0.40.0
[    89.490] 	Before reporting problems, check http://wiki.x.org
	to make sure that you have the latest version.
[    89.490] Markers: (--) probed, (**) from config file, (==) default setting,
	(++) from command line, (!!) notice, (II) informational,
	(WW) warning, (EE) error, (NI) not implemented, (??) unknown.
[    89.491] (==) Log file: "/var/log/Xorg.1.log", Time: Thu Jun 16 18:38:47 2022
[    89.492] (==) Using system config directory "/usr/share/X11/xorg.conf.d"
[    89.492] (==) No Layout section.  Using the first Screen section.
[    89.492] (==) No screen section available. Using defaults.
[    89.492] (**) |-->Screen "Default Screen Section" (0)
[    89.492] (**) |   |-->Monitor "<default monitor>"
[    89.493] (==) No monitor specified for screen "Default Screen Section".
	Using a default monitor configuration.
[    89.494] (==) Automatically adding devices
[    89.494] (==) Automatically enabling devices
[    89.494] (==) Automatically adding GPU devices
[    89.494] (==) Automatically binding GPU devices
[    89.494] (==) Max clients allowed: 256, resource mask: 0x1fffff
[    89.494] (WW) The directory "/usr/share/fonts/X11/cyrillic" does not exist.
[    89.494] 	Entry deleted from font path.
[    89.494] (WW) The directory "/usr/share/fonts/X11/100dpi/" does not exist.
[    89.494] 	Entry deleted from font path.
[    89.494] (WW) The directory "/usr/share/fonts/X11/75dpi/" does not exist.
[    89.494] 	Entry deleted from font path.
[    89.495] (WW) The directory "/usr/share/fonts/X11/100dpi" does not exist.
[    89.495] 	Entry deleted from font path.
[    89.495] (WW) The directory "/usr/share/fonts/X11/75dpi" does not exist.
[    89.495] 	Entry deleted from font path.
[    89.495] (==) FontPath set to:
	/usr/share/fonts/X11/misc,
	/usr/share/fonts/X11/Type1,
	built-ins
[    89.495] (==) ModulePath set to "/usr/lib/xorg/modules"
[    89.495] (II) The server relies on udev to provide the list of input devices.
	If no devices become available, reconfigure udev or disable AutoAddDevices.
[    89.495] (II) Loader magic: 0xaaaab74fd010
[    89.495] (II) Module ABI versions:
[    89.495] 	X.Org ANSI C Emulation: 0.4
[    89.495] 	X.Org Video Driver: 25.2
[    89.495] 	X.Org XInput driver : 24.4
[    89.495] 	X.Org Server Extension : 10.0
[    89.505] (++) using VT number 2

[    89.521] (II) systemd-logind: took control of session /org/freedesktop/login1/session/_32
[    89.526] (II) xfree86: Adding drm device (/dev/dri/card1)
[    89.526] (II) Platform probe for /sys/devices/platform/gpu/drm/card1
[    89.529] (II) systemd-logind: got fd for /dev/dri/card1 226:1 fd 13 paused 0
[    89.531] (II) xfree86: Adding drm device (/dev/dri/card0)
[    89.531] (II) Platform probe for /sys/devices/platform/v3dbus/fec00000.v3d/drm/card0
[    89.534] (II) systemd-logind: got fd for /dev/dri/card0 226:0 fd 14 paused 0
[    89.537] (II) no primary bus or device found
[    89.537] 	falling back to /sys/devices/platform/gpu/drm/card1
[    89.537] (II) LoadModule: "glx"
[    89.538] (II) Loading /usr/lib/xorg/modules/extensions/libglx.so
[    89.541] (II) Module glx: vendor="X.Org Foundation"
[    89.542] 	compiled for 1.21.1.3, module version = 1.0.0
[    89.542] 	ABI class: X.Org Server Extension, version 10.0
[    89.542] (==) Matched modesetting as autoconfigured driver 0
[    89.542] (==) Matched fbdev as autoconfigured driver 1
[    89.542] (==) Assigned the driver to the xf86ConfigLayout
[    89.542] (II) LoadModule: "modesetting"
[    89.543] (II) Loading /usr/lib/xorg/modules/drivers/modesetting_drv.so
[    89.543] (II) Module modesetting: vendor="X.Org Foundation"
[    89.543] 	compiled for 1.21.1.3, module version = 1.21.1
[    89.544] 	Module class: X.Org Video Driver
[    89.544] 	ABI class: X.Org Video Driver, version 25.2
[    89.544] (II) LoadModule: "fbdev"
[    89.544] (II) Loading /usr/lib/xorg/modules/drivers/fbdev_drv.so
[    89.545] (II) Module fbdev: vendor="X.Org Foundation"
[    89.545] 	compiled for 1.21.1.3, module version = 0.5.0
[    89.545] 	Module class: X.Org Video Driver
[    89.545] 	ABI class: X.Org Video Driver, version 25.2
[    89.545] (II) modesetting: Driver for Modesetting Kernel Drivers: kms
[    89.545] (II) FBDEV: driver for framebuffer: fbdev
[    89.546] (II) modeset(0): using drv /dev/dri/card1
[    89.546] (WW) Falling back to old probe method for fbdev
[    89.546] (II) Loading sub module "fbdevhw"
[    89.546] (II) LoadModule: "fbdevhw"
[    89.546] (II) Loading /usr/lib/xorg/modules/libfbdevhw.so
[    89.547] (II) Module fbdevhw: vendor="X.Org Foundation"
[    89.547] 	compiled for 1.21.1.3, module version = 0.0.2
[    89.547] 	ABI class: X.Org Video Driver, version 25.2
[    89.547] (WW) VGA arbiter: cannot open kernel arbiter, no multi-card support
[    89.548] (II) modeset(0): Creating default Display subsection in Screen section
	"Default Screen Section" for depth/fbbpp 24/32
[    89.548] (==) modeset(0): Depth 24, (==) framebuffer bpp 32
[    89.548] (==) modeset(0): RGB weight 888
[    89.549] (==) modeset(0): Default visual is TrueColor
[    89.549] (II) Loading sub module "glamoregl"
[    89.549] (II) LoadModule: "glamoregl"
[    89.550] (II) Loading /usr/lib/xorg/modules/libglamoregl.so
[    89.568] (II) Module glamoregl: vendor="X.Org Foundation"
[    89.568] 	compiled for 1.21.1.3, module version = 1.0.1
[    89.568] 	ABI class: X.Org ANSI C Emulation, version 0.4
[    90.231] (II) modeset(0): glamor X acceleration enabled on V3D 4.2
[    90.231] (II) modeset(0): glamor initialized
[    90.232] (==) modeset(0): VariableRefresh: disabled
[    90.232] (==) modeset(0): AsyncFlipSecondaries: disabled
[    90.258] (II) modeset(0): Output HDMI-1 has no monitor section
[    90.259] (II) modeset(0): Output HDMI-2 has no monitor section
[    90.334] (II) modeset(0): EDID for output HDMI-1
[    90.334] (II) modeset(0): Manufacturer: SAM  Model: a36  Serial#: 1513509686
[    90.334] (II) modeset(0): Year: 2013  Week: 42
[    90.334] (II) modeset(0): EDID Version: 1.3
[    90.334] (II) modeset(0): Digital Display Input
[    90.334] (II) modeset(0): Max Image Size [cm]: horiz.: 51  vert.: 29
[    90.334] (II) modeset(0): Gamma: 2.20
[    90.334] (II) modeset(0): DPMS capabilities: Off
[    90.334] (II) modeset(0): Supported color encodings: RGB 4:4:4 YCrCb 4:4:4 
[    90.335] (II) modeset(0): First detailed timing is preferred mode
[    90.335] (II) modeset(0): redX: 0.642 redY: 0.339   greenX: 0.321 greenY: 0.621
[    90.335] (II) modeset(0): blueX: 0.150 blueY: 0.046   whiteX: 0.312 whiteY: 0.329
[    90.335] (II) modeset(0): Supported established timings:
[    90.335] (II) modeset(0): 720x400@70Hz
[    90.335] (II) modeset(0): 640x480@60Hz
[    90.335] (II) modeset(0): 640x480@67Hz
[    90.335] (II) modeset(0): 640x480@72Hz
[    90.335] (II) modeset(0): 640x480@75Hz
[    90.335] (II) modeset(0): 800x600@56Hz
[    90.335] (II) modeset(0): 800x600@60Hz
[    90.335] (II) modeset(0): 800x600@72Hz
[    90.335] (II) modeset(0): 800x600@75Hz
[    90.335] (II) modeset(0): 832x624@75Hz
[    90.335] (II) modeset(0): 1024x768@60Hz
[    90.335] (II) modeset(0): 1024x768@70Hz
[    90.335] (II) modeset(0): 1024x768@75Hz
[    90.335] (II) modeset(0): 1280x1024@75Hz
[    90.335] (II) modeset(0): 1152x864@75Hz
[    90.336] (II) modeset(0): Manufacturer's mask: 0
[    90.336] (II) modeset(0): Supported standard timings:
[    90.336] (II) modeset(0): #0: hsize: 1152  vsize 864  refresh: 75  vid: 20337
[    90.336] (II) modeset(0): #1: hsize: 1280  vsize 720  refresh: 60  vid: 49281
[    90.336] (II) modeset(0): #2: hsize: 1280  vsize 800  refresh: 60  vid: 129
[    90.336] (II) modeset(0): #3: hsize: 1280  vsize 1024  refresh: 60  vid: 32897
[    90.336] (II) modeset(0): #4: hsize: 1440  vsize 900  refresh: 60  vid: 149
[    90.336] (II) modeset(0): #5: hsize: 1600  vsize 900  refresh: 60  vid: 49321
[    90.336] (II) modeset(0): #6: hsize: 1680  vsize 1050  refresh: 60  vid: 179
[    90.336] (II) modeset(0): Supported detailed timing:
[    90.336] (II) modeset(0): clock: 148.5 MHz   Image Size:  510 x 287 mm
[    90.336] (II) modeset(0): h_active: 1920  h_sync: 2008  h_sync_end 2052 h_blank_end 2200 h_border: 0
[    90.336] (II) modeset(0): v_active: 1080  v_sync: 1084  v_sync_end 1089 v_blanking: 1125 v_border: 0
[    90.336] (II) modeset(0): Supported detailed timing:
[    90.336] (II) modeset(0): clock: 74.2 MHz   Image Size:  510 x 287 mm
[    90.336] (II) modeset(0): h_active: 1280  h_sync: 1390  h_sync_end 1430 h_blank_end 1650 h_border: 0
[    90.336] (II) modeset(0): v_active: 720  v_sync: 725  v_sync_end 730 v_blanking: 750 v_border: 0
[    90.337] (II) modeset(0): Ranges: V min: 50 V max: 75 Hz, H min: 30 H max: 81 kHz, PixClock max 175 MHz
[    90.337] (II) modeset(0): Monitor name: S23C350
[    90.337] (II) modeset(0): Supported detailed timing:
[    90.337] (II) modeset(0): clock: 74.2 MHz   Image Size:  510 x 287 mm
[    90.337] (II) modeset(0): h_active: 1280  h_sync: 1720  h_sync_end 1760 h_blank_end 1980 h_border: 0
[    90.337] (II) modeset(0): v_active: 720  v_sync: 725  v_sync_end 730 v_blanking: 750 v_border: 0
[    90.337] (II) modeset(0): Supported detailed timing:
[    90.337] (II) modeset(0): clock: 27.0 MHz   Image Size:  510 x 287 mm
[    90.337] (II) modeset(0): h_active: 720  h_sync: 732  h_sync_end 796 h_blank_end 864 h_border: 0
[    90.337] (II) modeset(0): v_active: 576  v_sync: 581  v_sync_end 586 v_blanking: 625 v_border: 0
[    90.337] (II) modeset(0): Supported detailed timing:
[    90.337] (II) modeset(0): clock: 27.0 MHz   Image Size:  510 x 287 mm
[    90.337] (II) modeset(0): h_active: 720  h_sync: 736  h_sync_end 798 h_blank_end 858 h_border: 0
[    90.338] (II) modeset(0): v_active: 480  v_sync: 489  v_sync_end 495 v_blanking: 525 v_border: 0
[    90.338] (II) modeset(0): Number of EDID sections to follow: 1
[    90.338] (II) modeset(0): EDID (in hex):
[    90.338] (II) modeset(0): 	00ffffffffffff004c2d360a3653365a
[    90.338] (II) modeset(0): 	2a17010380331d782a74b1a456529f26
[    90.338] (II) modeset(0): 	0b5054bfef80714f81c0810081809500
[    90.338] (II) modeset(0): 	a9c0b3000101023a801871382d40582c
[    90.338] (II) modeset(0): 	4500fe1f1100001e011d007251d01e20
[    90.338] (II) modeset(0): 	6e285500fe1f1100001e000000fd0032
[    90.338] (II) modeset(0): 	4b1e5111000a202020202020000000fc
[    90.338] (II) modeset(0): 	00533233433335300a20202020200111
[    90.338] (II) modeset(0): 	02031af14690041f1312032309070783
[    90.338] (II) modeset(0): 	01000066030c00100080011d00bc52d0
[    90.338] (II) modeset(0): 	1e20b8285540fe1f1100001e8c0ad090
[    90.338] (II) modeset(0): 	204031200c405500fe1f110000188c0a
[    90.338] (II) modeset(0): 	d08a20e02d10103e9600fe1f11000018
[    90.338] (II) modeset(0): 	00000000000000000000000000000000
[    90.338] (II) modeset(0): 	00000000000000000000000000000000
[    90.338] (II) modeset(0): 	0000000000000000000000000000002c
[    90.339] (II) modeset(0): Printing probed modes for output HDMI-1
[    90.339] (II) modeset(0): Modeline "1920x1080"x60.0  148.50  1920 2008 2052 2200  1080 1084 1089 1125 +hsync +vsync (67.5 kHz eP)
[    90.339] (II) modeset(0): Modeline "1920x1080"x50.0  148.50  1920 2448 2492 2640  1080 1084 1089 1125 +hsync +vsync (56.2 kHz e)
[    90.339] (II) modeset(0): Modeline "1920x1080"x59.9  148.35  1920 2008 2052 2200  1080 1084 1089 1125 +hsync +vsync (67.4 kHz e)
[    90.339] (II) modeset(0): Modeline "1680x1050"x59.9  119.00  1680 1728 1760 1840  1050 1053 1059 1080 +hsync -vsync (64.7 kHz e)
[    90.339] (II) modeset(0): Modeline "1600x900"x60.0  108.00  1600 1624 1704 1800  900 901 904 1000 +hsync +vsync (60.0 kHz e)
[    90.339] (II) modeset(0): Modeline "1280x1024"x75.0  135.00  1280 1296 1440 1688  1024 1025 1028 1066 +hsync +vsync (80.0 kHz e)
[    90.339] (II) modeset(0): Modeline "1280x1024"x60.0  108.00  1280 1328 1440 1688  1024 1025 1028 1066 +hsync +vsync (64.0 kHz e)
[    90.339] (II) modeset(0): Modeline "1440x900"x59.9   88.75  1440 1488 1520 1600  900 903 909 926 +hsync -vsync (55.5 kHz e)
[    90.340] (II) modeset(0): Modeline "1280x800"x59.9   71.00  1280 1328 1360 1440  800 803 809 823 +hsync -vsync (49.3 kHz e)
[    90.340] (II) modeset(0): Modeline "1152x864"x75.0  108.00  1152 1216 1344 1600  864 865 868 900 +hsync +vsync (67.5 kHz e)
[    90.340] (II) modeset(0): Modeline "1280x720"x60.0   74.25  1280 1390 1430 1650  720 725 730 750 +hsync +vsync (45.0 kHz e)
[    90.340] (II) modeset(0): Modeline "1280x720"x50.0   74.25  1280 1720 1760 1980  720 725 730 750 +hsync +vsync (37.5 kHz e)
[    90.340] (II) modeset(0): Modeline "1280x720"x59.9   74.18  1280 1390 1430 1650  720 725 730 750 +hsync +vsync (45.0 kHz e)
[    90.340] (II) modeset(0): Modeline "1024x768"x75.0   78.75  1024 1040 1136 1312  768 769 772 800 +hsync +vsync (60.0 kHz e)
[    90.341] (II) modeset(0): Modeline "1024x768"x70.1   75.00  1024 1048 1184 1328  768 771 777 806 -hsync -vsync (56.5 kHz e)
[    90.341] (II) modeset(0): Modeline "1024x768"x60.0   65.00  1024 1048 1184 1344  768 771 777 806 -hsync -vsync (48.4 kHz e)
[    90.341] (II) modeset(0): Modeline "832x624"x74.6   57.28  832 864 928 1152  624 625 628 667 -hsync -vsync (49.7 kHz e)
[    90.341] (II) modeset(0): Modeline "800x600"x72.2   50.00  800 856 976 1040  600 637 643 666 +hsync +vsync (48.1 kHz e)
[    90.341] (II) modeset(0): Modeline "800x600"x75.0   49.50  800 816 896 1056  600 601 604 625 +hsync +vsync (46.9 kHz e)
[    90.341] (II) modeset(0): Modeline "800x600"x60.3   40.00  800 840 968 1056  600 601 605 628 +hsync +vsync (37.9 kHz e)
[    90.341] (II) modeset(0): Modeline "800x600"x56.2   36.00  800 824 896 1024  600 601 603 625 +hsync +vsync (35.2 kHz e)
[    90.341] (II) modeset(0): Modeline "720x576"x50.0   27.00  720 732 796 864  576 581 586 625 -hsync -vsync (31.2 kHz e)
[    90.341] (II) modeset(0): Modeline "720x480"x60.0   27.03  720 736 798 858  480 489 495 525 -hsync -vsync (31.5 kHz e)
[    90.341] (II) modeset(0): Modeline "720x480"x59.9   27.00  720 736 798 858  480 489 495 525 -hsync -vsync (31.5 kHz e)
[    90.341] (II) modeset(0): Modeline "640x480"x75.0   31.50  640 656 720 840  480 481 484 500 -hsync -vsync (37.5 kHz e)
[    90.341] (II) modeset(0): Modeline "640x480"x72.8   31.50  640 664 704 832  480 489 492 520 -hsync -vsync (37.9 kHz e)
[    90.342] (II) modeset(0): Modeline "640x480"x66.7   30.24  640 704 768 864  480 483 486 525 -hsync -vsync (35.0 kHz e)
[    90.342] (II) modeset(0): Modeline "640x480"x60.0   25.20  640 656 752 800  480 490 492 525 -hsync -vsync (31.5 kHz e)
[    90.342] (II) modeset(0): Modeline "640x480"x59.9   25.18  640 656 752 800  480 490 492 525 -hsync -vsync (31.5 kHz e)
[    90.342] (II) modeset(0): Modeline "720x400"x70.1   28.32  720 738 846 900  400 412 414 449 -hsync +vsync (31.5 kHz e)
[    90.342] (II) modeset(0): EDID for output HDMI-2
[    90.342] (II) modeset(0): Output HDMI-1 connected
[    90.342] (II) modeset(0): Output HDMI-2 disconnected
[    90.342] (II) modeset(0): Using exact sizes for initial modes
[    90.342] (II) modeset(0): Output HDMI-1 using initial mode 1920x1080 +0+0
[    90.342] (==) modeset(0): Using gamma correction (1.0, 1.0, 1.0)
[    90.342] (==) modeset(0): DPI set to (96, 96)
[    90.343] (II) Loading sub module "fb"
[    90.343] (II) LoadModule: "fb"
[    90.343] (II) Module "fb" already built-in
[    90.343] (II) UnloadModule: "fbdev"
[    90.343] (II) Unloading fbdev
[    90.343] (II) UnloadSubModule: "fbdevhw"
[    90.343] (II) Unloading fbdevhw
[    90.435] (==) modeset(0): Backing store enabled
[    90.435] (==) modeset(0): Silken mouse enabled
[    90.589] (II) modeset(0): Initializing kms color map for depth 24, 8 bpc.
[    90.590] (==) modeset(0): DPMS enabled
[    90.590] (II) modeset(0): [DRI2] Setup complete
[    90.590] (II) modeset(0): [DRI2]   DRI driver: vc4
[    90.590] (II) modeset(0): [DRI2]   VDPAU driver: vc4
[    90.590] (II) Initializing extension Generic Event Extension
[    90.591] (II) Initializing extension SHAPE
[    90.591] (II) Initializing extension MIT-SHM
[    90.591] (II) Initializing extension XInputExtension
[    90.592] (II) Initializing extension XTEST
[    90.593] (II) Initializing extension BIG-REQUESTS
[    90.593] (II) Initializing extension SYNC
[    90.593] (II) Initializing extension XKEYBOARD
[    90.593] (II) Initializing extension XC-MISC
[    90.594] (II) Initializing extension SECURITY
[    90.594] (II) Initializing extension XFIXES
[    90.594] (II) Initializing extension RENDER
[    90.595] (II) Initializing extension RANDR
[    90.595] (II) Initializing extension COMPOSITE
[    90.596] (II) Initializing extension DAMAGE
[    90.596] (II) Initializing extension MIT-SCREEN-SAVER
[    90.596] (II) Initializing extension DOUBLE-BUFFER
[    90.597] (II) Initializing extension RECORD
[    90.597] (II) Initializing extension DPMS
[    90.598] (II) Initializing extension Present
[    90.598] (II) Initializing extension DRI3
[    90.598] (II) Initializing extension X-Resource
[    90.599] (II) Initializing extension XVideo
[    90.599] (II) Initializing extension XVideo-MotionCompensation
[    90.599] (II) Initializing extension SELinux
[    90.599] (II) SELinux: Disabled on system
[    90.599] (II) Initializing extension GLX
[    91.078] (II) AIGLX: Loaded and initialized vc4
[    91.078] (II) GLX: Initialized DRI2 GL provider for screen 0
[    91.078] (II) Initializing extension XFree86-VidModeExtension
[    91.078] (II) Initializing extension XFree86-DGA
[    91.079] (II) Initializing extension XFree86-DRI
[    91.079] (II) Initializing extension DRI2
[    91.080] (II) modeset(0): Damage tracking initialized
[    91.080] (II) modeset(0): Setting screen physical size to 508 x 285
[    91.535] (II) config/udev: Adding input device SEMICO USB Keyboard (/dev/input/event0)
[    91.535] (**) SEMICO USB Keyboard: Applying InputClass "libinput keyboard catchall"
[    91.535] (II) LoadModule: "libinput"
[    91.536] (II) Loading /usr/lib/xorg/modules/input/libinput_drv.so
[    91.541] (II) Module libinput: vendor="X.Org Foundation"
[    91.541] 	compiled for 1.20.14, module version = 1.2.1
[    91.541] 	Module class: X.Org XInput Driver
[    91.541] 	ABI class: X.Org XInput driver, version 24.1
[    91.541] (II) Using input driver 'libinput' for 'SEMICO USB Keyboard'
[    91.546] (II) systemd-logind: got fd for /dev/input/event0 13:64 fd 27 paused 0
[    91.547] (**) SEMICO USB Keyboard: always reports core events
[    91.547] (**) Option "Device" "/dev/input/event0"
[    91.566] (II) event0  - SEMICO USB Keyboard: is tagged by udev as: Keyboard
[    91.567] (II) event0  - SEMICO USB Keyboard: device is a keyboard
[    91.569] (II) event0  - SEMICO USB Keyboard: device removed
[    91.569] (**) Option "config_info" "udev:/sys/devices/platform/scb/fd500000.pcie/pci0000:00/0000:00:00.0/0000:01:00.0/usb1/1-1/1-1.4/1-1.4.3/1-1.4.3:1.0/0003:1A2C:2D43.0001/input/input0/event0"
[    91.569] (II) XINPUT: Adding extended input device "SEMICO USB Keyboard" (type: KEYBOARD, id 6)
[    91.569] (**) Option "xkb_model" "pc105"
[    91.569] (**) Option "xkb_layout" "us"
[    91.582] (II) event0  - SEMICO USB Keyboard: is tagged by udev as: Keyboard
[    91.583] (II) event0  - SEMICO USB Keyboard: device is a keyboard
[    91.593] (II) config/udev: Adding input device SEMICO USB Keyboard Consumer Control (/dev/input/event1)
[    91.593] (**) SEMICO USB Keyboard Consumer Control: Applying InputClass "libinput keyboard catchall"
[    91.593] (II) Using input driver 'libinput' for 'SEMICO USB Keyboard Consumer Control'
[    91.601] (II) systemd-logind: got fd for /dev/input/event1 13:65 fd 30 paused 0
[    91.601] (**) SEMICO USB Keyboard Consumer Control: always reports core events
[    91.601] (**) Option "Device" "/dev/input/event1"
[    91.615] (II) event1  - SEMICO USB Keyboard Consumer Control: is tagged by udev as: Keyboard
[    91.617] (II) event1  - SEMICO USB Keyboard Consumer Control: device is a keyboard
[    91.618] (II) event1  - SEMICO USB Keyboard Consumer Control: device removed
[    91.618] (II) libinput: SEMICO USB Keyboard Consumer Control: needs a virtual subdevice
[    91.618] (**) Option "config_info" "udev:/sys/devices/platform/scb/fd500000.pcie/pci0000:00/0000:00:00.0/0000:01:00.0/usb1/1-1/1-1.4/1-1.4.3/1-1.4.3:1.1/0003:1A2C:2D43.0002/input/input1/event1"
[    91.618] (II) XINPUT: Adding extended input device "SEMICO USB Keyboard Consumer Control" (type: MOUSE, id 7)
[    91.619] (**) Option "AccelerationScheme" "none"
[    91.619] (**) SEMICO USB Keyboard Consumer Control: (accel) selected scheme none/0
[    91.619] (**) SEMICO USB Keyboard Consumer Control: (accel) acceleration factor: 2.000
[    91.619] (**) SEMICO USB Keyboard Consumer Control: (accel) acceleration threshold: 4
[    91.631] (II) event1  - SEMICO USB Keyboard Consumer Control: is tagged by udev as: Keyboard
[    91.632] (II) event1  - SEMICO USB Keyboard Consumer Control: device is a keyboard
[    91.641] (II) config/udev: Adding input device SEMICO USB Keyboard System Control (/dev/input/event2)
[    91.641] (**) SEMICO USB Keyboard System Control: Applying InputClass "libinput keyboard catchall"
[    91.641] (II) Using input driver 'libinput' for 'SEMICO USB Keyboard System Control'
[    91.645] (II) systemd-logind: got fd for /dev/input/event2 13:66 fd 31 paused 0
[    91.645] (**) SEMICO USB Keyboard System Control: always reports core events
[    91.645] (**) Option "Device" "/dev/input/event2"
[    91.657] (II) event2  - SEMICO USB Keyboard System Control: is tagged by udev as: Keyboard
[    91.657] (II) event2  - SEMICO USB Keyboard System Control: device is a keyboard
[    91.658] (II) event2  - SEMICO USB Keyboard System Control: device removed
[    91.658] (**) Option "config_info" "udev:/sys/devices/platform/scb/fd500000.pcie/pci0000:00/0000:00:00.0/0000:01:00.0/usb1/1-1/1-1.4/1-1.4.3/1-1.4.3:1.1/0003:1A2C:2D43.0002/input/input2/event2"
[    91.658] (II) XINPUT: Adding extended input device "SEMICO USB Keyboard System Control" (type: KEYBOARD, id 8)
[    91.658] (**) Option "xkb_model" "pc105"
[    91.659] (**) Option "xkb_layout" "us"
[    91.670] (II) event2  - SEMICO USB Keyboard System Control: is tagged by udev as: Keyboard
[    91.671] (II) event2  - SEMICO USB Keyboard System Control: device is a keyboard
[    91.680] (II) config/udev: Adding input device SEMICO USB Keyboard (/dev/input/event3)
[    91.680] (**) SEMICO USB Keyboard: Applying InputClass "libinput keyboard catchall"
[    91.680] (II) Using input driver 'libinput' for 'SEMICO USB Keyboard'
[    91.689] (II) systemd-logind: got fd for /dev/input/event3 13:67 fd 32 paused 0
[    91.689] (**) SEMICO USB Keyboard: always reports core events
[    91.689] (**) Option "Device" "/dev/input/event3"
[    91.700] (II) event3  - SEMICO USB Keyboard: is tagged by udev as: Keyboard
[    91.701] (II) event3  - SEMICO USB Keyboard: device is a keyboard
[    91.702] (II) event3  - SEMICO USB Keyboard: device removed
[    91.702] (**) Option "config_info" "udev:/sys/devices/platform/scb/fd500000.pcie/pci0000:00/0000:00:00.0/0000:01:00.0/usb1/1-1/1-1.4/1-1.4.3/1-1.4.3:1.1/0003:1A2C:2D43.0002/input/input4/event3"
[    91.702] (II) XINPUT: Adding extended input device "SEMICO USB Keyboard" (type: KEYBOARD, id 9)
[    91.702] (**) Option "xkb_model" "pc105"
[    91.702] (**) Option "xkb_layout" "us"
[    91.717] (II) event3  - SEMICO USB Keyboard: is tagged by udev as: Keyboard
[    91.717] (II) event3  - SEMICO USB Keyboard: device is a keyboard
[    91.726] (II) config/udev: Adding input device Logitech USB Optical Mouse (/dev/input/event4)
[    91.726] (**) Logitech USB Optical Mouse: Applying InputClass "libinput pointer catchall"
[    91.726] (II) Using input driver 'libinput' for 'Logitech USB Optical Mouse'
[    91.730] (II) systemd-logind: got fd for /dev/input/event4 13:68 fd 33 paused 0
[    91.731] (**) Logitech USB Optical Mouse: always reports core events
[    91.731] (**) Option "Device" "/dev/input/event4"
[    91.742] (II) event4  - Logitech USB Optical Mouse: is tagged by udev as: Mouse
[    91.743] (II) event4  - Logitech USB Optical Mouse: device is a pointer
[    91.745] (II) event4  - Logitech USB Optical Mouse: device removed
[    91.746] (**) Option "config_info" "udev:/sys/devices/platform/scb/fd500000.pcie/pci0000:00/0000:00:00.0/0000:01:00.0/usb1/1-1/1-1.4/1-1.4.4/1-1.4.4:1.0/0003:046D:C064.0003/input/input5/event4"
[    91.746] (II) XINPUT: Adding extended input device "Logitech USB Optical Mouse" (type: MOUSE, id 10)
[    91.746] (**) Option "AccelerationScheme" "none"
[    91.746] (**) Logitech USB Optical Mouse: (accel) selected scheme none/0
[    91.746] (**) Logitech USB Optical Mouse: (accel) acceleration factor: 2.000
[    91.747] (**) Logitech USB Optical Mouse: (accel) acceleration threshold: 4
[    91.759] (II) event4  - Logitech USB Optical Mouse: is tagged by udev as: Mouse
[    91.760] (II) event4  - Logitech USB Optical Mouse: device is a pointer
[    91.767] (II) config/udev: Adding input device Logitech USB Optical Mouse (/dev/input/mouse0)
[    91.768] (II) No input driver specified, ignoring this device.
[    91.768] (II) This device may have been added with another device file.
[    91.771] (II) config/udev: Adding input device vc4 (/dev/input/event5)
[    91.771] (**) vc4: Applying InputClass "libinput keyboard catchall"
[    91.771] (II) Using input driver 'libinput' for 'vc4'
[    91.775] (II) systemd-logind: got fd for /dev/input/event5 13:69 fd 34 paused 0
[    91.775] (**) vc4: always reports core events
[    91.775] (**) Option "Device" "/dev/input/event5"
[    91.779] (II) event5  - vc4: is tagged by udev as: Keyboard Pointingstick
[    91.780] (II) event5  - vc4: device is a pointer
[    91.780] (II) event5  - vc4: device is a keyboard
[    91.782] (II) event5  - vc4: device removed
[    91.782] (II) libinput: vc4: needs a virtual subdevice
[    91.782] (**) Option "config_info" "udev:/sys/devices/platform/soc/fef00700.hdmi/rc/rc0/input7/event5"
[    91.783] (II) XINPUT: Adding extended input device "vc4" (type: MOUSE, id 11)
[    91.783] (**) Option "AccelerationScheme" "none"
[    91.783] (**) vc4: (accel) selected scheme none/0
[    91.783] (**) vc4: (accel) acceleration factor: 2.000
[    91.783] (**) vc4: (accel) acceleration threshold: 4
[    91.790] (II) event5  - vc4: is tagged by udev as: Keyboard Pointingstick
[    91.792] (II) event5  - vc4: device is a pointer
[    91.792] (II) event5  - vc4: device is a keyboard
[    91.798] (II) config/udev: Adding input device vc4 (/dev/input/event6)
[    91.798] (**) vc4: Applying InputClass "libinput keyboard catchall"
[    91.798] (II) Using input driver 'libinput' for 'vc4'
[    91.803] (II) systemd-logind: got fd for /dev/input/event6 13:70 fd 35 paused 0
[    91.803] (**) vc4: always reports core events
[    91.803] (**) Option "Device" "/dev/input/event6"
[    91.808] (II) event6  - vc4: is tagged by udev as: Keyboard Pointingstick
[    91.809] (II) event6  - vc4: device is a pointer
[    91.809] (II) event6  - vc4: device is a keyboard
[    91.811] (II) event6  - vc4: device removed
[    91.811] (II) libinput: vc4: needs a virtual subdevice
[    91.812] (**) Option "config_info" "udev:/sys/devices/platform/soc/fef05700.hdmi/rc/rc1/input8/event6"
[    91.812] (II) XINPUT: Adding extended input device "vc4" (type: MOUSE, id 12)
[    91.812] (**) Option "AccelerationScheme" "none"
[    91.812] (**) vc4: (accel) selected scheme none/0
[    91.812] (**) vc4: (accel) acceleration factor: 2.000
[    91.812] (**) vc4: (accel) acceleration threshold: 4
[    91.817] (II) event6  - vc4: is tagged by udev as: Keyboard Pointingstick
[    91.818] (II) event6  - vc4: device is a pointer
[    91.818] (II) event6  - vc4: device is a keyboard
[    92.094] (**) SEMICO USB Keyboard Consumer Control: Applying InputClass "libinput keyboard catchall"
[    92.094] (II) Using input driver 'libinput' for 'SEMICO USB Keyboard Consumer Control'
[    92.095] (II) systemd-logind: returning pre-existing fd for /dev/input/event1 13:65
[    92.095] (**) SEMICO USB Keyboard Consumer Control: always reports core events
[    92.095] (**) Option "Device" "/dev/input/event1"
[    92.096] (II) libinput: SEMICO USB Keyboard Consumer Control: is a virtual subdevice
[    92.096] (**) Option "config_info" "udev:/sys/devices/platform/scb/fd500000.pcie/pci0000:00/0000:00:00.0/0000:01:00.0/usb1/1-1/1-1.4/1-1.4.3/1-1.4.3:1.1/0003:1A2C:2D43.0002/input/input1/event1"
[    92.096] (II) XINPUT: Adding extended input device "SEMICO USB Keyboard Consumer Control" (type: KEYBOARD, id 13)
[    92.096] (**) Option "xkb_model" "pc105"
[    92.097] (**) Option "xkb_layout" "us"
[    92.097] (**) vc4: Applying InputClass "libinput keyboard catchall"
[    92.097] (II) Using input driver 'libinput' for 'vc4'
[    92.097] (II) systemd-logind: returning pre-existing fd for /dev/input/event5 13:69
[    92.098] (**) vc4: always reports core events
[    92.098] (**) Option "Device" "/dev/input/event5"
[    92.098] (II) libinput: vc4: is a virtual subdevice
[    92.098] (**) Option "config_info" "udev:/sys/devices/platform/soc/fef00700.hdmi/rc/rc0/input7/event5"
[    92.098] (II) XINPUT: Adding extended input device "vc4" (type: KEYBOARD, id 14)
[    92.098] (**) Option "xkb_model" "pc105"
[    92.098] (**) Option "xkb_layout" "us"
[    92.099] (**) vc4: Applying InputClass "libinput keyboard catchall"
[    92.099] (II) Using input driver 'libinput' for 'vc4'
[    92.099] (II) systemd-logind: returning pre-existing fd for /dev/input/event6 13:70
[    92.099] (**) vc4: always reports core events
[    92.099] (**) Option "Device" "/dev/input/event6"
[    92.100] (II) libinput: vc4: is a virtual subdevice
[    92.100] (**) Option "config_info" "udev:/sys/devices/platform/soc/fef05700.hdmi/rc/rc1/input8/event6"
[    92.100] (II) XINPUT: Adding extended input device "vc4" (type: KEYBOARD, id 15)
[    92.100] (**) Option "xkb_model" "pc105"
[    92.100] (**) Option "xkb_layout" "us"
[    94.776] (II) modeset(0): EDID vendor "SAM", prod id 2614
[    94.776] (II) modeset(0): Using EDID range info for horizontal sync
[    94.776] (II) modeset(0): Using EDID range info for vertical refresh
[    94.776] (II) modeset(0): Printing DDC gathered Modelines:
[    94.776] (II) modeset(0): Modeline "1920x1080"x0.0  148.50  1920 2008 2052 2200  1080 1084 1089 1125 +hsync +vsync (67.5 kHz eP)
[    94.776] (II) modeset(0): Modeline "1280x720"x0.0   74.25  1280 1390 1430 1650  720 725 730 750 +hsync +vsync (45.0 kHz e)
[    94.776] (II) modeset(0): Modeline "1280x720"x0.0   74.25  1280 1720 1760 1980  720 725 730 750 +hsync +vsync (37.5 kHz e)
[    94.776] (II) modeset(0): Modeline "720x576"x0.0   27.00  720 732 796 864  576 581 586 625 -hsync -vsync (31.2 kHz e)
[    94.776] (II) modeset(0): Modeline "720x480"x0.0   27.00  720 736 798 858  480 489 495 525 -hsync -vsync (31.5 kHz e)
[    94.776] (II) modeset(0): Modeline "1920x1080"x0.0  148.50  1920 2448 2492 2640  1080 1084 1089 1125 +hsync +vsync (56.2 kHz e)
[    94.777] (II) modeset(0): Modeline "800x600"x0.0   40.00  800 840 968 1056  600 601 605 628 +hsync +vsync (37.9 kHz e)
[    94.777] (II) modeset(0): Modeline "800x600"x0.0   36.00  800 824 896 1024  600 601 603 625 +hsync +vsync (35.2 kHz e)
[    94.777] (II) modeset(0): Modeline "640x480"x0.0   31.50  640 656 720 840  480 481 484 500 -hsync -vsync (37.5 kHz e)
[    94.777] (II) modeset(0): Modeline "640x480"x0.0   31.50  640 664 704 832  480 489 492 520 -hsync -vsync (37.9 kHz e)
[    94.777] (II) modeset(0): Modeline "640x480"x0.0   30.24  640 704 768 864  480 483 486 525 -hsync -vsync (35.0 kHz e)
[    94.777] (II) modeset(0): Modeline "640x480"x0.0   25.18  640 656 752 800  480 490 492 525 -hsync -vsync (31.5 kHz e)
[    94.777] (II) modeset(0): Modeline "720x400"x0.0   28.32  720 738 846 900  400 412 414 449 -hsync +vsync (31.5 kHz e)
[    94.777] (II) modeset(0): Modeline "1280x1024"x0.0  135.00  1280 1296 1440 1688  1024 1025 1028 1066 +hsync +vsync (80.0 kHz e)
[    94.777] (II) modeset(0): Modeline "1024x768"x0.0   78.75  1024 1040 1136 1312  768 769 772 800 +hsync +vsync (60.0 kHz e)
[    94.777] (II) modeset(0): Modeline "1024x768"x0.0   75.00  1024 1048 1184 1328  768 771 777 806 -hsync -vsync (56.5 kHz e)
[    94.777] (II) modeset(0): Modeline "1024x768"x0.0   65.00  1024 1048 1184 1344  768 771 777 806 -hsync -vsync (48.4 kHz e)
[    94.777] (II) modeset(0): Modeline "832x624"x0.0   57.28  832 864 928 1152  624 625 628 667 -hsync -vsync (49.7 kHz e)
[    94.777] (II) modeset(0): Modeline "800x600"x0.0   49.50  800 816 896 1056  600 601 604 625 +hsync +vsync (46.9 kHz e)
[    94.777] (II) modeset(0): Modeline "800x600"x0.0   50.00  800 856 976 1040  600 637 643 666 +hsync +vsync (48.1 kHz e)
[    94.777] (II) modeset(0): Modeline "1152x864"x0.0  108.00  1152 1216 1344 1600  864 865 868 900 +hsync +vsync (67.5 kHz e)
[    94.777] (II) modeset(0): Modeline "1280x800"x0.0   71.00  1280 1328 1360 1440  800 803 809 823 +hsync -vsync (49.3 kHz e)
[    94.778] (II) modeset(0): Modeline "1280x1024"x0.0  108.00  1280 1328 1440 1688  1024 1025 1028 1066 +hsync +vsync (64.0 kHz e)
[    94.778] (II) modeset(0): Modeline "1440x900"x0.0   88.75  1440 1488 1520 1600  900 903 909 926 +hsync -vsync (55.5 kHz e)
[    94.778] (II) modeset(0): Modeline "1600x900"x60.0  119.00  1600 1696 1864 2128  900 901 904 932 -hsync +vsync (55.9 kHz e)
[    94.778] (II) modeset(0): Modeline "1680x1050"x0.0  119.00  1680 1728 1760 1840  1050 1053 1059 1080 +hsync -vsync (64.7 kHz e)
[    95.413] (II) modeset(0): EDID vendor "SAM", prod id 2614
[    95.414] (II) modeset(0): Using hsync ranges from config file
[    95.414] (II) modeset(0): Using vrefresh ranges from config file
[    95.414] (II) modeset(0): Printing DDC gathered Modelines:
[    95.414] (II) modeset(0): Modeline "1920x1080"x0.0  148.50  1920 2008 2052 2200  1080 1084 1089 1125 +hsync +vsync (67.5 kHz eP)
[    95.414] (II) modeset(0): Modeline "1280x720"x0.0   74.25  1280 1390 1430 1650  720 725 730 750 +hsync +vsync (45.0 kHz e)
[    95.414] (II) modeset(0): Modeline "1280x720"x0.0   74.25  1280 1720 1760 1980  720 725 730 750 +hsync +vsync (37.5 kHz e)
[    95.414] (II) modeset(0): Modeline "720x576"x0.0   27.00  720 732 796 864  576 581 586 625 -hsync -vsync (31.2 kHz e)
[    95.414] (II) modeset(0): Modeline "720x480"x0.0   27.00  720 736 798 858  480 489 495 525 -hsync -vsync (31.5 kHz e)
[    95.414] (II) modeset(0): Modeline "1920x1080"x0.0  148.50  1920 2448 2492 2640  1080 1084 1089 1125 +hsync +vsync (56.2 kHz e)
[    95.414] (II) modeset(0): Modeline "800x600"x0.0   40.00  800 840 968 1056  600 601 605 628 +hsync +vsync (37.9 kHz e)
[    95.414] (II) modeset(0): Modeline "800x600"x0.0   36.00  800 824 896 1024  600 601 603 625 +hsync +vsync (35.2 kHz e)
[    95.414] (II) modeset(0): Modeline "640x480"x0.0   31.50  640 656 720 840  480 481 484 500 -hsync -vsync (37.5 kHz e)
[    95.414] (II) modeset(0): Modeline "640x480"x0.0   31.50  640 664 704 832  480 489 492 520 -hsync -vsync (37.9 kHz e)
[    95.414] (II) modeset(0): Modeline "640x480"x0.0   30.24  640 704 768 864  480 483 486 525 -hsync -vsync (35.0 kHz e)
[    95.414] (II) modeset(0): Modeline "640x480"x0.0   25.18  640 656 752 800  480 490 492 525 -hsync -vsync (31.5 kHz e)
[    95.415] (II) modeset(0): Modeline "720x400"x0.0   28.32  720 738 846 900  400 412 414 449 -hsync +vsync (31.5 kHz e)
[    95.415] (II) modeset(0): Modeline "1280x1024"x0.0  135.00  1280 1296 1440 1688  1024 1025 1028 1066 +hsync +vsync (80.0 kHz e)
[    95.415] (II) modeset(0): Modeline "1024x768"x0.0   78.75  1024 1040 1136 1312  768 769 772 800 +hsync +vsync (60.0 kHz e)
[    95.415] (II) modeset(0): Modeline "1024x768"x0.0   75.00  1024 1048 1184 1328  768 771 777 806 -hsync -vsync (56.5 kHz e)
[    95.415] (II) modeset(0): Modeline "1024x768"x0.0   65.00  1024 1048 1184 1344  768 771 777 806 -hsync -vsync (48.4 kHz e)
[    95.415] (II) modeset(0): Modeline "832x624"x0.0   57.28  832 864 928 1152  624 625 628 667 -hsync -vsync (49.7 kHz e)
[    95.415] (II) modeset(0): Modeline "800x600"x0.0   49.50  800 816 896 1056  600 601 604 625 +hsync +vsync (46.9 kHz e)
[    95.415] (II) modeset(0): Modeline "800x600"x0.0   50.00  800 856 976 1040  600 637 643 666 +hsync +vsync (48.1 kHz e)
[    95.415] (II) modeset(0): Modeline "1152x864"x0.0  108.00  1152 1216 1344 1600  864 865 868 900 +hsync +vsync (67.5 kHz e)
[    95.415] (II) modeset(0): Modeline "1280x800"x0.0   71.00  1280 1328 1360 1440  800 803 809 823 +hsync -vsync (49.3 kHz e)
[    95.415] (II) modeset(0): Modeline "1280x1024"x0.0  108.00  1280 1328 1440 1688  1024 1025 1028 1066 +hsync +vsync (64.0 kHz e)
[    95.415] (II) modeset(0): Modeline "1440x900"x0.0   88.75  1440 1488 1520 1600  900 903 909 926 +hsync -vsync (55.5 kHz e)
[    95.415] (II) modeset(0): Modeline "1600x900"x60.0  119.00  1600 1696 1864 2128  900 901 904 932 -hsync +vsync (55.9 kHz e)
[    95.415] (II) modeset(0): Modeline "1680x1050"x0.0  119.00  1680 1728 1760 1840  1050 1053 1059 1080 +hsync -vsync (64.7 kHz e)
[  2141.144] (II) modeset(0): Disabling kernel dirty updates, not required.
[  2141.302] (**) Option "fd" "27"
[  2141.306] (II) event0  - SEMICO USB Keyboard: device removed
[  2141.307] (**) Option "fd" "30"
[  2141.311] (**) Option "fd" "31"
[  2141.314] (II) event2  - SEMICO USB Keyboard System Control: device removed
[  2141.315] (**) Option "fd" "32"
[  2141.315] (II) event3  - SEMICO USB Keyboard: device removed
[  2141.315] (**) Option "fd" "33"
[  2141.316] (II) event4  - Logitech USB Optical Mouse: device removed
[  2141.316] (**) Option "fd" "34"
[  2141.317] (**) Option "fd" "35"
[  2141.317] (**) Option "fd" "30"
[  2141.318] (II) event1  - SEMICO USB Keyboard Consumer Control: device removed
[  2141.318] (**) Option "fd" "34"
[  2141.318] (II) event5  - vc4: device removed
[  2141.319] (**) Option "fd" "35"
[  2141.319] (II) event6  - vc4: device removed
[  2141.333] (II) UnloadModule: "libinput"
[  2141.335] (II) systemd-logind: not releasing fd for 13:70, still in use
[  2141.335] (II) UnloadModule: "libinput"
[  2141.338] (II) systemd-logind: not releasing fd for 13:69, still in use
[  2141.338] (II) UnloadModule: "libinput"
[  2141.339] (II) systemd-logind: not releasing fd for 13:65, still in use
[  2141.339] (II) UnloadModule: "libinput"
[  2141.339] (II) systemd-logind: releasing fd for 13:70
[  2141.368] (II) UnloadModule: "libinput"
[  2141.368] (II) systemd-logind: releasing fd for 13:69
[  2141.371] (II) UnloadModule: "libinput"
[  2141.374] (II) systemd-logind: releasing fd for 13:68
[  2141.379] (II) UnloadModule: "libinput"
[  2141.382] (II) systemd-logind: releasing fd for 13:67
[  2141.389] (II) UnloadModule: "libinput"
[  2141.394] (II) systemd-logind: releasing fd for 13:66
[  2141.399] (II) UnloadModule: "libinput"
[  2141.400] (II) systemd-logind: releasing fd for 13:65
[  2141.406] (II) UnloadModule: "libinput"
[  2141.409] (II) systemd-logind: releasing fd for 13:64
[  2141.472] (II) Server terminated successfully (0). Closing log file.
